2021-03-03 10:38:39.529 [main] DEBUG org.mybatis.spring.mapper.ClassPathMapperScanner -[scanCandidateComponents] Line:435- Identified candidate component class: file [D:\IntelliJIDEA\IdeaProject\datascourcespring\excpro-data-comment\target\classes\com\zkr\excprodatacomment\mapper\CommnetEntityMapper.class]
2021-03-03 10:38:39.532 [main] DEBUG org.mybatis.spring.mapper.ClassPathMapperScanner -[scanCandidateComponents] Line:435- Identified candidate component class: file [D:\IntelliJIDEA\IdeaProject\datascourcespring\excpro-data-comment\target\classes\com\zkr\excprodatacomment\mapper\TablesAllNameMapper.class]
2021-03-03 10:38:39.533 [main] DEBUG org.mybatis.spring.mapper.ClassPathMapperScanner -[processBeanDefinitions] Line:180- Creating MapperFactoryBean with name 'commnetEntityMapper' and 'com.zkr.excprodatacomment.mapper.CommnetEntityMapper' mapperInterface
2021-03-03 10:38:39.536 [main] DEBUG org.mybatis.spring.mapper.ClassPathMapperScanner -[processBeanDefinitions] Line:216- Enabling autowire by type for MapperFactoryBean with name 'commnetEntityMapper'.
2021-03-03 10:38:39.537 [main] DEBUG org.mybatis.spring.mapper.ClassPathMapperScanner -[processBeanDefinitions] Line:180- Creating MapperFactoryBean with name 'tablesAllNameMapper' and 'com.zkr.excprodatacomment.mapper.TablesAllNameMapper' mapperInterface
2021-03-03 10:38:39.537 [main] DEBUG org.mybatis.spring.mapper.ClassPathMapperScanner -[processBeanDefinitions] Line:216- Enabling autowire by type for MapperFactoryBean with name 'tablesAllNameMapper'.
2021-03-03 10:45:28.597 [main] DEBUG org.mybatis.spring.mapper.ClassPathMapperScanner -[scanCandidateComponents] Line:435- Identified candidate component class: file [D:\IntelliJIDEA\IdeaProject\datascourcespring\excpro-data-comment\target\classes\com\zkr\excprodatacomment\mapper\CommnetEntityMapper.class]
2021-03-03 10:45:28.598 [main] DEBUG org.mybatis.spring.mapper.ClassPathMapperScanner -[scanCandidateComponents] Line:435- Identified candidate component class: file [D:\IntelliJIDEA\IdeaProject\datascourcespring\excpro-data-comment\target\classes\com\zkr\excprodatacomment\mapper\TablesAllNameMapper.class]
2021-03-03 10:45:28.600 [main] DEBUG org.mybatis.spring.mapper.ClassPathMapperScanner -[processBeanDefinitions] Line:180- Creating MapperFactoryBean with name 'commnetEntityMapper' and 'com.zkr.excprodatacomment.mapper.CommnetEntityMapper' mapperInterface
2021-03-03 10:45:28.603 [main] DEBUG org.mybatis.spring.mapper.ClassPathMapperScanner -[processBeanDefinitions] Line:216- Enabling autowire by type for MapperFactoryBean with name 'commnetEntityMapper'.
2021-03-03 10:45:28.604 [main] DEBUG org.mybatis.spring.mapper.ClassPathMapperScanner -[processBeanDefinitions] Line:180- Creating MapperFactoryBean with name 'tablesAllNameMapper' and 'com.zkr.excprodatacomment.mapper.TablesAllNameMapper' mapperInterface
2021-03-03 10:45:28.604 [main] DEBUG org.mybatis.spring.mapper.ClassPathMapperScanner -[processBeanDefinitions] Line:216- Enabling autowire by type for MapperFactoryBean with name 'tablesAllNameMapper'.
2021-03-03 10:50:01.438 [main] DEBUG org.mybatis.spring.mapper.ClassPathMapperScanner -[scanCandidateComponents] Line:435- Identified candidate component class: file [D:\IntelliJIDEA\IdeaProject\datascourcespring\excpro-data-comment\target\classes\com\zkr\excprodatacomment\mapper\CommnetEntityMapper.class]
2021-03-03 10:50:01.439 [main] DEBUG org.mybatis.spring.mapper.ClassPathMapperScanner -[scanCandidateComponents] Line:435- Identified candidate component class: file [D:\IntelliJIDEA\IdeaProject\datascourcespring\excpro-data-comment\target\classes\com\zkr\excprodatacomment\mapper\TablesAllNameMapper.class]
2021-03-03 10:50:01.441 [main] DEBUG org.mybatis.spring.mapper.ClassPathMapperScanner -[processBeanDefinitions] Line:180- Creating MapperFactoryBean with name 'commnetEntityMapper' and 'com.zkr.excprodatacomment.mapper.CommnetEntityMapper' mapperInterface
2021-03-03 10:50:01.444 [main] DEBUG org.mybatis.spring.mapper.ClassPathMapperScanner -[processBeanDefinitions] Line:216- Enabling autowire by type for MapperFactoryBean with name 'commnetEntityMapper'.
2021-03-03 10:50:01.445 [main] DEBUG org.mybatis.spring.mapper.ClassPathMapperScanner -[processBeanDefinitions] Line:180- Creating MapperFactoryBean with name 'tablesAllNameMapper' and 'com.zkr.excprodatacomment.mapper.TablesAllNameMapper' mapperInterface
2021-03-03 10:50:01.445 [main] DEBUG org.mybatis.spring.mapper.ClassPathMapperScanner -[processBeanDefinitions] Line:216- Enabling autowire by type for MapperFactoryBean with name 'tablesAllNameMapper'.
2021-03-03 10:53:57.312 [main] DEBUG org.mybatis.spring.mapper.ClassPathMapperScanner -[scanCandidateComponents] Line:435- Identified candidate component class: file [D:\IntelliJIDEA\IdeaProject\datascourcespring\excpro-data-comment\target\classes\com\zkr\excprodatacomment\mapper\CommnetEntityMapper.class]
2021-03-03 10:53:57.313 [main] DEBUG org.mybatis.spring.mapper.ClassPathMapperScanner -[scanCandidateComponents] Line:435- Identified candidate component class: file [D:\IntelliJIDEA\IdeaProject\datascourcespring\excpro-data-comment\target\classes\com\zkr\excprodatacomment\mapper\TablesAllNameMapper.class]
2021-03-03 10:53:57.314 [main] DEBUG org.mybatis.spring.mapper.ClassPathMapperScanner -[processBeanDefinitions] Line:180- Creating MapperFactoryBean with name 'commnetEntityMapper' and 'com.zkr.excprodatacomment.mapper.CommnetEntityMapper' mapperInterface
2021-03-03 10:53:57.317 [main] DEBUG org.mybatis.spring.mapper.ClassPathMapperScanner -[processBeanDefinitions] Line:216- Enabling autowire by type for MapperFactoryBean with name 'commnetEntityMapper'.
2021-03-03 10:53:57.318 [main] DEBUG org.mybatis.spring.mapper.ClassPathMapperScanner -[processBeanDefinitions] Line:180- Creating MapperFactoryBean with name 'tablesAllNameMapper' and 'com.zkr.excprodatacomment.mapper.TablesAllNameMapper' mapperInterface
2021-03-03 10:53:57.319 [main] DEBUG org.mybatis.spring.mapper.ClassPathMapperScanner -[processBeanDefinitions] Line:216- Enabling autowire by type for MapperFactoryBean with name 'tablesAllNameMapper'.
2021-03-03 11:09:17.194 [main] DEBUG org.mybatis.spring.mapper.ClassPathMapperScanner -[scanCandidateComponents] Line:435- Identified candidate component class: file [D:\IntelliJIDEA\IdeaProject\datascourcespring\excpro-data-comment\target\classes\com\zkr\excprodatacomment\mapper\CommnetEntityMapper.class]
2021-03-03 11:09:17.196 [main] DEBUG org.mybatis.spring.mapper.ClassPathMapperScanner -[scanCandidateComponents] Line:435- Identified candidate component class: file [D:\IntelliJIDEA\IdeaProject\datascourcespring\excpro-data-comment\target\classes\com\zkr\excprodatacomment\mapper\TablesAllNameMapper.class]
2021-03-03 11:09:17.197 [main] DEBUG org.mybatis.spring.mapper.ClassPathMapperScanner -[processBeanDefinitions] Line:180- Creating MapperFactoryBean with name 'commnetEntityMapper' and 'com.zkr.excprodatacomment.mapper.CommnetEntityMapper' mapperInterface
2021-03-03 11:09:17.199 [main] DEBUG org.mybatis.spring.mapper.ClassPathMapperScanner -[processBeanDefinitions] Line:216- Enabling autowire by type for MapperFactoryBean with name 'commnetEntityMapper'.
2021-03-03 11:09:17.199 [main] DEBUG org.mybatis.spring.mapper.ClassPathMapperScanner -[processBeanDefinitions] Line:180- Creating MapperFactoryBean with name 'tablesAllNameMapper' and 'com.zkr.excprodatacomment.mapper.TablesAllNameMapper' mapperInterface
2021-03-03 11:09:17.200 [main] DEBUG org.mybatis.spring.mapper.ClassPathMapperScanner -[processBeanDefinitions] Line:216- Enabling autowire by type for MapperFactoryBean with name 'tablesAllNameMapper'.
2021-03-03 11:29:32.615 [main] DEBUG org.mybatis.spring.mapper.ClassPathMapperScanner -[scanCandidateComponents] Line:435- Identified candidate component class: file [D:\IntelliJIDEA\IdeaProject\datascourcespring\excpro-data-comment\target\classes\com\zkr\excprodatacomment\mapper\CommnetEntityMapper.class]
2021-03-03 11:29:32.616 [main] DEBUG org.mybatis.spring.mapper.ClassPathMapperScanner -[scanCandidateComponents] Line:435- Identified candidate component class: file [D:\IntelliJIDEA\IdeaProject\datascourcespring\excpro-data-comment\target\classes\com\zkr\excprodatacomment\mapper\TablesAllNameMapper.class]
2021-03-03 11:29:32.617 [main] DEBUG org.mybatis.spring.mapper.ClassPathMapperScanner -[processBeanDefinitions] Line:180- Creating MapperFactoryBean with name 'commnetEntityMapper' and 'com.zkr.excprodatacomment.mapper.CommnetEntityMapper' mapperInterface
2021-03-03 11:29:32.619 [main] DEBUG org.mybatis.spring.mapper.ClassPathMapperScanner -[processBeanDefinitions] Line:216- Enabling autowire by type for MapperFactoryBean with name 'commnetEntityMapper'.
2021-03-03 11:29:32.619 [main] DEBUG org.mybatis.spring.mapper.ClassPathMapperScanner -[processBeanDefinitions] Line:180- Creating MapperFactoryBean with name 'tablesAllNameMapper' and 'com.zkr.excprodatacomment.mapper.TablesAllNameMapper' mapperInterface
2021-03-03 11:29:32.620 [main] DEBUG org.mybatis.spring.mapper.ClassPathMapperScanner -[processBeanDefinitions] Line:216- Enabling autowire by type for MapperFactoryBean with name 'tablesAllNameMapper'.
2021-03-03 11:32:42.405 [main] DEBUG org.mybatis.spring.mapper.ClassPathMapperScanner -[scanCandidateComponents] Line:435- Identified candidate component class: file [D:\IntelliJIDEA\IdeaProject\datascourcespring\excpro-data-comment\target\classes\com\zkr\excprodatacomment\mapper\CommnetEntityMapper.class]
2021-03-03 11:32:42.405 [main] DEBUG org.mybatis.spring.mapper.ClassPathMapperScanner -[scanCandidateComponents] Line:435- Identified candidate component class: file [D:\IntelliJIDEA\IdeaProject\datascourcespring\excpro-data-comment\target\classes\com\zkr\excprodatacomment\mapper\TablesAllNameMapper.class]
2021-03-03 11:32:42.406 [main] DEBUG org.mybatis.spring.mapper.ClassPathMapperScanner -[processBeanDefinitions] Line:180- Creating MapperFactoryBean with name 'commnetEntityMapper' and 'com.zkr.excprodatacomment.mapper.CommnetEntityMapper' mapperInterface
2021-03-03 11:32:42.407 [main] DEBUG org.mybatis.spring.mapper.ClassPathMapperScanner -[processBeanDefinitions] Line:216- Enabling autowire by type for MapperFactoryBean with name 'commnetEntityMapper'.
2021-03-03 11:32:42.408 [main] DEBUG org.mybatis.spring.mapper.ClassPathMapperScanner -[processBeanDefinitions] Line:180- Creating MapperFactoryBean with name 'tablesAllNameMapper' and 'com.zkr.excprodatacomment.mapper.TablesAllNameMapper' mapperInterface
2021-03-03 11:32:42.408 [main] DEBUG org.mybatis.spring.mapper.ClassPathMapperScanner -[processBeanDefinitions] Line:216- Enabling autowire by type for MapperFactoryBean with name 'tablesAllNameMapper'.
2021-03-03 14:17:28.650 [main] DEBUG org.mybatis.spring.mapper.ClassPathMapperScanner -[scanCandidateComponents] Line:435- Identified candidate component class: file [D:\IntelliJIDEA\IdeaProject\datascourcespring\excpro-data-comment\target\classes\com\zkr\excprodatacomment\mapper\CommnetEntityMapper.class]
2021-03-03 14:17:28.651 [main] DEBUG org.mybatis.spring.mapper.ClassPathMapperScanner -[scanCandidateComponents] Line:435- Identified candidate component class: file [D:\IntelliJIDEA\IdeaProject\datascourcespring\excpro-data-comment\target\classes\com\zkr\excprodatacomment\mapper\TablesAllNameMapper.class]
2021-03-03 14:17:28.651 [main] DEBUG org.mybatis.spring.mapper.ClassPathMapperScanner -[processBeanDefinitions] Line:180- Creating MapperFactoryBean with name 'commnetEntityMapper' and 'com.zkr.excprodatacomment.mapper.CommnetEntityMapper' mapperInterface
2021-03-03 14:17:28.653 [main] DEBUG org.mybatis.spring.mapper.ClassPathMapperScanner -[processBeanDefinitions] Line:216- Enabling autowire by type for MapperFactoryBean with name 'commnetEntityMapper'.
2021-03-03 14:17:28.653 [main] DEBUG org.mybatis.spring.mapper.ClassPathMapperScanner -[processBeanDefinitions] Line:180- Creating MapperFactoryBean with name 'tablesAllNameMapper' and 'com.zkr.excprodatacomment.mapper.TablesAllNameMapper' mapperInterface
2021-03-03 14:17:28.654 [main] DEBUG org.mybatis.spring.mapper.ClassPathMapperScanner -[processBeanDefinitions] Line:216- Enabling autowire by type for MapperFactoryBean with name 'tablesAllNameMapper'.
2021-03-03 14:20:10.243 [main] DEBUG org.mybatis.spring.mapper.ClassPathMapperScanner -[scanCandidateComponents] Line:435- Identified candidate component class: file [D:\IntelliJIDEA\IdeaProject\datascourcespring\excpro-data-comment\target\classes\com\zkr\excprodatacomment\mapper\CommnetEntityMapper.class]
2021-03-03 14:20:10.243 [main] DEBUG org.mybatis.spring.mapper.ClassPathMapperScanner -[scanCandidateComponents] Line:435- Identified candidate component class: file [D:\IntelliJIDEA\IdeaProject\datascourcespring\excpro-data-comment\target\classes\com\zkr\excprodatacomment\mapper\TablesAllNameMapper.class]
2021-03-03 14:20:10.244 [main] DEBUG org.mybatis.spring.mapper.ClassPathMapperScanner -[processBeanDefinitions] Line:180- Creating MapperFactoryBean with name 'commnetEntityMapper' and 'com.zkr.excprodatacomment.mapper.CommnetEntityMapper' mapperInterface
2021-03-03 14:20:10.246 [main] DEBUG org.mybatis.spring.mapper.ClassPathMapperScanner -[processBeanDefinitions] Line:216- Enabling autowire by type for MapperFactoryBean with name 'commnetEntityMapper'.
2021-03-03 14:20:10.247 [main] DEBUG org.mybatis.spring.mapper.ClassPathMapperScanner -[processBeanDefinitions] Line:180- Creating MapperFactoryBean with name 'tablesAllNameMapper' and 'com.zkr.excprodatacomment.mapper.TablesAllNameMapper' mapperInterface
2021-03-03 14:20:10.247 [main] DEBUG org.mybatis.spring.mapper.ClassPathMapperScanner -[processBeanDefinitions] Line:216- Enabling autowire by type for MapperFactoryBean with name 'tablesAllNameMapper'.
2021-03-03 14:22:08.438 [main] DEBUG org.mybatis.spring.mapper.ClassPathMapperScanner -[scanCandidateComponents] Line:435- Identified candidate component class: file [D:\IntelliJIDEA\IdeaProject\datascourcespring\excpro-data-comment\target\classes\com\zkr\excprodatacomment\mapper\CommnetEntityMapper.class]
2021-03-03 14:22:08.438 [main] DEBUG org.mybatis.spring.mapper.ClassPathMapperScanner -[scanCandidateComponents] Line:435- Identified candidate component class: file [D:\IntelliJIDEA\IdeaProject\datascourcespring\excpro-data-comment\target\classes\com\zkr\excprodatacomment\mapper\TablesAllNameMapper.class]
2021-03-03 14:22:08.439 [main] DEBUG org.mybatis.spring.mapper.ClassPathMapperScanner -[processBeanDefinitions] Line:180- Creating MapperFactoryBean with name 'commnetEntityMapper' and 'com.zkr.excprodatacomment.mapper.CommnetEntityMapper' mapperInterface
2021-03-03 14:22:08.440 [main] DEBUG org.mybatis.spring.mapper.ClassPathMapperScanner -[processBeanDefinitions] Line:216- Enabling autowire by type for MapperFactoryBean with name 'commnetEntityMapper'.
2021-03-03 14:22:08.441 [main] DEBUG org.mybatis.spring.mapper.ClassPathMapperScanner -[processBeanDefinitions] Line:180- Creating MapperFactoryBean with name 'tablesAllNameMapper' and 'com.zkr.excprodatacomment.mapper.TablesAllNameMapper' mapperInterface
2021-03-03 14:22:08.441 [main] DEBUG org.mybatis.spring.mapper.ClassPathMapperScanner -[processBeanDefinitions] Line:216- Enabling autowire by type for MapperFactoryBean with name 'tablesAllNameMapper'.
2021-03-03 14:32:57.571 [main] DEBUG org.mybatis.spring.mapper.ClassPathMapperScanner -[scanCandidateComponents] Line:435- Identified candidate component class: file [D:\IntelliJIDEA\IdeaProject\datascourcespring\excpro-data-comment\target\classes\com\zkr\excprodatacomment\mapper\CommnetEntityMapper.class]
2021-03-03 14:32:57.572 [main] DEBUG org.mybatis.spring.mapper.ClassPathMapperScanner -[scanCandidateComponents] Line:435- Identified candidate component class: file [D:\IntelliJIDEA\IdeaProject\datascourcespring\excpro-data-comment\target\classes\com\zkr\excprodatacomment\mapper\TablesAllNameMapper.class]
2021-03-03 14:32:57.573 [main] DEBUG org.mybatis.spring.mapper.ClassPathMapperScanner -[processBeanDefinitions] Line:180- Creating MapperFactoryBean with name 'commnetEntityMapper' and 'com.zkr.excprodatacomment.mapper.CommnetEntityMapper' mapperInterface
2021-03-03 14:32:57.575 [main] DEBUG org.mybatis.spring.mapper.ClassPathMapperScanner -[processBeanDefinitions] Line:216- Enabling autowire by type for MapperFactoryBean with name 'commnetEntityMapper'.
2021-03-03 14:32:57.576 [main] DEBUG org.mybatis.spring.mapper.ClassPathMapperScanner -[processBeanDefinitions] Line:180- Creating MapperFactoryBean with name 'tablesAllNameMapper' and 'com.zkr.excprodatacomment.mapper.TablesAllNameMapper' mapperInterface
2021-03-03 14:32:57.576 [main] DEBUG org.mybatis.spring.mapper.ClassPathMapperScanner -[processBeanDefinitions] Line:216- Enabling autowire by type for MapperFactoryBean with name 'tablesAllNameMapper'.
2021-03-03 14:36:09.780 [main] DEBUG org.mybatis.spring.mapper.ClassPathMapperScanner -[scanCandidateComponents] Line:435- Identified candidate component class: file [D:\IntelliJIDEA\IdeaProject\datascourcespring\excpro-data-comment\target\classes\com\zkr\excprodatacomment\mapper\CommnetEntityMapper.class]
2021-03-03 14:36:09.780 [main] DEBUG org.mybatis.spring.mapper.ClassPathMapperScanner -[scanCandidateComponents] Line:435- Identified candidate component class: file [D:\IntelliJIDEA\IdeaProject\datascourcespring\excpro-data-comment\target\classes\com\zkr\excprodatacomment\mapper\TablesAllNameMapper.class]
2021-03-03 14:36:09.781 [main] DEBUG org.mybatis.spring.mapper.ClassPathMapperScanner -[processBeanDefinitions] Line:180- Creating MapperFactoryBean with name 'commnetEntityMapper' and 'com.zkr.excprodatacomment.mapper.CommnetEntityMapper' mapperInterface
2021-03-03 14:36:09.782 [main] DEBUG org.mybatis.spring.mapper.ClassPathMapperScanner -[processBeanDefinitions] Line:216- Enabling autowire by type for MapperFactoryBean with name 'commnetEntityMapper'.
2021-03-03 14:36:09.783 [main] DEBUG org.mybatis.spring.mapper.ClassPathMapperScanner -[processBeanDefinitions] Line:180- Creating MapperFactoryBean with name 'tablesAllNameMapper' and 'com.zkr.excprodatacomment.mapper.TablesAllNameMapper' mapperInterface
2021-03-03 14:36:09.783 [main] DEBUG org.mybatis.spring.mapper.ClassPathMapperScanner -[processBeanDefinitions] Line:216- Enabling autowire by type for MapperFactoryBean with name 'tablesAllNameMapper'.
2021-03-03 14:38:57.082 [main] DEBUG org.mybatis.spring.mapper.ClassPathMapperScanner -[scanCandidateComponents] Line:435- Identified candidate component class: file [D:\IntelliJIDEA\IdeaProject\datascourcespring\excpro-data-comment\target\classes\com\zkr\excprodatacomment\mapper\CommnetEntityMapper.class]
2021-03-03 14:38:57.082 [main] DEBUG org.mybatis.spring.mapper.ClassPathMapperScanner -[scanCandidateComponents] Line:435- Identified candidate component class: file [D:\IntelliJIDEA\IdeaProject\datascourcespring\excpro-data-comment\target\classes\com\zkr\excprodatacomment\mapper\TablesAllNameMapper.class]
2021-03-03 14:38:57.083 [main] DEBUG org.mybatis.spring.mapper.ClassPathMapperScanner -[processBeanDefinitions] Line:180- Creating MapperFactoryBean with name 'commnetEntityMapper' and 'com.zkr.excprodatacomment.mapper.CommnetEntityMapper' mapperInterface
2021-03-03 14:38:57.084 [main] DEBUG org.mybatis.spring.mapper.ClassPathMapperScanner -[processBeanDefinitions] Line:216- Enabling autowire by type for MapperFactoryBean with name 'commnetEntityMapper'.
2021-03-03 14:38:57.085 [main] DEBUG org.mybatis.spring.mapper.ClassPathMapperScanner -[processBeanDefinitions] Line:180- Creating MapperFactoryBean with name 'tablesAllNameMapper' and 'com.zkr.excprodatacomment.mapper.TablesAllNameMapper' mapperInterface
2021-03-03 14:38:57.085 [main] DEBUG org.mybatis.spring.mapper.ClassPathMapperScanner -[processBeanDefinitions] Line:216- Enabling autowire by type for MapperFactoryBean with name 'tablesAllNameMapper'.
2021-03-03 14:39:56.739 [main] DEBUG org.mybatis.spring.mapper.ClassPathMapperScanner -[scanCandidateComponents] Line:435- Identified candidate component class: file [D:\IntelliJIDEA\IdeaProject\datascourcespring\excpro-data-comment\target\classes\com\zkr\excprodatacomment\mapper\CommnetEntityMapper.class]
2021-03-03 14:39:56.739 [main] DEBUG org.mybatis.spring.mapper.ClassPathMapperScanner -[scanCandidateComponents] Line:435- Identified candidate component class: file [D:\IntelliJIDEA\IdeaProject\datascourcespring\excpro-data-comment\target\classes\com\zkr\excprodatacomment\mapper\TablesAllNameMapper.class]
2021-03-03 14:39:56.740 [main] DEBUG org.mybatis.spring.mapper.ClassPathMapperScanner -[processBeanDefinitions] Line:180- Creating MapperFactoryBean with name 'commnetEntityMapper' and 'com.zkr.excprodatacomment.mapper.CommnetEntityMapper' mapperInterface
2021-03-03 14:39:56.741 [main] DEBUG org.mybatis.spring.mapper.ClassPathMapperScanner -[processBeanDefinitions] Line:216- Enabling autowire by type for MapperFactoryBean with name 'commnetEntityMapper'.
2021-03-03 14:39:56.742 [main] DEBUG org.mybatis.spring.mapper.ClassPathMapperScanner -[processBeanDefinitions] Line:180- Creating MapperFactoryBean with name 'tablesAllNameMapper' and 'com.zkr.excprodatacomment.mapper.TablesAllNameMapper' mapperInterface
2021-03-03 14:39:56.742 [main] DEBUG org.mybatis.spring.mapper.ClassPathMapperScanner -[processBeanDefinitions] Line:216- Enabling autowire by type for MapperFactoryBean with name 'tablesAllNameMapper'.
2021-03-03 14:46:07.336 [main] DEBUG org.mybatis.spring.mapper.ClassPathMapperScanner -[scanCandidateComponents] Line:435- Identified candidate component class: file [D:\IntelliJIDEA\IdeaProject\datascourcespring\excpro-data-comment\target\classes\com\zkr\excprodatacomment\mapper\CommnetEntityMapper.class]
2021-03-03 14:46:07.337 [main] DEBUG org.mybatis.spring.mapper.ClassPathMapperScanner -[scanCandidateComponents] Line:435- Identified candidate component class: file [D:\IntelliJIDEA\IdeaProject\datascourcespring\excpro-data-comment\target\classes\com\zkr\excprodatacomment\mapper\TablesAllNameMapper.class]
2021-03-03 14:46:07.337 [main] DEBUG org.mybatis.spring.mapper.ClassPathMapperScanner -[processBeanDefinitions] Line:180- Creating MapperFactoryBean with name 'commnetEntityMapper' and 'com.zkr.excprodatacomment.mapper.CommnetEntityMapper' mapperInterface
2021-03-03 14:46:07.339 [main] DEBUG org.mybatis.spring.mapper.ClassPathMapperScanner -[processBeanDefinitions] Line:216- Enabling autowire by type for MapperFactoryBean with name 'commnetEntityMapper'.
2021-03-03 14:46:07.339 [main] DEBUG org.mybatis.spring.mapper.ClassPathMapperScanner -[processBeanDefinitions] Line:180- Creating MapperFactoryBean with name 'tablesAllNameMapper' and 'com.zkr.excprodatacomment.mapper.TablesAllNameMapper' mapperInterface
2021-03-03 14:46:07.340 [main] DEBUG org.mybatis.spring.mapper.ClassPathMapperScanner -[processBeanDefinitions] Line:216- Enabling autowire by type for MapperFactoryBean with name 'tablesAllNameMapper'.
2021-03-03 14:52:11.367 [main] DEBUG org.mybatis.spring.mapper.ClassPathMapperScanner -[scanCandidateComponents] Line:435- Identified candidate component class: file [D:\IntelliJIDEA\IdeaProject\datascourcespring\excpro-data-comment\target\classes\com\zkr\excprodatacomment\mapper\CommnetEntityMapper.class]
2021-03-03 14:52:11.368 [main] DEBUG org.mybatis.spring.mapper.ClassPathMapperScanner -[scanCandidateComponents] Line:435- Identified candidate component class: file [D:\IntelliJIDEA\IdeaProject\datascourcespring\excpro-data-comment\target\classes\com\zkr\excprodatacomment\mapper\TablesAllNameMapper.class]
2021-03-03 14:52:11.369 [main] DEBUG org.mybatis.spring.mapper.ClassPathMapperScanner -[processBeanDefinitions] Line:180- Creating MapperFactoryBean with name 'commnetEntityMapper' and 'com.zkr.excprodatacomment.mapper.CommnetEntityMapper' mapperInterface
2021-03-03 14:52:11.370 [main] DEBUG org.mybatis.spring.mapper.ClassPathMapperScanner -[processBeanDefinitions] Line:216- Enabling autowire by type for MapperFactoryBean with name 'commnetEntityMapper'.
2021-03-03 14:52:11.370 [main] DEBUG org.mybatis.spring.mapper.ClassPathMapperScanner -[processBeanDefinitions] Line:180- Creating MapperFactoryBean with name 'tablesAllNameMapper' and 'com.zkr.excprodatacomment.mapper.TablesAllNameMapper' mapperInterface
2021-03-03 14:52:11.370 [main] DEBUG org.mybatis.spring.mapper.ClassPathMapperScanner -[processBeanDefinitions] Line:216- Enabling autowire by type for MapperFactoryBean with name 'tablesAllNameMapper'.
2021-03-03 14:58:17.115 [main] DEBUG org.mybatis.spring.mapper.ClassPathMapperScanner -[scanCandidateComponents] Line:435- Identified candidate component class: file [D:\IntelliJIDEA\IdeaProject\datascourcespring\excpro-data-comment\target\classes\com\zkr\excprodatacomment\mapper\CommnetEntityMapper.class]
2021-03-03 14:58:17.116 [main] DEBUG org.mybatis.spring.mapper.ClassPathMapperScanner -[scanCandidateComponents] Line:435- Identified candidate component class: file [D:\IntelliJIDEA\IdeaProject\datascourcespring\excpro-data-comment\target\classes\com\zkr\excprodatacomment\mapper\TablesAllNameMapper.class]
2021-03-03 14:58:17.117 [main] DEBUG org.mybatis.spring.mapper.ClassPathMapperScanner -[processBeanDefinitions] Line:180- Creating MapperFactoryBean with name 'commnetEntityMapper' and 'com.zkr.excprodatacomment.mapper.CommnetEntityMapper' mapperInterface
2021-03-03 14:58:17.119 [main] DEBUG org.mybatis.spring.mapper.ClassPathMapperScanner -[processBeanDefinitions] Line:216- Enabling autowire by type for MapperFactoryBean with name 'commnetEntityMapper'.
2021-03-03 14:58:17.120 [main] DEBUG org.mybatis.spring.mapper.ClassPathMapperScanner -[processBeanDefinitions] Line:180- Creating MapperFactoryBean with name 'tablesAllNameMapper' and 'com.zkr.excprodatacomment.mapper.TablesAllNameMapper' mapperInterface
2021-03-03 14:58:17.121 [main] DEBUG org.mybatis.spring.mapper.ClassPathMapperScanner -[processBeanDefinitions] Line:216- Enabling autowire by type for MapperFactoryBean with name 'tablesAllNameMapper'.
2021-03-03 15:05:20.833 [main] DEBUG org.mybatis.spring.mapper.ClassPathMapperScanner -[scanCandidateComponents] Line:435- Identified candidate component class: file [D:\IntelliJIDEA\IdeaProject\datascourcespring\excpro-data-comment\target\classes\com\zkr\excprodatacomment\mapper\CommnetEntityMapper.class]
2021-03-03 15:05:20.834 [main] DEBUG org.mybatis.spring.mapper.ClassPathMapperScanner -[scanCandidateComponents] Line:435- Identified candidate component class: file [D:\IntelliJIDEA\IdeaProject\datascourcespring\excpro-data-comment\target\classes\com\zkr\excprodatacomment\mapper\TablesAllNameMapper.class]
2021-03-03 15:05:20.835 [main] DEBUG org.mybatis.spring.mapper.ClassPathMapperScanner -[processBeanDefinitions] Line:180- Creating MapperFactoryBean with name 'commnetEntityMapper' and 'com.zkr.excprodatacomment.mapper.CommnetEntityMapper' mapperInterface
2021-03-03 15:05:20.837 [main] DEBUG org.mybatis.spring.mapper.ClassPathMapperScanner -[processBeanDefinitions] Line:216- Enabling autowire by type for MapperFactoryBean with name 'commnetEntityMapper'.
2021-03-03 15:05:20.837 [main] DEBUG org.mybatis.spring.mapper.ClassPathMapperScanner -[processBeanDefinitions] Line:180- Creating MapperFactoryBean with name 'tablesAllNameMapper' and 'com.zkr.excprodatacomment.mapper.TablesAllNameMapper' mapperInterface
2021-03-03 15:05:20.837 [main] DEBUG org.mybatis.spring.mapper.ClassPathMapperScanner -[processBeanDefinitions] Line:216- Enabling autowire by type for MapperFactoryBean with name 'tablesAllNameMapper'.
2021-03-03 15:18:03.473 [main] DEBUG org.mybatis.spring.mapper.ClassPathMapperScanner -[scanCandidateComponents] Line:435- Identified candidate component class: file [D:\IntelliJIDEA\IdeaProject\datascourcespring\excpro-data-comment\target\classes\com\zkr\excprodatacomment\mapper\CommnetEntityMapper.class]
2021-03-03 15:18:03.473 [main] DEBUG org.mybatis.spring.mapper.ClassPathMapperScanner -[scanCandidateComponents] Line:435- Identified candidate component class: file [D:\IntelliJIDEA\IdeaProject\datascourcespring\excpro-data-comment\target\classes\com\zkr\excprodatacomment\mapper\TablesAllNameMapper.class]
2021-03-03 15:18:03.474 [main] DEBUG org.mybatis.spring.mapper.ClassPathMapperScanner -[processBeanDefinitions] Line:180- Creating MapperFactoryBean with name 'commnetEntityMapper' and 'com.zkr.excprodatacomment.mapper.CommnetEntityMapper' mapperInterface
2021-03-03 15:18:03.476 [main] DEBUG org.mybatis.spring.mapper.ClassPathMapperScanner -[processBeanDefinitions] Line:216- Enabling autowire by type for MapperFactoryBean with name 'commnetEntityMapper'.
2021-03-03 15:18:03.476 [main] DEBUG org.mybatis.spring.mapper.ClassPathMapperScanner -[processBeanDefinitions] Line:180- Creating MapperFactoryBean with name 'tablesAllNameMapper' and 'com.zkr.excprodatacomment.mapper.TablesAllNameMapper' mapperInterface
2021-03-03 15:18:03.476 [main] DEBUG org.mybatis.spring.mapper.ClassPathMapperScanner -[processBeanDefinitions] Line:216- Enabling autowire by type for MapperFactoryBean with name 'tablesAllNameMapper'.
2021-03-03 15:19:41.246 [main] DEBUG org.mybatis.spring.mapper.ClassPathMapperScanner -[scanCandidateComponents] Line:435- Identified candidate component class: file [D:\IntelliJIDEA\IdeaProject\datascourcespring\excpro-data-comment\target\classes\com\zkr\excprodatacomment\mapper\CommnetEntityMapper.class]
2021-03-03 15:19:41.247 [main] DEBUG org.mybatis.spring.mapper.ClassPathMapperScanner -[scanCandidateComponents] Line:435- Identified candidate component class: file [D:\IntelliJIDEA\IdeaProject\datascourcespring\excpro-data-comment\target\classes\com\zkr\excprodatacomment\mapper\TablesAllNameMapper.class]
2021-03-03 15:19:41.247 [main] DEBUG org.mybatis.spring.mapper.ClassPathMapperScanner -[processBeanDefinitions] Line:180- Creating MapperFactoryBean with name 'commnetEntityMapper' and 'com.zkr.excprodatacomment.mapper.CommnetEntityMapper' mapperInterface
2021-03-03 15:19:41.249 [main] DEBUG org.mybatis.spring.mapper.ClassPathMapperScanner -[processBeanDefinitions] Line:216- Enabling autowire by type for MapperFactoryBean with name 'commnetEntityMapper'.
2021-03-03 15:19:41.249 [main] DEBUG org.mybatis.spring.mapper.ClassPathMapperScanner -[processBeanDefinitions] Line:180- Creating MapperFactoryBean with name 'tablesAllNameMapper' and 'com.zkr.excprodatacomment.mapper.TablesAllNameMapper' mapperInterface
2021-03-03 15:19:41.249 [main] DEBUG org.mybatis.spring.mapper.ClassPathMapperScanner -[processBeanDefinitions] Line:216- Enabling autowire by type for MapperFactoryBean with name 'tablesAllNameMapper'.
2021-03-03 15:22:27.380 [main] DEBUG org.mybatis.spring.mapper.ClassPathMapperScanner -[scanCandidateComponents] Line:435- Identified candidate component class: file [D:\IntelliJIDEA\IdeaProject\datascourcespring\excpro-data-comment\target\classes\com\zkr\excprodatacomment\mapper\CommnetEntityMapper.class]
2021-03-03 15:22:27.380 [main] DEBUG org.mybatis.spring.mapper.ClassPathMapperScanner -[scanCandidateComponents] Line:435- Identified candidate component class: file [D:\IntelliJIDEA\IdeaProject\datascourcespring\excpro-data-comment\target\classes\com\zkr\excprodatacomment\mapper\TablesAllNameMapper.class]
2021-03-03 15:22:27.381 [main] DEBUG org.mybatis.spring.mapper.ClassPathMapperScanner -[processBeanDefinitions] Line:180- Creating MapperFactoryBean with name 'commnetEntityMapper' and 'com.zkr.excprodatacomment.mapper.CommnetEntityMapper' mapperInterface
2021-03-03 15:22:27.382 [main] DEBUG org.mybatis.spring.mapper.ClassPathMapperScanner -[processBeanDefinitions] Line:216- Enabling autowire by type for MapperFactoryBean with name 'commnetEntityMapper'.
2021-03-03 15:22:27.383 [main] DEBUG org.mybatis.spring.mapper.ClassPathMapperScanner -[processBeanDefinitions] Line:180- Creating MapperFactoryBean with name 'tablesAllNameMapper' and 'com.zkr.excprodatacomment.mapper.TablesAllNameMapper' mapperInterface
2021-03-03 15:22:27.383 [main] DEBUG org.mybatis.spring.mapper.ClassPathMapperScanner -[processBeanDefinitions] Line:216- Enabling autowire by type for MapperFactoryBean with name 'tablesAllNameMapper'.
2021-03-03 15:28:24.649 [main] DEBUG org.mybatis.spring.mapper.ClassPathMapperScanner -[scanCandidateComponents] Line:435- Identified candidate component class: file [D:\IntelliJIDEA\IdeaProject\datascourcespring\excpro-data-comment\target\classes\com\zkr\excprodatacomment\mapper\CommnetEntityMapper.class]
2021-03-03 15:28:24.649 [main] DEBUG org.mybatis.spring.mapper.ClassPathMapperScanner -[scanCandidateComponents] Line:435- Identified candidate component class: file [D:\IntelliJIDEA\IdeaProject\datascourcespring\excpro-data-comment\target\classes\com\zkr\excprodatacomment\mapper\TablesAllNameMapper.class]
2021-03-03 15:28:24.650 [main] DEBUG org.mybatis.spring.mapper.ClassPathMapperScanner -[processBeanDefinitions] Line:180- Creating MapperFactoryBean with name 'commnetEntityMapper' and 'com.zkr.excprodatacomment.mapper.CommnetEntityMapper' mapperInterface
2021-03-03 15:28:24.651 [main] DEBUG org.mybatis.spring.mapper.ClassPathMapperScanner -[processBeanDefinitions] Line:216- Enabling autowire by type for MapperFactoryBean with name 'commnetEntityMapper'.
2021-03-03 15:28:24.651 [main] DEBUG org.mybatis.spring.mapper.ClassPathMapperScanner -[processBeanDefinitions] Line:180- Creating MapperFactoryBean with name 'tablesAllNameMapper' and 'com.zkr.excprodatacomment.mapper.TablesAllNameMapper' mapperInterface
2021-03-03 15:28:24.652 [main] DEBUG org.mybatis.spring.mapper.ClassPathMapperScanner -[processBeanDefinitions] Line:216- Enabling autowire by type for MapperFactoryBean with name 'tablesAllNameMapper'.
2021-03-03 15:30:00.686 [main] DEBUG org.mybatis.spring.mapper.ClassPathMapperScanner -[scanCandidateComponents] Line:435- Identified candidate component class: file [D:\IntelliJIDEA\IdeaProject\datascourcespring\excpro-data-comment\target\classes\com\zkr\excprodatacomment\mapper\CommnetEntityMapper.class]
2021-03-03 15:30:00.686 [main] DEBUG org.mybatis.spring.mapper.ClassPathMapperScanner -[scanCandidateComponents] Line:435- Identified candidate component class: file [D:\IntelliJIDEA\IdeaProject\datascourcespring\excpro-data-comment\target\classes\com\zkr\excprodatacomment\mapper\TablesAllNameMapper.class]
2021-03-03 15:30:00.687 [main] DEBUG org.mybatis.spring.mapper.ClassPathMapperScanner -[processBeanDefinitions] Line:180- Creating MapperFactoryBean with name 'commnetEntityMapper' and 'com.zkr.excprodatacomment.mapper.CommnetEntityMapper' mapperInterface
2021-03-03 15:30:00.689 [main] DEBUG org.mybatis.spring.mapper.ClassPathMapperScanner -[processBeanDefinitions] Line:216- Enabling autowire by type for MapperFactoryBean with name 'commnetEntityMapper'.
2021-03-03 15:30:00.689 [main] DEBUG org.mybatis.spring.mapper.ClassPathMapperScanner -[processBeanDefinitions] Line:180- Creating MapperFactoryBean with name 'tablesAllNameMapper' and 'com.zkr.excprodatacomment.mapper.TablesAllNameMapper' mapperInterface
2021-03-03 15:30:00.689 [main] DEBUG org.mybatis.spring.mapper.ClassPathMapperScanner -[processBeanDefinitions] Line:216- Enabling autowire by type for MapperFactoryBean with name 'tablesAllNameMapper'.
2021-03-03 15:34:49.425 [main] DEBUG org.mybatis.spring.mapper.ClassPathMapperScanner -[scanCandidateComponents] Line:435- Identified candidate component class: file [D:\IntelliJIDEA\IdeaProject\datascourcespring\excpro-data-comment\target\classes\com\zkr\excprodatacomment\mapper\CommnetEntityMapper.class]
2021-03-03 15:34:49.426 [main] DEBUG org.mybatis.spring.mapper.ClassPathMapperScanner -[scanCandidateComponents] Line:435- Identified candidate component class: file [D:\IntelliJIDEA\IdeaProject\datascourcespring\excpro-data-comment\target\classes\com\zkr\excprodatacomment\mapper\TablesAllNameMapper.class]
2021-03-03 15:34:49.427 [main] DEBUG org.mybatis.spring.mapper.ClassPathMapperScanner -[processBeanDefinitions] Line:180- Creating MapperFactoryBean with name 'commnetEntityMapper' and 'com.zkr.excprodatacomment.mapper.CommnetEntityMapper' mapperInterface
2021-03-03 15:34:49.429 [main] DEBUG org.mybatis.spring.mapper.ClassPathMapperScanner -[processBeanDefinitions] Line:216- Enabling autowire by type for MapperFactoryBean with name 'commnetEntityMapper'.
2021-03-03 15:34:49.429 [main] DEBUG org.mybatis.spring.mapper.ClassPathMapperScanner -[processBeanDefinitions] Line:180- Creating MapperFactoryBean with name 'tablesAllNameMapper' and 'com.zkr.excprodatacomment.mapper.TablesAllNameMapper' mapperInterface
2021-03-03 15:34:49.429 [main] DEBUG org.mybatis.spring.mapper.ClassPathMapperScanner -[processBeanDefinitions] Line:216- Enabling autowire by type for MapperFactoryBean with name 'tablesAllNameMapper'.
2021-03-03 15:35:51.032 [main] DEBUG org.mybatis.spring.mapper.ClassPathMapperScanner -[scanCandidateComponents] Line:435- Identified candidate component class: file [D:\IntelliJIDEA\IdeaProject\datascourcespring\excpro-data-comment\target\classes\com\zkr\excprodatacomment\mapper\CommnetEntityMapper.class]
2021-03-03 15:35:51.033 [main] DEBUG org.mybatis.spring.mapper.ClassPathMapperScanner -[scanCandidateComponents] Line:435- Identified candidate component class: file [D:\IntelliJIDEA\IdeaProject\datascourcespring\excpro-data-comment\target\classes\com\zkr\excprodatacomment\mapper\TablesAllNameMapper.class]
2021-03-03 15:35:51.034 [main] DEBUG org.mybatis.spring.mapper.ClassPathMapperScanner -[processBeanDefinitions] Line:180- Creating MapperFactoryBean with name 'commnetEntityMapper' and 'com.zkr.excprodatacomment.mapper.CommnetEntityMapper' mapperInterface
2021-03-03 15:35:51.036 [main] DEBUG org.mybatis.spring.mapper.ClassPathMapperScanner -[processBeanDefinitions] Line:216- Enabling autowire by type for MapperFactoryBean with name 'commnetEntityMapper'.
2021-03-03 15:35:51.036 [main] DEBUG org.mybatis.spring.mapper.ClassPathMapperScanner -[processBeanDefinitions] Line:180- Creating MapperFactoryBean with name 'tablesAllNameMapper' and 'com.zkr.excprodatacomment.mapper.TablesAllNameMapper' mapperInterface
2021-03-03 15:35:51.036 [main] DEBUG org.mybatis.spring.mapper.ClassPathMapperScanner -[processBeanDefinitions] Line:216- Enabling autowire by type for MapperFactoryBean with name 'tablesAllNameMapper'.
2021-03-03 15:36:36.315 [main] DEBUG org.mybatis.spring.mapper.ClassPathMapperScanner -[scanCandidateComponents] Line:435- Identified candidate component class: file [D:\IntelliJIDEA\IdeaProject\datascourcespring\excpro-data-comment\target\classes\com\zkr\excprodatacomment\mapper\CommnetEntityMapper.class]
2021-03-03 15:36:36.316 [main] DEBUG org.mybatis.spring.mapper.ClassPathMapperScanner -[scanCandidateComponents] Line:435- Identified candidate component class: file [D:\IntelliJIDEA\IdeaProject\datascourcespring\excpro-data-comment\target\classes\com\zkr\excprodatacomment\mapper\TablesAllNameMapper.class]
2021-03-03 15:36:36.316 [main] DEBUG org.mybatis.spring.mapper.ClassPathMapperScanner -[processBeanDefinitions] Line:180- Creating MapperFactoryBean with name 'commnetEntityMapper' and 'com.zkr.excprodatacomment.mapper.CommnetEntityMapper' mapperInterface
2021-03-03 15:36:36.318 [main] DEBUG org.mybatis.spring.mapper.ClassPathMapperScanner -[processBeanDefinitions] Line:216- Enabling autowire by type for MapperFactoryBean with name 'commnetEntityMapper'.
2021-03-03 15:36:36.318 [main] DEBUG org.mybatis.spring.mapper.ClassPathMapperScanner -[processBeanDefinitions] Line:180- Creating MapperFactoryBean with name 'tablesAllNameMapper' and 'com.zkr.excprodatacomment.mapper.TablesAllNameMapper' mapperInterface
2021-03-03 15:36:36.318 [main] DEBUG org.mybatis.spring.mapper.ClassPathMapperScanner -[processBeanDefinitions] Line:216- Enabling autowire by type for MapperFactoryBean with name 'tablesAllNameMapper'.
2021-03-03 15:37:15.215 [main] DEBUG org.mybatis.spring.mapper.ClassPathMapperScanner -[scanCandidateComponents] Line:435- Identified candidate component class: file [D:\IntelliJIDEA\IdeaProject\datascourcespring\excpro-data-comment\target\classes\com\zkr\excprodatacomment\mapper\CommnetEntityMapper.class]
2021-03-03 15:37:15.216 [main] DEBUG org.mybatis.spring.mapper.ClassPathMapperScanner -[scanCandidateComponents] Line:435- Identified candidate component class: file [D:\IntelliJIDEA\IdeaProject\datascourcespring\excpro-data-comment\target\classes\com\zkr\excprodatacomment\mapper\TablesAllNameMapper.class]
2021-03-03 15:37:15.217 [main] DEBUG org.mybatis.spring.mapper.ClassPathMapperScanner -[processBeanDefinitions] Line:180- Creating MapperFactoryBean with name 'commnetEntityMapper' and 'com.zkr.excprodatacomment.mapper.CommnetEntityMapper' mapperInterface
2021-03-03 15:37:15.221 [main] DEBUG org.mybatis.spring.mapper.ClassPathMapperScanner -[processBeanDefinitions] Line:216- Enabling autowire by type for MapperFactoryBean with name 'commnetEntityMapper'.
2021-03-03 15:37:15.222 [main] DEBUG org.mybatis.spring.mapper.ClassPathMapperScanner -[processBeanDefinitions] Line:180- Creating MapperFactoryBean with name 'tablesAllNameMapper' and 'com.zkr.excprodatacomment.mapper.TablesAllNameMapper' mapperInterface
2021-03-03 15:37:15.223 [main] DEBUG org.mybatis.spring.mapper.ClassPathMapperScanner -[processBeanDefinitions] Line:216- Enabling autowire by type for MapperFactoryBean with name 'tablesAllNameMapper'.
2021-03-03 15:52:44.743 [main] DEBUG org.mybatis.spring.mapper.ClassPathMapperScanner -[scanCandidateComponents] Line:435- Identified candidate component class: file [D:\IntelliJIDEA\IdeaProject\datascourcespring\excpro-data-comment\target\classes\com\zkr\excprodatacomment\mapper\CommnetEntityMapper.class]
2021-03-03 15:52:44.744 [main] DEBUG org.mybatis.spring.mapper.ClassPathMapperScanner -[scanCandidateComponents] Line:435- Identified candidate component class: file [D:\IntelliJIDEA\IdeaProject\datascourcespring\excpro-data-comment\target\classes\com\zkr\excprodatacomment\mapper\TablesAllNameMapper.class]
2021-03-03 15:52:44.745 [main] DEBUG org.mybatis.spring.mapper.ClassPathMapperScanner -[processBeanDefinitions] Line:180- Creating MapperFactoryBean with name 'commnetEntityMapper' and 'com.zkr.excprodatacomment.mapper.CommnetEntityMapper' mapperInterface
2021-03-03 15:52:44.746 [main] DEBUG org.mybatis.spring.mapper.ClassPathMapperScanner -[processBeanDefinitions] Line:216- Enabling autowire by type for MapperFactoryBean with name 'commnetEntityMapper'.
2021-03-03 15:52:44.747 [main] DEBUG org.mybatis.spring.mapper.ClassPathMapperScanner -[processBeanDefinitions] Line:180- Creating MapperFactoryBean with name 'tablesAllNameMapper' and 'com.zkr.excprodatacomment.mapper.TablesAllNameMapper' mapperInterface
2021-03-03 15:52:44.747 [main] DEBUG org.mybatis.spring.mapper.ClassPathMapperScanner -[processBeanDefinitions] Line:216- Enabling autowire by type for MapperFactoryBean with name 'tablesAllNameMapper'.
2021-03-03 16:21:41.664 [main] DEBUG org.mybatis.spring.mapper.ClassPathMapperScanner -[scanCandidateComponents] Line:435- Identified candidate component class: file [D:\IntelliJIDEA\IdeaProject\datascourcespring\excpro-data-comment\target\classes\com\zkr\excprodatacomment\mapper\CommnetEntityMapper.class]
2021-03-03 16:21:41.664 [main] DEBUG org.mybatis.spring.mapper.ClassPathMapperScanner -[scanCandidateComponents] Line:435- Identified candidate component class: file [D:\IntelliJIDEA\IdeaProject\datascourcespring\excpro-data-comment\target\classes\com\zkr\excprodatacomment\mapper\TablesAllNameMapper.class]
2021-03-03 16:21:41.666 [main] DEBUG org.mybatis.spring.mapper.ClassPathMapperScanner -[processBeanDefinitions] Line:180- Creating MapperFactoryBean with name 'commnetEntityMapper' and 'com.zkr.excprodatacomment.mapper.CommnetEntityMapper' mapperInterface
2021-03-03 16:21:41.669 [main] DEBUG org.mybatis.spring.mapper.ClassPathMapperScanner -[processBeanDefinitions] Line:216- Enabling autowire by type for MapperFactoryBean with name 'commnetEntityMapper'.
2021-03-03 16:21:41.670 [main] DEBUG org.mybatis.spring.mapper.ClassPathMapperScanner -[processBeanDefinitions] Line:180- Creating MapperFactoryBean with name 'tablesAllNameMapper' and 'com.zkr.excprodatacomment.mapper.TablesAllNameMapper' mapperInterface
2021-03-03 16:21:41.670 [main] DEBUG org.mybatis.spring.mapper.ClassPathMapperScanner -[processBeanDefinitions] Line:216- Enabling autowire by type for MapperFactoryBean with name 'tablesAllNameMapper'.
2021-03-03 16:30:04.102 [main] DEBUG org.mybatis.spring.mapper.ClassPathMapperScanner -[scanCandidateComponents] Line:435- Identified candidate component class: file [D:\IntelliJIDEA\IdeaProject\datascourcespring\excpro-data-comment\target\classes\com\zkr\excprodatacomment\mapper\CommnetEntityMapper.class]
2021-03-03 16:30:04.103 [main] DEBUG org.mybatis.spring.mapper.ClassPathMapperScanner -[scanCandidateComponents] Line:435- Identified candidate component class: file [D:\IntelliJIDEA\IdeaProject\datascourcespring\excpro-data-comment\target\classes\com\zkr\excprodatacomment\mapper\TablesAllNameMapper.class]
2021-03-03 16:30:04.104 [main] DEBUG org.mybatis.spring.mapper.ClassPathMapperScanner -[processBeanDefinitions] Line:180- Creating MapperFactoryBean with name 'commnetEntityMapper' and 'com.zkr.excprodatacomment.mapper.CommnetEntityMapper' mapperInterface
2021-03-03 16:30:04.106 [main] DEBUG org.mybatis.spring.mapper.ClassPathMapperScanner -[processBeanDefinitions] Line:216- Enabling autowire by type for MapperFactoryBean with name 'commnetEntityMapper'.
2021-03-03 16:30:04.107 [main] DEBUG org.mybatis.spring.mapper.ClassPathMapperScanner -[processBeanDefinitions] Line:180- Creating MapperFactoryBean with name 'tablesAllNameMapper' and 'com.zkr.excprodatacomment.mapper.TablesAllNameMapper' mapperInterface
2021-03-03 16:30:04.107 [main] DEBUG org.mybatis.spring.mapper.ClassPathMapperScanner -[processBeanDefinitions] Line:216- Enabling autowire by type for MapperFactoryBean with name 'tablesAllNameMapper'.
2021-03-03 16:40:35.296 [main] DEBUG org.mybatis.spring.mapper.ClassPathMapperScanner -[scanCandidateComponents] Line:435- Identified candidate component class: file [D:\IntelliJIDEA\IdeaProject\datascourcespring\excpro-data-comment\target\classes\com\zkr\excprodatacomment\mapper\CommnetEntityMapper.class]
2021-03-03 16:40:35.296 [main] DEBUG org.mybatis.spring.mapper.ClassPathMapperScanner -[scanCandidateComponents] Line:435- Identified candidate component class: file [D:\IntelliJIDEA\IdeaProject\datascourcespring\excpro-data-comment\target\classes\com\zkr\excprodatacomment\mapper\TablesAllNameMapper.class]
2021-03-03 16:40:35.297 [main] DEBUG org.mybatis.spring.mapper.ClassPathMapperScanner -[processBeanDefinitions] Line:180- Creating MapperFactoryBean with name 'commnetEntityMapper' and 'com.zkr.excprodatacomment.mapper.CommnetEntityMapper' mapperInterface
2021-03-03 16:40:35.299 [main] DEBUG org.mybatis.spring.mapper.ClassPathMapperScanner -[processBeanDefinitions] Line:216- Enabling autowire by type for MapperFactoryBean with name 'commnetEntityMapper'.
2021-03-03 16:40:35.300 [main] DEBUG org.mybatis.spring.mapper.ClassPathMapperScanner -[processBeanDefinitions] Line:180- Creating MapperFactoryBean with name 'tablesAllNameMapper' and 'com.zkr.excprodatacomment.mapper.TablesAllNameMapper' mapperInterface
2021-03-03 16:40:35.301 [main] DEBUG org.mybatis.spring.mapper.ClassPathMapperScanner -[processBeanDefinitions] Line:216- Enabling autowire by type for MapperFactoryBean with name 'tablesAllNameMapper'.
2021-03-03 16:42:54.614 [main] DEBUG org.mybatis.spring.mapper.ClassPathMapperScanner -[scanCandidateComponents] Line:435- Identified candidate component class: file [D:\IntelliJIDEA\IdeaProject\datascourcespring\excpro-data-comment\target\classes\com\zkr\excprodatacomment\mapper\CommnetEntityMapper.class]
2021-03-03 16:42:54.615 [main] DEBUG org.mybatis.spring.mapper.ClassPathMapperScanner -[scanCandidateComponents] Line:435- Identified candidate component class: file [D:\IntelliJIDEA\IdeaProject\datascourcespring\excpro-data-comment\target\classes\com\zkr\excprodatacomment\mapper\TablesAllNameMapper.class]
2021-03-03 16:42:54.616 [main] DEBUG org.mybatis.spring.mapper.ClassPathMapperScanner -[processBeanDefinitions] Line:180- Creating MapperFactoryBean with name 'commnetEntityMapper' and 'com.zkr.excprodatacomment.mapper.CommnetEntityMapper' mapperInterface
2021-03-03 16:42:54.618 [main] DEBUG org.mybatis.spring.mapper.ClassPathMapperScanner -[processBeanDefinitions] Line:216- Enabling autowire by type for MapperFactoryBean with name 'commnetEntityMapper'.
2021-03-03 16:42:54.619 [main] DEBUG org.mybatis.spring.mapper.ClassPathMapperScanner -[processBeanDefinitions] Line:180- Creating MapperFactoryBean with name 'tablesAllNameMapper' and 'com.zkr.excprodatacomment.mapper.TablesAllNameMapper' mapperInterface
2021-03-03 16:42:54.619 [main] DEBUG org.mybatis.spring.mapper.ClassPathMapperScanner -[processBeanDefinitions] Line:216- Enabling autowire by type for MapperFactoryBean with name 'tablesAllNameMapper'.
2021-03-03 16:52:16.649 [main] DEBUG org.mybatis.spring.mapper.ClassPathMapperScanner -[scanCandidateComponents] Line:435- Identified candidate component class: file [D:\IntelliJIDEA\IdeaProject\datascourcespring\excpro-data-comment\target\classes\com\zkr\excprodatacomment\mapper\CommnetEntityMapper.class]
2021-03-03 16:52:16.650 [main] DEBUG org.mybatis.spring.mapper.ClassPathMapperScanner -[scanCandidateComponents] Line:435- Identified candidate component class: file [D:\IntelliJIDEA\IdeaProject\datascourcespring\excpro-data-comment\target\classes\com\zkr\excprodatacomment\mapper\TablesAllNameMapper.class]
2021-03-03 16:52:16.651 [main] DEBUG org.mybatis.spring.mapper.ClassPathMapperScanner -[processBeanDefinitions] Line:180- Creating MapperFactoryBean with name 'commnetEntityMapper' and 'com.zkr.excprodatacomment.mapper.CommnetEntityMapper' mapperInterface
2021-03-03 16:52:16.653 [main] DEBUG org.mybatis.spring.mapper.ClassPathMapperScanner -[processBeanDefinitions] Line:216- Enabling autowire by type for MapperFactoryBean with name 'commnetEntityMapper'.
2021-03-03 16:52:16.653 [main] DEBUG org.mybatis.spring.mapper.ClassPathMapperScanner -[processBeanDefinitions] Line:180- Creating MapperFactoryBean with name 'tablesAllNameMapper' and 'com.zkr.excprodatacomment.mapper.TablesAllNameMapper' mapperInterface
2021-03-03 16:52:16.654 [main] DEBUG org.mybatis.spring.mapper.ClassPathMapperScanner -[processBeanDefinitions] Line:216- Enabling autowire by type for MapperFactoryBean with name 'tablesAllNameMapper'.
2021-03-03 16:57:05.003 [main] DEBUG org.mybatis.spring.mapper.ClassPathMapperScanner -[scanCandidateComponents] Line:435- Identified candidate component class: file [D:\IntelliJIDEA\IdeaProject\datascourcespring\excpro-data-comment\target\classes\com\zkr\excprodatacomment\mapper\CommnetEntityMapper.class]
2021-03-03 16:57:05.004 [main] DEBUG org.mybatis.spring.mapper.ClassPathMapperScanner -[scanCandidateComponents] Line:435- Identified candidate component class: file [D:\IntelliJIDEA\IdeaProject\datascourcespring\excpro-data-comment\target\classes\com\zkr\excprodatacomment\mapper\TablesAllNameMapper.class]
2021-03-03 16:57:05.004 [main] DEBUG org.mybatis.spring.mapper.ClassPathMapperScanner -[processBeanDefinitions] Line:180- Creating MapperFactoryBean with name 'commnetEntityMapper' and 'com.zkr.excprodatacomment.mapper.CommnetEntityMapper' mapperInterface
2021-03-03 16:57:05.006 [main] DEBUG org.mybatis.spring.mapper.ClassPathMapperScanner -[processBeanDefinitions] Line:216- Enabling autowire by type for MapperFactoryBean with name 'commnetEntityMapper'.
2021-03-03 16:57:05.007 [main] DEBUG org.mybatis.spring.mapper.ClassPathMapperScanner -[processBeanDefinitions] Line:180- Creating MapperFactoryBean with name 'tablesAllNameMapper' and 'com.zkr.excprodatacomment.mapper.TablesAllNameMapper' mapperInterface
2021-03-03 16:57:05.007 [main] DEBUG org.mybatis.spring.mapper.ClassPathMapperScanner -[processBeanDefinitions] Line:216- Enabling autowire by type for MapperFactoryBean with name 'tablesAllNameMapper'.
2021-03-03 17:31:54.606 [main] DEBUG org.mybatis.spring.mapper.ClassPathMapperScanner -[scanCandidateComponents] Line:435- Identified candidate component class: file [D:\IntelliJIDEA\IdeaProject\datascourcespring\excpro-data-comment\target\classes\com\zkr\excprodatacomment\mapper\CommnetEntityMapper.class]
2021-03-03 17:31:54.607 [main] DEBUG org.mybatis.spring.mapper.ClassPathMapperScanner -[scanCandidateComponents] Line:435- Identified candidate component class: file [D:\IntelliJIDEA\IdeaProject\datascourcespring\excpro-data-comment\target\classes\com\zkr\excprodatacomment\mapper\TablesAllNameMapper.class]
2021-03-03 17:31:54.608 [main] DEBUG org.mybatis.spring.mapper.ClassPathMapperScanner -[processBeanDefinitions] Line:180- Creating MapperFactoryBean with name 'commnetEntityMapper' and 'com.zkr.excprodatacomment.mapper.CommnetEntityMapper' mapperInterface
2021-03-03 17:31:54.611 [main] DEBUG org.mybatis.spring.mapper.ClassPathMapperScanner -[processBeanDefinitions] Line:216- Enabling autowire by type for MapperFactoryBean with name 'commnetEntityMapper'.
2021-03-03 17:31:54.612 [main] DEBUG org.mybatis.spring.mapper.ClassPathMapperScanner -[processBeanDefinitions] Line:180- Creating MapperFactoryBean with name 'tablesAllNameMapper' and 'com.zkr.excprodatacomment.mapper.TablesAllNameMapper' mapperInterface
2021-03-03 17:31:54.613 [main] DEBUG org.mybatis.spring.mapper.ClassPathMapperScanner -[processBeanDefinitions] Line:216- Enabling autowire by type for MapperFactoryBean with name 'tablesAllNameMapper'.
2021-03-03 19:01:21.477 [main] DEBUG org.mybatis.spring.mapper.ClassPathMapperScanner -[scanCandidateComponents] Line:435- Identified candidate component class: file [D:\IntelliJIDEA\IdeaProject\datascourcespring\excpro-data-comment\target\classes\com\zkr\excprodatacomment\mapper\CommnetEntityMapper.class]
2021-03-03 19:01:21.478 [main] DEBUG org.mybatis.spring.mapper.ClassPathMapperScanner -[scanCandidateComponents] Line:435- Identified candidate component class: file [D:\IntelliJIDEA\IdeaProject\datascourcespring\excpro-data-comment\target\classes\com\zkr\excprodatacomment\mapper\TablesAllNameMapper.class]
2021-03-03 19:01:21.479 [main] DEBUG org.mybatis.spring.mapper.ClassPathMapperScanner -[processBeanDefinitions] Line:180- Creating MapperFactoryBean with name 'commnetEntityMapper' and 'com.zkr.excprodatacomment.mapper.CommnetEntityMapper' mapperInterface
2021-03-03 19:01:21.492 [main] DEBUG org.mybatis.spring.mapper.ClassPathMapperScanner -[processBeanDefinitions] Line:216- Enabling autowire by type for MapperFactoryBean with name 'commnetEntityMapper'.
2021-03-03 19:01:21.494 [main] DEBUG org.mybatis.spring.mapper.ClassPathMapperScanner -[processBeanDefinitions] Line:180- Creating MapperFactoryBean with name 'tablesAllNameMapper' and 'com.zkr.excprodatacomment.mapper.TablesAllNameMapper' mapperInterface
2021-03-03 19:01:21.495 [main] DEBUG org.mybatis.spring.mapper.ClassPathMapperScanner -[processBeanDefinitions] Line:216- Enabling autowire by type for MapperFactoryBean with name 'tablesAllNameMapper'.
2021-03-03 19:08:26.147 [main] DEBUG org.mybatis.spring.mapper.ClassPathMapperScanner -[scanCandidateComponents] Line:435- Identified candidate component class: file [D:\IntelliJIDEA\IdeaProject\datascourcespring\excpro-data-comment\target\classes\com\zkr\excprodatacomment\mapper\CommnetEntityMapper.class]
2021-03-03 19:08:26.148 [main] DEBUG org.mybatis.spring.mapper.ClassPathMapperScanner -[scanCandidateComponents] Line:435- Identified candidate component class: file [D:\IntelliJIDEA\IdeaProject\datascourcespring\excpro-data-comment\target\classes\com\zkr\excprodatacomment\mapper\TablesAllNameMapper.class]
2021-03-03 19:08:26.150 [main] DEBUG org.mybatis.spring.mapper.ClassPathMapperScanner -[processBeanDefinitions] Line:180- Creating MapperFactoryBean with name 'commnetEntityMapper' and 'com.zkr.excprodatacomment.mapper.CommnetEntityMapper' mapperInterface
2021-03-03 19:08:26.152 [main] DEBUG org.mybatis.spring.mapper.ClassPathMapperScanner -[processBeanDefinitions] Line:216- Enabling autowire by type for MapperFactoryBean with name 'commnetEntityMapper'.
2021-03-03 19:08:26.153 [main] DEBUG org.mybatis.spring.mapper.ClassPathMapperScanner -[processBeanDefinitions] Line:180- Creating MapperFactoryBean with name 'tablesAllNameMapper' and 'com.zkr.excprodatacomment.mapper.TablesAllNameMapper' mapperInterface
2021-03-03 19:08:26.154 [main] DEBUG org.mybatis.spring.mapper.ClassPathMapperScanner -[processBeanDefinitions] Line:216- Enabling autowire by type for MapperFactoryBean with name 'tablesAllNameMapper'.
