2021-03-04 14:29:13.043 [main] DEBUG org.mybatis.spring.mapper.ClassPathMapperScanner -[scanCandidateComponents] Line:435- Identified candidate component class: file [D:\IntelliJIDEA\IdeaProject\datascourcespring\excpro-data-comment\target\classes\com\zkr\excprodatacomment\mapper\CommnetEntityMapper.class]
2021-03-04 14:29:13.045 [main] DEBUG org.mybatis.spring.mapper.ClassPathMapperScanner -[scanCandidateComponents] Line:435- Identified candidate component class: file [D:\IntelliJIDEA\IdeaProject\datascourcespring\excpro-data-comment\target\classes\com\zkr\excprodatacomment\mapper\TablesAllNameMapper.class]
2021-03-04 14:29:13.046 [main] DEBUG org.mybatis.spring.mapper.ClassPathMapperScanner -[processBeanDefinitions] Line:180- Creating MapperFactoryBean with name 'commnetEntityMapper' and 'com.zkr.excprodatacomment.mapper.CommnetEntityMapper' mapperInterface
2021-03-04 14:29:13.049 [main] DEBUG org.mybatis.spring.mapper.ClassPathMapperScanner -[processBeanDefinitions] Line:216- Enabling autowire by type for MapperFactoryBean with name 'commnetEntityMapper'.
2021-03-04 14:29:13.049 [main] DEBUG org.mybatis.spring.mapper.ClassPathMapperScanner -[processBeanDefinitions] Line:180- Creating MapperFactoryBean with name 'tablesAllNameMapper' and 'com.zkr.excprodatacomment.mapper.TablesAllNameMapper' mapperInterface
2021-03-04 14:29:13.049 [main] DEBUG org.mybatis.spring.mapper.ClassPathMapperScanner -[processBeanDefinitions] Line:216- Enabling autowire by type for MapperFactoryBean with name 'tablesAllNameMapper'.
2021-03-04 14:43:02.529 [main] DEBUG org.mybatis.spring.mapper.ClassPathMapperScanner -[scanCandidateComponents] Line:435- Identified candidate component class: file [D:\IntelliJIDEA\IdeaProject\datascourcespring\excpro-data-comment\target\classes\com\zkr\excprodatacomment\mapper\CommnetEntityMapper.class]
2021-03-04 14:43:02.530 [main] DEBUG org.mybatis.spring.mapper.ClassPathMapperScanner -[scanCandidateComponents] Line:435- Identified candidate component class: file [D:\IntelliJIDEA\IdeaProject\datascourcespring\excpro-data-comment\target\classes\com\zkr\excprodatacomment\mapper\TablesAllNameMapper.class]
2021-03-04 14:43:02.531 [main] DEBUG org.mybatis.spring.mapper.ClassPathMapperScanner -[processBeanDefinitions] Line:180- Creating MapperFactoryBean with name 'commnetEntityMapper' and 'com.zkr.excprodatacomment.mapper.CommnetEntityMapper' mapperInterface
2021-03-04 14:43:02.534 [main] DEBUG org.mybatis.spring.mapper.ClassPathMapperScanner -[processBeanDefinitions] Line:216- Enabling autowire by type for MapperFactoryBean with name 'commnetEntityMapper'.
2021-03-04 14:43:02.535 [main] DEBUG org.mybatis.spring.mapper.ClassPathMapperScanner -[processBeanDefinitions] Line:180- Creating MapperFactoryBean with name 'tablesAllNameMapper' and 'com.zkr.excprodatacomment.mapper.TablesAllNameMapper' mapperInterface
2021-03-04 14:43:02.536 [main] DEBUG org.mybatis.spring.mapper.ClassPathMapperScanner -[processBeanDefinitions] Line:216- Enabling autowire by type for MapperFactoryBean with name 'tablesAllNameMapper'.
2021-03-04 15:17:04.352 [main] DEBUG org.mybatis.spring.mapper.ClassPathMapperScanner -[scanCandidateComponents] Line:435- Identified candidate component class: file [D:\IntelliJIDEA\IdeaProject\datascourcespring\excpro-data-comment\target\classes\com\zkr\excprodatacomment\mapper\CommnetEntityMapper.class]
2021-03-04 15:17:04.353 [main] DEBUG org.mybatis.spring.mapper.ClassPathMapperScanner -[scanCandidateComponents] Line:435- Identified candidate component class: file [D:\IntelliJIDEA\IdeaProject\datascourcespring\excpro-data-comment\target\classes\com\zkr\excprodatacomment\mapper\TablesAllNameMapper.class]
2021-03-04 15:17:04.354 [main] DEBUG org.mybatis.spring.mapper.ClassPathMapperScanner -[processBeanDefinitions] Line:180- Creating MapperFactoryBean with name 'commnetEntityMapper' and 'com.zkr.excprodatacomment.mapper.CommnetEntityMapper' mapperInterface
2021-03-04 15:17:04.356 [main] DEBUG org.mybatis.spring.mapper.ClassPathMapperScanner -[processBeanDefinitions] Line:216- Enabling autowire by type for MapperFactoryBean with name 'commnetEntityMapper'.
2021-03-04 15:17:04.357 [main] DEBUG org.mybatis.spring.mapper.ClassPathMapperScanner -[processBeanDefinitions] Line:180- Creating MapperFactoryBean with name 'tablesAllNameMapper' and 'com.zkr.excprodatacomment.mapper.TablesAllNameMapper' mapperInterface
2021-03-04 15:17:04.357 [main] DEBUG org.mybatis.spring.mapper.ClassPathMapperScanner -[processBeanDefinitions] Line:216- Enabling autowire by type for MapperFactoryBean with name 'tablesAllNameMapper'.
2021-03-04 15:18:35.652 [main] DEBUG org.mybatis.spring.mapper.ClassPathMapperScanner -[scanCandidateComponents] Line:435- Identified candidate component class: file [D:\IntelliJIDEA\IdeaProject\datascourcespring\excpro-data-comment\target\classes\com\zkr\excprodatacomment\mapper\CommnetEntityMapper.class]
2021-03-04 15:18:35.653 [main] DEBUG org.mybatis.spring.mapper.ClassPathMapperScanner -[scanCandidateComponents] Line:435- Identified candidate component class: file [D:\IntelliJIDEA\IdeaProject\datascourcespring\excpro-data-comment\target\classes\com\zkr\excprodatacomment\mapper\TablesAllNameMapper.class]
2021-03-04 15:18:35.653 [main] DEBUG org.mybatis.spring.mapper.ClassPathMapperScanner -[processBeanDefinitions] Line:180- Creating MapperFactoryBean with name 'commnetEntityMapper' and 'com.zkr.excprodatacomment.mapper.CommnetEntityMapper' mapperInterface
2021-03-04 15:18:35.655 [main] DEBUG org.mybatis.spring.mapper.ClassPathMapperScanner -[processBeanDefinitions] Line:216- Enabling autowire by type for MapperFactoryBean with name 'commnetEntityMapper'.
2021-03-04 15:18:35.655 [main] DEBUG org.mybatis.spring.mapper.ClassPathMapperScanner -[processBeanDefinitions] Line:180- Creating MapperFactoryBean with name 'tablesAllNameMapper' and 'com.zkr.excprodatacomment.mapper.TablesAllNameMapper' mapperInterface
2021-03-04 15:18:35.656 [main] DEBUG org.mybatis.spring.mapper.ClassPathMapperScanner -[processBeanDefinitions] Line:216- Enabling autowire by type for MapperFactoryBean with name 'tablesAllNameMapper'.
2021-03-04 15:25:25.192 [main] DEBUG org.mybatis.spring.mapper.ClassPathMapperScanner -[scanCandidateComponents] Line:435- Identified candidate component class: file [D:\IntelliJIDEA\IdeaProject\datascourcespring\excpro-data-comment\target\classes\com\zkr\excprodatacomment\mapper\CommnetEntityMapper.class]
2021-03-04 15:25:25.192 [main] DEBUG org.mybatis.spring.mapper.ClassPathMapperScanner -[scanCandidateComponents] Line:435- Identified candidate component class: file [D:\IntelliJIDEA\IdeaProject\datascourcespring\excpro-data-comment\target\classes\com\zkr\excprodatacomment\mapper\TablesAllNameMapper.class]
2021-03-04 15:25:25.193 [main] DEBUG org.mybatis.spring.mapper.ClassPathMapperScanner -[processBeanDefinitions] Line:180- Creating MapperFactoryBean with name 'commnetEntityMapper' and 'com.zkr.excprodatacomment.mapper.CommnetEntityMapper' mapperInterface
2021-03-04 15:25:25.195 [main] DEBUG org.mybatis.spring.mapper.ClassPathMapperScanner -[processBeanDefinitions] Line:216- Enabling autowire by type for MapperFactoryBean with name 'commnetEntityMapper'.
2021-03-04 15:25:25.195 [main] DEBUG org.mybatis.spring.mapper.ClassPathMapperScanner -[processBeanDefinitions] Line:180- Creating MapperFactoryBean with name 'tablesAllNameMapper' and 'com.zkr.excprodatacomment.mapper.TablesAllNameMapper' mapperInterface
2021-03-04 15:25:25.195 [main] DEBUG org.mybatis.spring.mapper.ClassPathMapperScanner -[processBeanDefinitions] Line:216- Enabling autowire by type for MapperFactoryBean with name 'tablesAllNameMapper'.
2021-03-04 17:20:59.348 [main] DEBUG org.mybatis.spring.mapper.ClassPathMapperScanner -[scanCandidateComponents] Line:435- Identified candidate component class: file [D:\IntelliJIDEA\IdeaProject\datascourcespring\excpro-data-comment\target\classes\com\zkr\excprodatacomment\mapper\CommnetEntityMapper.class]
2021-03-04 17:20:59.348 [main] DEBUG org.mybatis.spring.mapper.ClassPathMapperScanner -[scanCandidateComponents] Line:435- Identified candidate component class: file [D:\IntelliJIDEA\IdeaProject\datascourcespring\excpro-data-comment\target\classes\com\zkr\excprodatacomment\mapper\TablesAllNameMapper.class]
2021-03-04 17:20:59.349 [main] DEBUG org.mybatis.spring.mapper.ClassPathMapperScanner -[processBeanDefinitions] Line:180- Creating MapperFactoryBean with name 'commnetEntityMapper' and 'com.zkr.excprodatacomment.mapper.CommnetEntityMapper' mapperInterface
2021-03-04 17:20:59.352 [main] DEBUG org.mybatis.spring.mapper.ClassPathMapperScanner -[processBeanDefinitions] Line:216- Enabling autowire by type for MapperFactoryBean with name 'commnetEntityMapper'.
2021-03-04 17:20:59.353 [main] DEBUG org.mybatis.spring.mapper.ClassPathMapperScanner -[processBeanDefinitions] Line:180- Creating MapperFactoryBean with name 'tablesAllNameMapper' and 'com.zkr.excprodatacomment.mapper.TablesAllNameMapper' mapperInterface
2021-03-04 17:20:59.354 [main] DEBUG org.mybatis.spring.mapper.ClassPathMapperScanner -[processBeanDefinitions] Line:216- Enabling autowire by type for MapperFactoryBean with name 'tablesAllNameMapper'.
2021-03-04 17:55:33.282 [main] DEBUG org.mybatis.spring.mapper.ClassPathMapperScanner -[scanCandidateComponents] Line:435- Identified candidate component class: file [D:\IntelliJIDEA\IdeaProject\datascourcespring\excpro-data-comment\target\classes\com\zkr\excprodatacomment\mapper\CommnetEntityMapper.class]
2021-03-04 17:55:33.287 [main] DEBUG org.mybatis.spring.mapper.ClassPathMapperScanner -[scanCandidateComponents] Line:435- Identified candidate component class: file [D:\IntelliJIDEA\IdeaProject\datascourcespring\excpro-data-comment\target\classes\com\zkr\excprodatacomment\mapper\SearchCloumnsMeaasgeMapper.class]
2021-03-04 17:55:33.290 [main] DEBUG org.mybatis.spring.mapper.ClassPathMapperScanner -[scanCandidateComponents] Line:435- Identified candidate component class: file [D:\IntelliJIDEA\IdeaProject\datascourcespring\excpro-data-comment\target\classes\com\zkr\excprodatacomment\mapper\TablesAllNameMapper.class]
2021-03-04 17:55:33.291 [main] DEBUG org.mybatis.spring.mapper.ClassPathMapperScanner -[processBeanDefinitions] Line:180- Creating MapperFactoryBean with name 'commnetEntityMapper' and 'com.zkr.excprodatacomment.mapper.CommnetEntityMapper' mapperInterface
2021-03-04 17:55:33.298 [main] DEBUG org.mybatis.spring.mapper.ClassPathMapperScanner -[processBeanDefinitions] Line:216- Enabling autowire by type for MapperFactoryBean with name 'commnetEntityMapper'.
2021-03-04 17:55:33.299 [main] DEBUG org.mybatis.spring.mapper.ClassPathMapperScanner -[processBeanDefinitions] Line:180- Creating MapperFactoryBean with name 'searchCloumnsMeaasgeMapper' and 'com.zkr.excprodatacomment.mapper.SearchCloumnsMeaasgeMapper' mapperInterface
2021-03-04 17:55:33.299 [main] DEBUG org.mybatis.spring.mapper.ClassPathMapperScanner -[processBeanDefinitions] Line:216- Enabling autowire by type for MapperFactoryBean with name 'searchCloumnsMeaasgeMapper'.
2021-03-04 17:55:33.303 [main] DEBUG org.mybatis.spring.mapper.ClassPathMapperScanner -[processBeanDefinitions] Line:180- Creating MapperFactoryBean with name 'tablesAllNameMapper' and 'com.zkr.excprodatacomment.mapper.TablesAllNameMapper' mapperInterface
2021-03-04 17:55:33.305 [main] DEBUG org.mybatis.spring.mapper.ClassPathMapperScanner -[processBeanDefinitions] Line:216- Enabling autowire by type for MapperFactoryBean with name 'tablesAllNameMapper'.
2021-03-04 17:57:52.857 [main] DEBUG org.mybatis.spring.mapper.ClassPathMapperScanner -[scanCandidateComponents] Line:435- Identified candidate component class: file [D:\IntelliJIDEA\IdeaProject\datascourcespring\excpro-data-comment\target\classes\com\zkr\excprodatacomment\mapper\CommnetEntityMapper.class]
2021-03-04 17:57:52.858 [main] DEBUG org.mybatis.spring.mapper.ClassPathMapperScanner -[scanCandidateComponents] Line:435- Identified candidate component class: file [D:\IntelliJIDEA\IdeaProject\datascourcespring\excpro-data-comment\target\classes\com\zkr\excprodatacomment\mapper\SearchCloumnsMeaasgeMapper.class]
2021-03-04 17:57:52.859 [main] DEBUG org.mybatis.spring.mapper.ClassPathMapperScanner -[scanCandidateComponents] Line:435- Identified candidate component class: file [D:\IntelliJIDEA\IdeaProject\datascourcespring\excpro-data-comment\target\classes\com\zkr\excprodatacomment\mapper\TablesAllNameMapper.class]
2021-03-04 17:57:52.860 [main] DEBUG org.mybatis.spring.mapper.ClassPathMapperScanner -[processBeanDefinitions] Line:180- Creating MapperFactoryBean with name 'commnetEntityMapper' and 'com.zkr.excprodatacomment.mapper.CommnetEntityMapper' mapperInterface
2021-03-04 17:57:52.862 [main] DEBUG org.mybatis.spring.mapper.ClassPathMapperScanner -[processBeanDefinitions] Line:216- Enabling autowire by type for MapperFactoryBean with name 'commnetEntityMapper'.
2021-03-04 17:57:52.863 [main] DEBUG org.mybatis.spring.mapper.ClassPathMapperScanner -[processBeanDefinitions] Line:180- Creating MapperFactoryBean with name 'searchCloumnsMeaasgeMapper' and 'com.zkr.excprodatacomment.mapper.SearchCloumnsMeaasgeMapper' mapperInterface
2021-03-04 17:57:52.864 [main] DEBUG org.mybatis.spring.mapper.ClassPathMapperScanner -[processBeanDefinitions] Line:216- Enabling autowire by type for MapperFactoryBean with name 'searchCloumnsMeaasgeMapper'.
2021-03-04 17:57:52.864 [main] DEBUG org.mybatis.spring.mapper.ClassPathMapperScanner -[processBeanDefinitions] Line:180- Creating MapperFactoryBean with name 'tablesAllNameMapper' and 'com.zkr.excprodatacomment.mapper.TablesAllNameMapper' mapperInterface
2021-03-04 17:57:52.865 [main] DEBUG org.mybatis.spring.mapper.ClassPathMapperScanner -[processBeanDefinitions] Line:216- Enabling autowire by type for MapperFactoryBean with name 'tablesAllNameMapper'.
2021-03-04 18:01:52.945 [main] DEBUG org.mybatis.spring.mapper.ClassPathMapperScanner -[scanCandidateComponents] Line:435- Identified candidate component class: file [D:\IntelliJIDEA\IdeaProject\datascourcespring\excpro-data-comment\target\classes\com\zkr\excprodatacomment\mapper\CommnetEntityMapper.class]
2021-03-04 18:01:52.946 [main] DEBUG org.mybatis.spring.mapper.ClassPathMapperScanner -[scanCandidateComponents] Line:435- Identified candidate component class: file [D:\IntelliJIDEA\IdeaProject\datascourcespring\excpro-data-comment\target\classes\com\zkr\excprodatacomment\mapper\SearchCloumnsMeaasgeMapper.class]
2021-03-04 18:01:52.947 [main] DEBUG org.mybatis.spring.mapper.ClassPathMapperScanner -[scanCandidateComponents] Line:435- Identified candidate component class: file [D:\IntelliJIDEA\IdeaProject\datascourcespring\excpro-data-comment\target\classes\com\zkr\excprodatacomment\mapper\TablesAllNameMapper.class]
2021-03-04 18:01:52.948 [main] DEBUG org.mybatis.spring.mapper.ClassPathMapperScanner -[processBeanDefinitions] Line:180- Creating MapperFactoryBean with name 'commnetEntityMapper' and 'com.zkr.excprodatacomment.mapper.CommnetEntityMapper' mapperInterface
2021-03-04 18:01:52.950 [main] DEBUG org.mybatis.spring.mapper.ClassPathMapperScanner -[processBeanDefinitions] Line:216- Enabling autowire by type for MapperFactoryBean with name 'commnetEntityMapper'.
2021-03-04 18:01:52.954 [main] DEBUG org.mybatis.spring.mapper.ClassPathMapperScanner -[processBeanDefinitions] Line:180- Creating MapperFactoryBean with name 'searchCloumnsMeaasgeMapper' and 'com.zkr.excprodatacomment.mapper.SearchCloumnsMeaasgeMapper' mapperInterface
2021-03-04 18:01:52.955 [main] DEBUG org.mybatis.spring.mapper.ClassPathMapperScanner -[processBeanDefinitions] Line:216- Enabling autowire by type for MapperFactoryBean with name 'searchCloumnsMeaasgeMapper'.
2021-03-04 18:01:52.955 [main] DEBUG org.mybatis.spring.mapper.ClassPathMapperScanner -[processBeanDefinitions] Line:180- Creating MapperFactoryBean with name 'tablesAllNameMapper' and 'com.zkr.excprodatacomment.mapper.TablesAllNameMapper' mapperInterface
2021-03-04 18:01:52.955 [main] DEBUG org.mybatis.spring.mapper.ClassPathMapperScanner -[processBeanDefinitions] Line:216- Enabling autowire by type for MapperFactoryBean with name 'tablesAllNameMapper'.
