2021-03-05 10:00:35.751 [main] INFO  c.z.excprodatacomment.ExcproDataCommentApplication -[logStarting] Line:55 - Starting ExcproDataCommentApplication using Java 1.8.0_131 on DESKTOP-107VFNM with PID 1424 (D:\IntelliJIDEA\IdeaProject\datascourcespring\excpro-data-comment\target\classes started by hebiy in D:\IntelliJIDEA\IdeaProject\datascourcespring)
2021-03-05 10:00:35.771 [main] INFO  c.z.excprodatacomment.ExcproDataCommentApplication -[logStartupProfileInfo] Line:660- No active profile set, falling back to default profiles: default
2021-03-05 10:00:42.881 [main] INFO  c.z.excprodatacomment.ExcproDataCommentApplication -[logStarted] Line:61 - Started ExcproDataCommentApplication in 8.415 seconds (JVM running for 12.841)
2021-03-05 10:00:50.614 [http-nio-8989-exec-2] INFO  c.z.e.controller.SearchCloumnMeaasgeData -[toSearchPage] Line:29 - 到达全文检索特殊字符页面....
2021-03-05 10:19:32.462 [main] INFO  c.z.excprodatacomment.ExcproDataCommentApplication -[logStarting] Line:55 - Starting ExcproDataCommentApplication using Java 1.8.0_131 on DESKTOP-107VFNM with PID 16876 (D:\IntelliJIDEA\IdeaProject\datascourcespring\excpro-data-comment\target\classes started by hebiy in D:\IntelliJIDEA\IdeaProject\datascourcespring)
2021-03-05 10:19:32.486 [main] INFO  c.z.excprodatacomment.ExcproDataCommentApplication -[logStartupProfileInfo] Line:660- No active profile set, falling back to default profiles: default
2021-03-05 10:19:39.120 [main] INFO  c.z.excprodatacomment.ExcproDataCommentApplication -[logStarted] Line:61 - Started ExcproDataCommentApplication in 8.452 seconds (JVM running for 12.312)
2021-03-05 10:20:16.487 [http-nio-8989-exec-2] INFO  c.z.e.controller.SearchCloumnMeaasgeData -[toSearchPage] Line:28 - 到达全文检索特殊字符页面....
2021-03-05 10:20:16.488 [http-nio-8989-exec-2] INFO  c.z.e.controller.SearchCloumnMeaasgeData -[toSearchPage] Line:29 - 进行全文检索脚本执行.....
2021-03-05 10:20:17.068 [http-nio-8989-exec-2] INFO  c.z.e.controller.SearchCloumnMeaasgeData -[toSearchPage] Line:39 - 脚本执行失败....
2021-03-05 10:20:17.069 [http-nio-8989-exec-2] INFO  c.z.e.controller.SearchCloumnMeaasgeData -[toSearchPage] Line:41 - 开始查询匹配信息返回...
2021-03-05 10:36:20.593 [main] INFO  c.z.excprodatacomment.ExcproDataCommentApplication -[logStarting] Line:55 - Starting ExcproDataCommentApplication using Java 1.8.0_131 on DESKTOP-107VFNM with PID 13148 (D:\IntelliJIDEA\IdeaProject\datascourcespring\excpro-data-comment\target\classes started by hebiy in D:\IntelliJIDEA\IdeaProject\datascourcespring)
2021-03-05 10:36:20.610 [main] INFO  c.z.excprodatacomment.ExcproDataCommentApplication -[logStartupProfileInfo] Line:660- No active profile set, falling back to default profiles: default
2021-03-05 10:36:30.910 [main] INFO  c.z.excprodatacomment.ExcproDataCommentApplication -[logStarted] Line:61 - Started ExcproDataCommentApplication in 11.968 seconds (JVM running for 16.043)
2021-03-05 10:36:31.797 [http-nio-8989-exec-1] INFO  c.z.e.controller.SearchCloumnMeaasgeData -[toSearchPage] Line:28 - 到达全文检索特殊字符页面....
2021-03-05 10:36:31.798 [http-nio-8989-exec-1] INFO  c.z.e.controller.SearchCloumnMeaasgeData -[toSearchPage] Line:29 - 开始查询匹配信息返回...
2021-03-05 10:46:10.026 [main] INFO  c.z.excprodatacomment.ExcproDataCommentApplication -[logStarting] Line:55 - Starting ExcproDataCommentApplication using Java 1.8.0_131 on DESKTOP-107VFNM with PID 9292 (D:\IntelliJIDEA\IdeaProject\datascourcespring\excpro-data-comment\target\classes started by hebiy in D:\IntelliJIDEA\IdeaProject\datascourcespring)
2021-03-05 10:46:10.037 [main] INFO  c.z.excprodatacomment.ExcproDataCommentApplication -[logStartupProfileInfo] Line:660- No active profile set, falling back to default profiles: default
2021-03-05 10:46:16.910 [main] INFO  c.z.excprodatacomment.ExcproDataCommentApplication -[logStarted] Line:61 - Started ExcproDataCommentApplication in 8.659 seconds (JVM running for 11.752)
2021-03-05 10:46:35.312 [http-nio-8989-exec-1] INFO  c.z.e.controller.SearchCloumnMeaasgeData -[toSearchPage] Line:29 - 到达全文检索特殊字符页面....
2021-03-05 10:46:35.312 [http-nio-8989-exec-1] INFO  c.z.e.controller.SearchCloumnMeaasgeData -[toSearchPage] Line:30 - 开始查询匹配信息返回...
2021-03-05 10:48:06.519 [http-nio-8989-exec-3] INFO  c.z.e.controller.SearchCloumnMeaasgeData -[toSearchPage] Line:29 - 到达全文检索特殊字符页面....
2021-03-05 10:48:06.520 [http-nio-8989-exec-3] INFO  c.z.e.controller.SearchCloumnMeaasgeData -[toSearchPage] Line:30 - 开始查询匹配信息返回...
2021-03-05 10:48:58.265 [http-nio-8989-exec-7] INFO  c.z.e.controller.SearchCloumnMeaasgeData -[toSearchPage] Line:29 - 到达全文检索特殊字符页面....
2021-03-05 10:48:58.265 [http-nio-8989-exec-7] INFO  c.z.e.controller.SearchCloumnMeaasgeData -[toSearchPage] Line:30 - 开始查询匹配信息返回...
2021-03-05 12:18:32.233 [http-nio-8989-exec-9] INFO  c.z.e.controller.SearchCloumnMeaasgeData -[toSearchPage] Line:29 - 到达全文检索特殊字符页面....
2021-03-05 12:18:32.234 [http-nio-8989-exec-9] INFO  c.z.e.controller.SearchCloumnMeaasgeData -[toSearchPage] Line:30 - 开始查询匹配信息返回...
2021-03-05 12:18:33.539 [http-nio-8989-exec-4] INFO  c.z.e.controller.SearchCloumnMeaasgeData -[toSearchPage] Line:29 - 到达全文检索特殊字符页面....
2021-03-05 12:18:33.540 [http-nio-8989-exec-4] INFO  c.z.e.controller.SearchCloumnMeaasgeData -[toSearchPage] Line:30 - 开始查询匹配信息返回...
2021-03-05 12:18:34.091 [http-nio-8989-exec-3] INFO  c.z.e.controller.SearchCloumnMeaasgeData -[toSearchPage] Line:29 - 到达全文检索特殊字符页面....
2021-03-05 12:18:34.092 [http-nio-8989-exec-3] INFO  c.z.e.controller.SearchCloumnMeaasgeData -[toSearchPage] Line:30 - 开始查询匹配信息返回...
2021-03-05 12:18:34.273 [http-nio-8989-exec-5] INFO  c.z.e.controller.SearchCloumnMeaasgeData -[toSearchPage] Line:29 - 到达全文检索特殊字符页面....
2021-03-05 12:18:34.274 [http-nio-8989-exec-5] INFO  c.z.e.controller.SearchCloumnMeaasgeData -[toSearchPage] Line:30 - 开始查询匹配信息返回...
2021-03-05 12:18:34.446 [http-nio-8989-exec-6] INFO  c.z.e.controller.SearchCloumnMeaasgeData -[toSearchPage] Line:29 - 到达全文检索特殊字符页面....
2021-03-05 12:18:34.447 [http-nio-8989-exec-6] INFO  c.z.e.controller.SearchCloumnMeaasgeData -[toSearchPage] Line:30 - 开始查询匹配信息返回...
2021-03-05 12:18:34.602 [http-nio-8989-exec-7] INFO  c.z.e.controller.SearchCloumnMeaasgeData -[toSearchPage] Line:29 - 到达全文检索特殊字符页面....
2021-03-05 12:18:34.602 [http-nio-8989-exec-7] INFO  c.z.e.controller.SearchCloumnMeaasgeData -[toSearchPage] Line:30 - 开始查询匹配信息返回...
2021-03-05 12:18:34.767 [http-nio-8989-exec-8] INFO  c.z.e.controller.SearchCloumnMeaasgeData -[toSearchPage] Line:29 - 到达全文检索特殊字符页面....
2021-03-05 12:18:34.768 [http-nio-8989-exec-8] INFO  c.z.e.controller.SearchCloumnMeaasgeData -[toSearchPage] Line:30 - 开始查询匹配信息返回...
2021-03-05 14:17:35.176 [main] INFO  c.z.excprodatacomment.ExcproDataCommentApplication -[logStarting] Line:55 - Starting ExcproDataCommentApplication using Java 1.8.0_131 on DESKTOP-107VFNM with PID 19264 (D:\IntelliJIDEA\IdeaProject\datascourcespring\excpro-data-comment\target\classes started by hebiy in D:\IntelliJIDEA\IdeaProject\datascourcespring)
2021-03-05 14:17:35.185 [main] INFO  c.z.excprodatacomment.ExcproDataCommentApplication -[logStartupProfileInfo] Line:660- No active profile set, falling back to default profiles: default
2021-03-05 14:17:38.838 [main] INFO  c.z.excprodatacomment.ExcproDataCommentApplication -[logStarted] Line:61 - Started ExcproDataCommentApplication in 4.644 seconds (JVM running for 6.395)
2021-03-05 14:18:01.322 [http-nio-8989-exec-6] INFO  c.z.e.controller.SearchCloumnMeaasgeData -[toSearchPage] Line:32 - 到达全文检索特殊字符页面....
2021-03-05 14:18:01.322 [http-nio-8989-exec-6] INFO  c.z.e.controller.SearchCloumnMeaasgeData -[toSearchPage] Line:33 - 开始查询匹配信息返回...
2021-03-05 14:20:23.833 [http-nio-8989-exec-9] INFO  c.z.e.controller.SearchCloumnMeaasgeData -[toSearchPage] Line:32 - 到达全文检索特殊字符页面....
2021-03-05 14:20:23.834 [http-nio-8989-exec-9] INFO  c.z.e.controller.SearchCloumnMeaasgeData -[toSearchPage] Line:33 - 开始查询匹配信息返回...
2021-03-05 14:21:15.441 [http-nio-8989-exec-5] INFO  c.z.e.controller.SearchCloumnMeaasgeData -[toSearchPage] Line:32 - 到达全文检索特殊字符页面....
2021-03-05 14:21:15.442 [http-nio-8989-exec-5] INFO  c.z.e.controller.SearchCloumnMeaasgeData -[toSearchPage] Line:33 - 开始查询匹配信息返回...
2021-03-05 14:21:19.495 [http-nio-8989-exec-9] INFO  c.z.e.controller.SearchCloumnMeaasgeData -[toSearchPage] Line:32 - 到达全文检索特殊字符页面....
2021-03-05 14:21:19.495 [http-nio-8989-exec-9] INFO  c.z.e.controller.SearchCloumnMeaasgeData -[toSearchPage] Line:33 - 开始查询匹配信息返回...
2021-03-05 14:22:17.335 [http-nio-8989-exec-4] INFO  c.z.e.controller.SearchCloumnMeaasgeData -[toSearchPage] Line:32 - 到达全文检索特殊字符页面....
2021-03-05 14:22:17.336 [http-nio-8989-exec-4] INFO  c.z.e.controller.SearchCloumnMeaasgeData -[toSearchPage] Line:33 - 开始查询匹配信息返回...
2021-03-05 14:28:09.903 [main] INFO  c.z.excprodatacomment.ExcproDataCommentApplication -[logStarting] Line:55 - Starting ExcproDataCommentApplication using Java 1.8.0_131 on DESKTOP-107VFNM with PID 19816 (D:\IntelliJIDEA\IdeaProject\datascourcespring\excpro-data-comment\target\classes started by hebiy in D:\IntelliJIDEA\IdeaProject\datascourcespring)
2021-03-05 14:28:09.909 [main] INFO  c.z.excprodatacomment.ExcproDataCommentApplication -[logStartupProfileInfo] Line:660- No active profile set, falling back to default profiles: default
2021-03-05 14:28:13.408 [main] INFO  c.z.excprodatacomment.ExcproDataCommentApplication -[logStarted] Line:61 - Started ExcproDataCommentApplication in 4.417 seconds (JVM running for 5.942)
2021-03-05 14:29:03.591 [http-nio-8989-exec-1] INFO  c.z.e.controller.SearchCloumnMeaasgeData -[toSearchPage] Line:32 - 到达全文检索特殊字符页面....
2021-03-05 14:29:03.591 [http-nio-8989-exec-1] INFO  c.z.e.controller.SearchCloumnMeaasgeData -[toSearchPage] Line:33 - 开始查询匹配信息返回...
2021-03-05 14:30:42.373 [http-nio-8989-exec-1] INFO  c.z.e.controller.SearchCloumnMeaasgeData -[toSearchPage] Line:32 - 到达全文检索特殊字符页面....
2021-03-05 14:30:42.374 [http-nio-8989-exec-1] INFO  c.z.e.controller.SearchCloumnMeaasgeData -[toSearchPage] Line:33 - 开始查询匹配信息返回...
2021-03-05 14:32:32.207 [http-nio-8989-exec-8] INFO  c.z.e.controller.SearchCloumnMeaasgeData -[toSearchPage] Line:32 - 到达全文检索特殊字符页面....
2021-03-05 14:32:32.208 [http-nio-8989-exec-8] INFO  c.z.e.controller.SearchCloumnMeaasgeData -[toSearchPage] Line:33 - 开始查询匹配信息返回...
2021-03-05 14:36:21.195 [main] INFO  c.z.excprodatacomment.ExcproDataCommentApplication -[logStarting] Line:55 - Starting ExcproDataCommentApplication using Java 1.8.0_131 on DESKTOP-107VFNM with PID 1336 (D:\IntelliJIDEA\IdeaProject\datascourcespring\excpro-data-comment\target\classes started by hebiy in D:\IntelliJIDEA\IdeaProject\datascourcespring)
2021-03-05 14:36:21.209 [main] INFO  c.z.excprodatacomment.ExcproDataCommentApplication -[logStartupProfileInfo] Line:660- No active profile set, falling back to default profiles: default
2021-03-05 14:36:24.501 [main] INFO  c.z.excprodatacomment.ExcproDataCommentApplication -[logStarted] Line:61 - Started ExcproDataCommentApplication in 4.012 seconds (JVM running for 5.667)
2021-03-05 14:38:20.435 [http-nio-8989-exec-1] INFO  c.z.e.controller.SearchCloumnMeaasgeData -[toSearchPage] Line:32 - 到达全文检索特殊字符页面....
2021-03-05 14:38:20.435 [http-nio-8989-exec-1] INFO  c.z.e.controller.SearchCloumnMeaasgeData -[toSearchPage] Line:33 - 开始查询匹配信息返回...
2021-03-05 14:58:50.862 [http-nio-8989-exec-4] INFO  c.z.e.controller.SearchCloumnMeaasgeData -[toSearchPage] Line:32 - 到达全文检索特殊字符页面....
2021-03-05 14:58:50.863 [http-nio-8989-exec-4] INFO  c.z.e.controller.SearchCloumnMeaasgeData -[toSearchPage] Line:33 - 开始查询匹配信息返回...
2021-03-05 14:58:51.310 [http-nio-8989-exec-5] INFO  c.z.e.controller.SearchCloumnMeaasgeData -[toSearchPage] Line:32 - 到达全文检索特殊字符页面....
2021-03-05 14:58:51.311 [http-nio-8989-exec-5] INFO  c.z.e.controller.SearchCloumnMeaasgeData -[toSearchPage] Line:33 - 开始查询匹配信息返回...
2021-03-05 14:58:51.477 [http-nio-8989-exec-6] INFO  c.z.e.controller.SearchCloumnMeaasgeData -[toSearchPage] Line:32 - 到达全文检索特殊字符页面....
2021-03-05 14:58:51.477 [http-nio-8989-exec-6] INFO  c.z.e.controller.SearchCloumnMeaasgeData -[toSearchPage] Line:33 - 开始查询匹配信息返回...
2021-03-05 14:58:51.655 [http-nio-8989-exec-7] INFO  c.z.e.controller.SearchCloumnMeaasgeData -[toSearchPage] Line:32 - 到达全文检索特殊字符页面....
2021-03-05 14:58:51.655 [http-nio-8989-exec-7] INFO  c.z.e.controller.SearchCloumnMeaasgeData -[toSearchPage] Line:33 - 开始查询匹配信息返回...
2021-03-05 15:01:49.290 [http-nio-8989-exec-8] INFO  c.z.e.controller.SearchCloumnMeaasgeData -[toSearchPage] Line:32 - 到达全文检索特殊字符页面....
2021-03-05 15:01:49.290 [http-nio-8989-exec-8] INFO  c.z.e.controller.SearchCloumnMeaasgeData -[toSearchPage] Line:33 - 开始查询匹配信息返回...
2021-03-05 15:03:36.221 [main] INFO  c.z.excprodatacomment.ExcproDataCommentApplication -[logStarting] Line:55 - Starting ExcproDataCommentApplication using Java 1.8.0_131 on DESKTOP-107VFNM with PID 6076 (D:\IntelliJIDEA\IdeaProject\datascourcespring\excpro-data-comment\target\classes started by hebiy in D:\IntelliJIDEA\IdeaProject\datascourcespring)
2021-03-05 15:03:36.232 [main] INFO  c.z.excprodatacomment.ExcproDataCommentApplication -[logStartupProfileInfo] Line:660- No active profile set, falling back to default profiles: default
2021-03-05 15:03:41.233 [main] INFO  c.z.excprodatacomment.ExcproDataCommentApplication -[logStarted] Line:61 - Started ExcproDataCommentApplication in 6.03 seconds (JVM running for 7.734)
2021-03-05 15:04:15.565 [http-nio-8989-exec-2] INFO  c.z.e.controller.SearchCloumnMeaasgeData -[toSearchPage] Line:32 - 到达全文检索特殊字符页面....
2021-03-05 15:04:15.566 [http-nio-8989-exec-2] INFO  c.z.e.controller.SearchCloumnMeaasgeData -[toSearchPage] Line:33 - 开始查询匹配信息返回...
2021-03-05 15:04:50.457 [http-nio-8989-exec-4] INFO  c.z.e.controller.SearchCloumnMeaasgeData -[toSearchPage] Line:32 - 到达全文检索特殊字符页面....
2021-03-05 15:04:50.458 [http-nio-8989-exec-4] INFO  c.z.e.controller.SearchCloumnMeaasgeData -[toSearchPage] Line:33 - 开始查询匹配信息返回...
2021-03-05 15:05:26.489 [http-nio-8989-exec-4] INFO  c.z.e.controller.SearchCloumnMeaasgeData -[toSearchPage] Line:32 - 到达全文检索特殊字符页面....
2021-03-05 15:05:26.490 [http-nio-8989-exec-4] INFO  c.z.e.controller.SearchCloumnMeaasgeData -[toSearchPage] Line:33 - 开始查询匹配信息返回...
2021-03-05 15:07:16.112 [http-nio-8989-exec-9] INFO  c.z.e.controller.SearchCloumnMeaasgeData -[toSearchPage] Line:32 - 到达全文检索特殊字符页面....
2021-03-05 15:07:16.113 [http-nio-8989-exec-9] INFO  c.z.e.controller.SearchCloumnMeaasgeData -[toSearchPage] Line:33 - 开始查询匹配信息返回...
2021-03-05 15:07:42.427 [http-nio-8989-exec-2] INFO  c.z.e.controller.SearchCloumnMeaasgeData -[toSearchPage] Line:32 - 到达全文检索特殊字符页面....
2021-03-05 15:07:42.427 [http-nio-8989-exec-2] INFO  c.z.e.controller.SearchCloumnMeaasgeData -[toSearchPage] Line:33 - 开始查询匹配信息返回...
2021-03-05 15:08:26.610 [http-nio-8989-exec-4] INFO  c.z.e.controller.SearchCloumnMeaasgeData -[toSearchPage] Line:32 - 到达全文检索特殊字符页面....
2021-03-05 15:08:26.611 [http-nio-8989-exec-4] INFO  c.z.e.controller.SearchCloumnMeaasgeData -[toSearchPage] Line:33 - 开始查询匹配信息返回...
2021-03-05 15:08:27.201 [http-nio-8989-exec-6] INFO  c.z.e.controller.SearchCloumnMeaasgeData -[toSearchPage] Line:32 - 到达全文检索特殊字符页面....
2021-03-05 15:08:27.201 [http-nio-8989-exec-6] INFO  c.z.e.controller.SearchCloumnMeaasgeData -[toSearchPage] Line:33 - 开始查询匹配信息返回...
2021-03-05 15:08:27.630 [http-nio-8989-exec-7] INFO  c.z.e.controller.SearchCloumnMeaasgeData -[toSearchPage] Line:32 - 到达全文检索特殊字符页面....
2021-03-05 15:08:27.630 [http-nio-8989-exec-7] INFO  c.z.e.controller.SearchCloumnMeaasgeData -[toSearchPage] Line:33 - 开始查询匹配信息返回...
2021-03-05 15:08:40.740 [main] INFO  c.z.excprodatacomment.ExcproDataCommentApplication -[logStarting] Line:55 - Starting ExcproDataCommentApplication using Java 1.8.0_131 on DESKTOP-107VFNM with PID 22212 (D:\IntelliJIDEA\IdeaProject\datascourcespring\excpro-data-comment\target\classes started by hebiy in D:\IntelliJIDEA\IdeaProject\datascourcespring)
2021-03-05 15:08:40.750 [main] INFO  c.z.excprodatacomment.ExcproDataCommentApplication -[logStartupProfileInfo] Line:660- No active profile set, falling back to default profiles: default
2021-03-05 15:08:44.591 [main] INFO  c.z.excprodatacomment.ExcproDataCommentApplication -[logStarted] Line:61 - Started ExcproDataCommentApplication in 4.705 seconds (JVM running for 6.274)
2021-03-05 15:08:51.109 [http-nio-8989-exec-1] INFO  c.z.e.controller.SearchCloumnMeaasgeData -[toSearchPage] Line:32 - 到达全文检索特殊字符页面....
2021-03-05 15:08:51.110 [http-nio-8989-exec-1] INFO  c.z.e.controller.SearchCloumnMeaasgeData -[toSearchPage] Line:33 - 开始查询匹配信息返回...
2021-03-05 15:14:17.564 [main] INFO  c.z.excprodatacomment.ExcproDataCommentApplication -[logStarting] Line:55 - Starting ExcproDataCommentApplication using Java 1.8.0_131 on DESKTOP-107VFNM with PID 14524 (D:\IntelliJIDEA\IdeaProject\datascourcespring\excpro-data-comment\target\classes started by hebiy in D:\IntelliJIDEA\IdeaProject\datascourcespring)
2021-03-05 15:14:17.574 [main] INFO  c.z.excprodatacomment.ExcproDataCommentApplication -[logStartupProfileInfo] Line:660- No active profile set, falling back to default profiles: default
2021-03-05 15:14:21.253 [main] INFO  c.z.excprodatacomment.ExcproDataCommentApplication -[logStarted] Line:61 - Started ExcproDataCommentApplication in 4.481 seconds (JVM running for 6.582)
2021-03-05 15:14:28.827 [http-nio-8989-exec-1] INFO  c.z.e.controller.SearchCloumnMeaasgeData -[toSearchPage] Line:33 - 到达全文检索特殊字符页面....
2021-03-05 15:14:28.827 [http-nio-8989-exec-1] INFO  c.z.e.controller.SearchCloumnMeaasgeData -[toSearchPage] Line:34 - 开始查询匹配信息返回...
2021-03-05 15:14:57.141 [http-nio-8989-exec-6] INFO  c.z.e.controller.SearchCloumnMeaasgeData -[toSearchPage] Line:33 - 到达全文检索特殊字符页面....
2021-03-05 15:14:57.141 [http-nio-8989-exec-6] INFO  c.z.e.controller.SearchCloumnMeaasgeData -[toSearchPage] Line:34 - 开始查询匹配信息返回...
2021-03-05 15:15:23.251 [http-nio-8989-exec-1] INFO  c.z.e.controller.SearchCloumnMeaasgeData -[toSearchPage] Line:33 - 到达全文检索特殊字符页面....
2021-03-05 15:15:23.252 [http-nio-8989-exec-1] INFO  c.z.e.controller.SearchCloumnMeaasgeData -[toSearchPage] Line:34 - 开始查询匹配信息返回...
2021-03-05 15:16:19.112 [http-nio-8989-exec-3] INFO  c.z.e.controller.SearchCloumnMeaasgeData -[toSearchPage] Line:33 - 到达全文检索特殊字符页面....
2021-03-05 15:16:19.114 [http-nio-8989-exec-3] INFO  c.z.e.controller.SearchCloumnMeaasgeData -[toSearchPage] Line:34 - 开始查询匹配信息返回...
2021-03-05 15:16:19.277 [http-nio-8989-exec-4] INFO  c.z.e.controller.SearchCloumnMeaasgeData -[toSearchPage] Line:33 - 到达全文检索特殊字符页面....
2021-03-05 15:16:19.278 [http-nio-8989-exec-4] INFO  c.z.e.controller.SearchCloumnMeaasgeData -[toSearchPage] Line:34 - 开始查询匹配信息返回...
2021-03-05 15:16:42.676 [http-nio-8989-exec-2] INFO  c.z.e.controller.SearchCloumnMeaasgeData -[toSearchPage] Line:33 - 到达全文检索特殊字符页面....
2021-03-05 15:16:42.676 [http-nio-8989-exec-2] INFO  c.z.e.controller.SearchCloumnMeaasgeData -[toSearchPage] Line:34 - 开始查询匹配信息返回...
2021-03-05 15:17:56.127 [http-nio-8989-exec-6] INFO  c.z.e.controller.SearchCloumnMeaasgeData -[toSearchPage] Line:33 - 到达全文检索特殊字符页面....
2021-03-05 15:17:56.128 [http-nio-8989-exec-6] INFO  c.z.e.controller.SearchCloumnMeaasgeData -[toSearchPage] Line:34 - 开始查询匹配信息返回...
2021-03-05 15:19:55.094 [http-nio-8989-exec-6] INFO  c.z.e.controller.SearchCloumnMeaasgeData -[toSearchPage] Line:33 - 到达全文检索特殊字符页面....
2021-03-05 15:19:55.094 [http-nio-8989-exec-6] INFO  c.z.e.controller.SearchCloumnMeaasgeData -[toSearchPage] Line:34 - 开始查询匹配信息返回...
2021-03-05 15:21:55.958 [http-nio-8989-exec-1] INFO  c.z.e.controller.SearchCloumnMeaasgeData -[toSearchPage] Line:33 - 到达全文检索特殊字符页面....
2021-03-05 15:21:55.958 [http-nio-8989-exec-1] INFO  c.z.e.controller.SearchCloumnMeaasgeData -[toSearchPage] Line:34 - 开始查询匹配信息返回...
2021-03-05 15:31:50.682 [main] INFO  c.z.excprodatacomment.ExcproDataCommentApplication -[logStarting] Line:55 - Starting ExcproDataCommentApplication using Java 1.8.0_131 on DESKTOP-107VFNM with PID 22960 (D:\IntelliJIDEA\IdeaProject\datascourcespring\excpro-data-comment\target\classes started by hebiy in D:\IntelliJIDEA\IdeaProject\datascourcespring)
2021-03-05 15:31:50.696 [main] INFO  c.z.excprodatacomment.ExcproDataCommentApplication -[logStartupProfileInfo] Line:660- No active profile set, falling back to default profiles: default
2021-03-05 15:31:54.363 [main] INFO  c.z.excprodatacomment.ExcproDataCommentApplication -[logStarted] Line:61 - Started ExcproDataCommentApplication in 4.383 seconds (JVM running for 5.957)
2021-03-05 15:31:59.477 [http-nio-8989-exec-2] INFO  c.z.e.controller.SearchCloumnMeaasgeData -[toSearchPage] Line:33 - 到达全文检索特殊字符页面....
2021-03-05 15:31:59.477 [http-nio-8989-exec-2] INFO  c.z.e.controller.SearchCloumnMeaasgeData -[toSearchPage] Line:34 - 开始查询匹配信息返回...
2021-03-05 15:35:54.425 [http-nio-8989-exec-7] INFO  c.z.e.controller.SearchCloumnMeaasgeData -[toSearchPage] Line:33 - 到达全文检索特殊字符页面....
2021-03-05 15:35:54.426 [http-nio-8989-exec-7] INFO  c.z.e.controller.SearchCloumnMeaasgeData -[toSearchPage] Line:34 - 开始查询匹配信息返回...
2021-03-05 15:37:21.646 [http-nio-8989-exec-2] INFO  c.z.e.controller.SearchCloumnMeaasgeData -[toSearchPage] Line:33 - 到达全文检索特殊字符页面....
2021-03-05 15:37:21.647 [http-nio-8989-exec-2] INFO  c.z.e.controller.SearchCloumnMeaasgeData -[toSearchPage] Line:34 - 开始查询匹配信息返回...
2021-03-05 15:37:46.275 [http-nio-8989-exec-7] INFO  c.z.e.controller.SearchCloumnMeaasgeData -[toSearchPage] Line:33 - 到达全文检索特殊字符页面....
2021-03-05 15:37:46.275 [http-nio-8989-exec-7] INFO  c.z.e.controller.SearchCloumnMeaasgeData -[toSearchPage] Line:34 - 开始查询匹配信息返回...
2021-03-05 15:37:46.424 [http-nio-8989-exec-9] INFO  c.z.e.controller.SearchCloumnMeaasgeData -[toSearchPage] Line:33 - 到达全文检索特殊字符页面....
2021-03-05 15:37:46.425 [http-nio-8989-exec-9] INFO  c.z.e.controller.SearchCloumnMeaasgeData -[toSearchPage] Line:34 - 开始查询匹配信息返回...
2021-03-05 15:37:46.587 [http-nio-8989-exec-8] INFO  c.z.e.controller.SearchCloumnMeaasgeData -[toSearchPage] Line:33 - 到达全文检索特殊字符页面....
2021-03-05 15:37:46.588 [http-nio-8989-exec-8] INFO  c.z.e.controller.SearchCloumnMeaasgeData -[toSearchPage] Line:34 - 开始查询匹配信息返回...
2021-03-05 15:37:46.761 [http-nio-8989-exec-10] INFO  c.z.e.controller.SearchCloumnMeaasgeData -[toSearchPage] Line:33 - 到达全文检索特殊字符页面....
2021-03-05 15:37:46.762 [http-nio-8989-exec-10] INFO  c.z.e.controller.SearchCloumnMeaasgeData -[toSearchPage] Line:34 - 开始查询匹配信息返回...
2021-03-05 15:42:24.302 [http-nio-8989-exec-9] INFO  c.z.e.controller.SearchCloumnMeaasgeData -[toSearchPage] Line:33 - 到达全文检索特殊字符页面....
2021-03-05 15:42:24.303 [http-nio-8989-exec-9] INFO  c.z.e.controller.SearchCloumnMeaasgeData -[toSearchPage] Line:34 - 开始查询匹配信息返回...
2021-03-05 15:57:41.135 [http-nio-8989-exec-3] INFO  c.z.e.controller.SearchCloumnMeaasgeData -[toSearchPage] Line:33 - 到达全文检索特殊字符页面....
2021-03-05 15:57:41.135 [http-nio-8989-exec-3] INFO  c.z.e.controller.SearchCloumnMeaasgeData -[toSearchPage] Line:34 - 开始查询匹配信息返回...
2021-03-05 16:19:41.546 [main] INFO  c.z.excprodatacomment.ExcproDataCommentApplication -[logStarting] Line:55 - Starting ExcproDataCommentApplication using Java 1.8.0_131 on DESKTOP-107VFNM with PID 16064 (D:\IntelliJIDEA\IdeaProject\datascourcespring\excpro-data-comment\target\classes started by hebiy in D:\IntelliJIDEA\IdeaProject\datascourcespring)
2021-03-05 16:19:41.559 [main] INFO  c.z.excprodatacomment.ExcproDataCommentApplication -[logStartupProfileInfo] Line:660- No active profile set, falling back to default profiles: default
2021-03-05 16:19:45.343 [main] INFO  c.z.excprodatacomment.ExcproDataCommentApplication -[logStarted] Line:61 - Started ExcproDataCommentApplication in 5.252 seconds (JVM running for 8.279)
2021-03-05 16:20:04.207 [http-nio-8989-exec-2] INFO  c.z.e.controller.SearchCloumnMeaasgeData -[toSearchPage] Line:34 - 到达全文检索特殊字符页面....
2021-03-05 16:20:04.208 [http-nio-8989-exec-2] INFO  c.z.e.controller.SearchCloumnMeaasgeData -[toSearchPage] Line:35 - 开始查询匹配信息返回...
2021-03-05 16:20:04.650 [http-nio-8989-exec-2] INFO  c.z.e.controller.SearchCloumnMeaasgeData -[toSearchPage] Line:40 - 需要修改的总记录数：30
2021-03-05 16:21:35.550 [http-nio-8989-exec-8] INFO  c.z.e.controller.SearchCloumnMeaasgeData -[toSearchPage] Line:34 - 到达全文检索特殊字符页面....
2021-03-05 16:21:35.551 [http-nio-8989-exec-8] INFO  c.z.e.controller.SearchCloumnMeaasgeData -[toSearchPage] Line:35 - 开始查询匹配信息返回...
2021-03-05 16:21:35.567 [http-nio-8989-exec-8] INFO  c.z.e.controller.SearchCloumnMeaasgeData -[toSearchPage] Line:40 - 需要修改的总记录数：30
2021-03-05 16:21:39.934 [http-nio-8989-exec-1] INFO  c.z.e.controller.SearchCloumnMeaasgeData -[toSearchPage] Line:34 - 到达全文检索特殊字符页面....
2021-03-05 16:21:39.935 [http-nio-8989-exec-1] INFO  c.z.e.controller.SearchCloumnMeaasgeData -[toSearchPage] Line:35 - 开始查询匹配信息返回...
2021-03-05 16:21:39.939 [http-nio-8989-exec-1] INFO  c.z.e.controller.SearchCloumnMeaasgeData -[toSearchPage] Line:40 - 需要修改的总记录数：30
2021-03-05 16:28:05.813 [main] INFO  c.z.excprodatacomment.ExcproDataCommentApplication -[logStarting] Line:55 - Starting ExcproDataCommentApplication using Java 1.8.0_131 on DESKTOP-107VFNM with PID 5456 (D:\IntelliJIDEA\IdeaProject\datascourcespring\excpro-data-comment\target\classes started by hebiy in D:\IntelliJIDEA\IdeaProject\datascourcespring)
2021-03-05 16:28:05.821 [main] INFO  c.z.excprodatacomment.ExcproDataCommentApplication -[logStartupProfileInfo] Line:660- No active profile set, falling back to default profiles: default
2021-03-05 16:28:09.678 [main] INFO  c.z.excprodatacomment.ExcproDataCommentApplication -[logStarted] Line:61 - Started ExcproDataCommentApplication in 4.97 seconds (JVM running for 7.105)
2021-03-05 16:28:17.557 [http-nio-8989-exec-1] INFO  c.z.e.controller.SearchCloumnMeaasgeData -[toSearchPage] Line:33 - 到达全文检索特殊字符页面....
2021-03-05 16:28:17.558 [http-nio-8989-exec-1] INFO  c.z.e.controller.SearchCloumnMeaasgeData -[toSearchPage] Line:34 - 开始查询匹配信息返回...
2021-03-05 16:28:17.841 [http-nio-8989-exec-1] INFO  c.z.e.controller.SearchCloumnMeaasgeData -[toSearchPage] Line:39 - 需要修改的总记录数：30
2021-03-05 16:29:51.155 [http-nio-8989-exec-6] INFO  c.z.e.controller.SearchCloumnMeaasgeData -[toSearchPage] Line:33 - 到达全文检索特殊字符页面....
2021-03-05 16:29:51.160 [http-nio-8989-exec-6] INFO  c.z.e.controller.SearchCloumnMeaasgeData -[toSearchPage] Line:34 - 开始查询匹配信息返回...
2021-03-05 16:29:51.185 [http-nio-8989-exec-6] INFO  c.z.e.controller.SearchCloumnMeaasgeData -[toSearchPage] Line:39 - 需要修改的总记录数：30
2021-03-05 16:30:15.747 [http-nio-8989-exec-8] INFO  c.z.e.controller.SearchCloumnMeaasgeData -[toSearchPage] Line:33 - 到达全文检索特殊字符页面....
2021-03-05 16:30:15.748 [http-nio-8989-exec-8] INFO  c.z.e.controller.SearchCloumnMeaasgeData -[toSearchPage] Line:34 - 开始查询匹配信息返回...
2021-03-05 16:30:15.756 [http-nio-8989-exec-8] INFO  c.z.e.controller.SearchCloumnMeaasgeData -[toSearchPage] Line:39 - 需要修改的总记录数：30
2021-03-05 16:30:57.568 [http-nio-8989-exec-10] INFO  c.z.e.controller.SearchCloumnMeaasgeData -[toSearchPage] Line:33 - 到达全文检索特殊字符页面....
2021-03-05 16:30:57.568 [http-nio-8989-exec-10] INFO  c.z.e.controller.SearchCloumnMeaasgeData -[toSearchPage] Line:34 - 开始查询匹配信息返回...
2021-03-05 16:30:57.572 [http-nio-8989-exec-10] INFO  c.z.e.controller.SearchCloumnMeaasgeData -[toSearchPage] Line:39 - 需要修改的总记录数：30
2021-03-05 16:36:51.775 [main] INFO  c.z.excprodatacomment.ExcproDataCommentApplication -[logStarting] Line:55 - Starting ExcproDataCommentApplication using Java 1.8.0_131 on DESKTOP-107VFNM with PID 17944 (D:\IntelliJIDEA\IdeaProject\datascourcespring\excpro-data-comment\target\classes started by hebiy in D:\IntelliJIDEA\IdeaProject\datascourcespring)
2021-03-05 16:36:51.790 [main] INFO  c.z.excprodatacomment.ExcproDataCommentApplication -[logStartupProfileInfo] Line:660- No active profile set, falling back to default profiles: default
2021-03-05 16:36:54.788 [main] INFO  c.z.excprodatacomment.ExcproDataCommentApplication -[logStarted] Line:61 - Started ExcproDataCommentApplication in 3.65 seconds (JVM running for 5.171)
2021-03-05 16:37:09.270 [http-nio-8989-exec-2] INFO  c.z.e.controller.SearchCloumnMeaasgeData -[toSearchPage] Line:33 - 到达全文检索特殊字符页面....
2021-03-05 16:37:09.271 [http-nio-8989-exec-2] INFO  c.z.e.controller.SearchCloumnMeaasgeData -[toSearchPage] Line:34 - 开始查询匹配信息返回...
2021-03-05 16:37:09.590 [http-nio-8989-exec-2] INFO  c.z.e.controller.SearchCloumnMeaasgeData -[toSearchPage] Line:39 - 需要修改的总记录数：30
2021-03-05 16:40:10.687 [main] INFO  c.z.excprodatacomment.ExcproDataCommentApplication -[logStarting] Line:55 - Starting ExcproDataCommentApplication using Java 1.8.0_131 on DESKTOP-107VFNM with PID 13664 (D:\IntelliJIDEA\IdeaProject\datascourcespring\excpro-data-comment\target\classes started by hebiy in D:\IntelliJIDEA\IdeaProject\datascourcespring)
2021-03-05 16:40:10.692 [main] INFO  c.z.excprodatacomment.ExcproDataCommentApplication -[logStartupProfileInfo] Line:660- No active profile set, falling back to default profiles: default
2021-03-05 16:40:15.024 [main] INFO  c.z.excprodatacomment.ExcproDataCommentApplication -[logStarted] Line:61 - Started ExcproDataCommentApplication in 4.945 seconds (JVM running for 6.623)
2021-03-05 16:40:28.774 [http-nio-8989-exec-2] INFO  c.z.e.controller.SearchCloumnMeaasgeData -[toSearchPage] Line:33 - 到达全文检索特殊字符页面....
2021-03-05 16:40:28.774 [http-nio-8989-exec-2] INFO  c.z.e.controller.SearchCloumnMeaasgeData -[toSearchPage] Line:34 - 开始查询匹配信息返回...
2021-03-05 16:40:29.041 [http-nio-8989-exec-2] INFO  c.z.e.controller.SearchCloumnMeaasgeData -[toSearchPage] Line:39 - 需要修改的总记录数：30
2021-03-05 16:42:12.025 [main] INFO  c.z.excprodatacomment.ExcproDataCommentApplication -[logStarting] Line:55 - Starting ExcproDataCommentApplication using Java 1.8.0_131 on DESKTOP-107VFNM with PID 8148 (D:\IntelliJIDEA\IdeaProject\datascourcespring\excpro-data-comment\target\classes started by hebiy in D:\IntelliJIDEA\IdeaProject\datascourcespring)
2021-03-05 16:42:12.033 [main] INFO  c.z.excprodatacomment.ExcproDataCommentApplication -[logStartupProfileInfo] Line:660- No active profile set, falling back to default profiles: default
2021-03-05 16:42:15.376 [main] INFO  c.z.excprodatacomment.ExcproDataCommentApplication -[logStarted] Line:61 - Started ExcproDataCommentApplication in 4.19 seconds (JVM running for 5.784)
2021-03-05 16:42:22.318 [http-nio-8989-exec-2] INFO  c.z.e.controller.SearchCloumnMeaasgeData -[toSearchPage] Line:33 - 到达全文检索特殊字符页面....
2021-03-05 16:42:22.319 [http-nio-8989-exec-2] INFO  c.z.e.controller.SearchCloumnMeaasgeData -[toSearchPage] Line:34 - 开始查询匹配信息返回...
2021-03-05 16:42:22.580 [http-nio-8989-exec-2] INFO  c.z.e.controller.SearchCloumnMeaasgeData -[toSearchPage] Line:39 - 需要修改的总记录数：30
2021-03-05 16:46:09.326 [main] INFO  c.z.excprodatacomment.ExcproDataCommentApplication -[logStarting] Line:55 - Starting ExcproDataCommentApplication using Java 1.8.0_131 on DESKTOP-107VFNM with PID 11552 (D:\IntelliJIDEA\IdeaProject\datascourcespring\excpro-data-comment\target\classes started by hebiy in D:\IntelliJIDEA\IdeaProject\datascourcespring)
2021-03-05 16:46:09.331 [main] INFO  c.z.excprodatacomment.ExcproDataCommentApplication -[logStartupProfileInfo] Line:660- No active profile set, falling back to default profiles: default
2021-03-05 16:46:12.515 [main] INFO  c.z.excprodatacomment.ExcproDataCommentApplication -[logStarted] Line:61 - Started ExcproDataCommentApplication in 3.827 seconds (JVM running for 5.371)
2021-03-05 16:49:16.627 [http-nio-8989-exec-2] INFO  c.z.e.controller.SearchCloumnMeaasgeData -[toSearchPage] Line:33 - 到达全文检索特殊字符页面....
2021-03-05 16:49:16.627 [http-nio-8989-exec-2] INFO  c.z.e.controller.SearchCloumnMeaasgeData -[toSearchPage] Line:34 - 开始查询匹配信息返回...
2021-03-05 16:49:16.904 [http-nio-8989-exec-2] INFO  c.z.e.controller.SearchCloumnMeaasgeData -[toSearchPage] Line:39 - 需要修改的总记录数：30
2021-03-05 16:49:54.799 [http-nio-8989-exec-3] INFO  c.z.e.controller.SearchCloumnMeaasgeData -[thSearchCloumnCome] Line:52 - 线程开启.......
2021-03-05 16:49:54.800 [http-nio-8989-exec-3] INFO  c.z.e.controller.SearchCloumnMeaasgeData -[thSearchCloumnCome] Line:54 - 线程休眠.......
2021-03-05 16:49:57.803 [http-nio-8989-exec-3] INFO  c.z.e.controller.SearchCloumnMeaasgeData -[thSearchCloumnCome] Line:56 - 线程唤醒开始执行.......
2021-03-05 16:49:57.941 [http-nio-8989-exec-3] INFO  c.z.e.controller.SearchCloumnMeaasgeData -[thSearchCloumnCome] Line:58 - 当前线程结束开启下次线程.......
2021-03-05 16:49:57.941 [http-nio-8989-exec-3] INFO  c.z.e.controller.SearchCloumnMeaasgeData -[thSearchCloumnCome] Line:54 - 线程休眠.......
2021-03-05 16:50:00.956 [http-nio-8989-exec-3] INFO  c.z.e.controller.SearchCloumnMeaasgeData -[thSearchCloumnCome] Line:56 - 线程唤醒开始执行.......
2021-03-05 16:50:00.963 [http-nio-8989-exec-3] INFO  c.z.e.controller.SearchCloumnMeaasgeData -[thSearchCloumnCome] Line:58 - 当前线程结束开启下次线程.......
2021-03-05 16:50:00.963 [http-nio-8989-exec-3] INFO  c.z.e.controller.SearchCloumnMeaasgeData -[thSearchCloumnCome] Line:54 - 线程休眠.......
2021-03-05 16:50:03.970 [http-nio-8989-exec-3] INFO  c.z.e.controller.SearchCloumnMeaasgeData -[thSearchCloumnCome] Line:56 - 线程唤醒开始执行.......
2021-03-05 16:50:04.303 [http-nio-8989-exec-3] INFO  c.z.e.controller.SearchCloumnMeaasgeData -[thSearchCloumnCome] Line:58 - 当前线程结束开启下次线程.......
2021-03-05 16:50:04.303 [http-nio-8989-exec-3] INFO  c.z.e.controller.SearchCloumnMeaasgeData -[thSearchCloumnCome] Line:54 - 线程休眠.......
2021-03-05 16:50:07.309 [http-nio-8989-exec-3] INFO  c.z.e.controller.SearchCloumnMeaasgeData -[thSearchCloumnCome] Line:56 - 线程唤醒开始执行.......
2021-03-05 16:50:07.518 [http-nio-8989-exec-3] INFO  c.z.e.controller.SearchCloumnMeaasgeData -[thSearchCloumnCome] Line:58 - 当前线程结束开启下次线程.......
2021-03-05 16:50:07.518 [http-nio-8989-exec-3] INFO  c.z.e.controller.SearchCloumnMeaasgeData -[thSearchCloumnCome] Line:54 - 线程休眠.......
2021-03-05 16:50:10.520 [http-nio-8989-exec-3] INFO  c.z.e.controller.SearchCloumnMeaasgeData -[thSearchCloumnCome] Line:56 - 线程唤醒开始执行.......
2021-03-05 16:50:10.574 [http-nio-8989-exec-3] INFO  c.z.e.controller.SearchCloumnMeaasgeData -[thSearchCloumnCome] Line:58 - 当前线程结束开启下次线程.......
2021-03-05 16:50:10.574 [http-nio-8989-exec-3] INFO  c.z.e.controller.SearchCloumnMeaasgeData -[thSearchCloumnCome] Line:54 - 线程休眠.......
2021-03-05 16:50:13.584 [http-nio-8989-exec-3] INFO  c.z.e.controller.SearchCloumnMeaasgeData -[thSearchCloumnCome] Line:56 - 线程唤醒开始执行.......
2021-03-05 16:50:13.602 [http-nio-8989-exec-3] INFO  c.z.e.controller.SearchCloumnMeaasgeData -[thSearchCloumnCome] Line:58 - 当前线程结束开启下次线程.......
2021-03-05 16:50:13.602 [http-nio-8989-exec-3] INFO  c.z.e.controller.SearchCloumnMeaasgeData -[thSearchCloumnCome] Line:54 - 线程休眠.......
2021-03-05 16:50:16.603 [http-nio-8989-exec-3] INFO  c.z.e.controller.SearchCloumnMeaasgeData -[thSearchCloumnCome] Line:56 - 线程唤醒开始执行.......
2021-03-05 16:50:16.802 [http-nio-8989-exec-3] INFO  c.z.e.controller.SearchCloumnMeaasgeData -[thSearchCloumnCome] Line:58 - 当前线程结束开启下次线程.......
2021-03-05 16:50:16.802 [http-nio-8989-exec-3] INFO  c.z.e.controller.SearchCloumnMeaasgeData -[thSearchCloumnCome] Line:54 - 线程休眠.......
2021-03-05 16:50:19.811 [http-nio-8989-exec-3] INFO  c.z.e.controller.SearchCloumnMeaasgeData -[thSearchCloumnCome] Line:56 - 线程唤醒开始执行.......
2021-03-05 16:50:19.856 [http-nio-8989-exec-3] INFO  c.z.e.controller.SearchCloumnMeaasgeData -[thSearchCloumnCome] Line:58 - 当前线程结束开启下次线程.......
2021-03-05 16:50:19.857 [http-nio-8989-exec-3] INFO  c.z.e.controller.SearchCloumnMeaasgeData -[thSearchCloumnCome] Line:54 - 线程休眠.......
2021-03-05 16:50:22.865 [http-nio-8989-exec-3] INFO  c.z.e.controller.SearchCloumnMeaasgeData -[thSearchCloumnCome] Line:56 - 线程唤醒开始执行.......
2021-03-05 16:50:22.876 [http-nio-8989-exec-3] INFO  c.z.e.controller.SearchCloumnMeaasgeData -[thSearchCloumnCome] Line:58 - 当前线程结束开启下次线程.......
2021-03-05 16:50:22.876 [http-nio-8989-exec-3] INFO  c.z.e.controller.SearchCloumnMeaasgeData -[thSearchCloumnCome] Line:54 - 线程休眠.......
2021-03-05 16:50:25.889 [http-nio-8989-exec-3] INFO  c.z.e.controller.SearchCloumnMeaasgeData -[thSearchCloumnCome] Line:56 - 线程唤醒开始执行.......
2021-03-05 16:50:25.897 [http-nio-8989-exec-3] INFO  c.z.e.controller.SearchCloumnMeaasgeData -[thSearchCloumnCome] Line:58 - 当前线程结束开启下次线程.......
2021-03-05 16:50:25.897 [http-nio-8989-exec-3] INFO  c.z.e.controller.SearchCloumnMeaasgeData -[thSearchCloumnCome] Line:54 - 线程休眠.......
2021-03-05 16:50:28.899 [http-nio-8989-exec-3] INFO  c.z.e.controller.SearchCloumnMeaasgeData -[thSearchCloumnCome] Line:56 - 线程唤醒开始执行.......
2021-03-05 16:50:28.944 [http-nio-8989-exec-3] INFO  c.z.e.controller.SearchCloumnMeaasgeData -[thSearchCloumnCome] Line:58 - 当前线程结束开启下次线程.......
2021-03-05 16:50:28.945 [http-nio-8989-exec-3] INFO  c.z.e.controller.SearchCloumnMeaasgeData -[thSearchCloumnCome] Line:54 - 线程休眠.......
2021-03-05 16:50:31.958 [http-nio-8989-exec-3] INFO  c.z.e.controller.SearchCloumnMeaasgeData -[thSearchCloumnCome] Line:56 - 线程唤醒开始执行.......
2021-03-05 16:50:32.000 [http-nio-8989-exec-3] INFO  c.z.e.controller.SearchCloumnMeaasgeData -[thSearchCloumnCome] Line:58 - 当前线程结束开启下次线程.......
2021-03-05 16:50:32.001 [http-nio-8989-exec-3] INFO  c.z.e.controller.SearchCloumnMeaasgeData -[thSearchCloumnCome] Line:54 - 线程休眠.......
2021-03-05 16:50:35.015 [http-nio-8989-exec-3] INFO  c.z.e.controller.SearchCloumnMeaasgeData -[thSearchCloumnCome] Line:56 - 线程唤醒开始执行.......
2021-03-05 16:50:35.056 [http-nio-8989-exec-3] INFO  c.z.e.controller.SearchCloumnMeaasgeData -[thSearchCloumnCome] Line:58 - 当前线程结束开启下次线程.......
2021-03-05 16:50:35.056 [http-nio-8989-exec-3] INFO  c.z.e.controller.SearchCloumnMeaasgeData -[thSearchCloumnCome] Line:54 - 线程休眠.......
2021-03-05 16:50:38.071 [http-nio-8989-exec-3] INFO  c.z.e.controller.SearchCloumnMeaasgeData -[thSearchCloumnCome] Line:56 - 线程唤醒开始执行.......
2021-03-05 16:50:38.079 [http-nio-8989-exec-3] INFO  c.z.e.controller.SearchCloumnMeaasgeData -[thSearchCloumnCome] Line:58 - 当前线程结束开启下次线程.......
2021-03-05 16:50:38.079 [http-nio-8989-exec-3] INFO  c.z.e.controller.SearchCloumnMeaasgeData -[thSearchCloumnCome] Line:54 - 线程休眠.......
2021-03-05 16:50:41.094 [http-nio-8989-exec-3] INFO  c.z.e.controller.SearchCloumnMeaasgeData -[thSearchCloumnCome] Line:56 - 线程唤醒开始执行.......
2021-03-05 16:50:41.112 [http-nio-8989-exec-3] INFO  c.z.e.controller.SearchCloumnMeaasgeData -[thSearchCloumnCome] Line:58 - 当前线程结束开启下次线程.......
2021-03-05 16:50:41.112 [http-nio-8989-exec-3] INFO  c.z.e.controller.SearchCloumnMeaasgeData -[thSearchCloumnCome] Line:54 - 线程休眠.......
2021-03-05 16:50:44.121 [http-nio-8989-exec-3] INFO  c.z.e.controller.SearchCloumnMeaasgeData -[thSearchCloumnCome] Line:56 - 线程唤醒开始执行.......
2021-03-05 16:50:44.144 [http-nio-8989-exec-3] INFO  c.z.e.controller.SearchCloumnMeaasgeData -[thSearchCloumnCome] Line:58 - 当前线程结束开启下次线程.......
2021-03-05 16:50:44.144 [http-nio-8989-exec-3] INFO  c.z.e.controller.SearchCloumnMeaasgeData -[thSearchCloumnCome] Line:54 - 线程休眠.......
2021-03-05 16:50:47.155 [http-nio-8989-exec-3] INFO  c.z.e.controller.SearchCloumnMeaasgeData -[thSearchCloumnCome] Line:56 - 线程唤醒开始执行.......
2021-03-05 16:50:47.178 [http-nio-8989-exec-3] INFO  c.z.e.controller.SearchCloumnMeaasgeData -[thSearchCloumnCome] Line:58 - 当前线程结束开启下次线程.......
2021-03-05 16:50:47.178 [http-nio-8989-exec-3] INFO  c.z.e.controller.SearchCloumnMeaasgeData -[thSearchCloumnCome] Line:54 - 线程休眠.......
2021-03-05 16:50:50.184 [http-nio-8989-exec-3] INFO  c.z.e.controller.SearchCloumnMeaasgeData -[thSearchCloumnCome] Line:56 - 线程唤醒开始执行.......
2021-03-05 16:50:50.197 [http-nio-8989-exec-3] INFO  c.z.e.controller.SearchCloumnMeaasgeData -[thSearchCloumnCome] Line:58 - 当前线程结束开启下次线程.......
2021-03-05 16:50:50.197 [http-nio-8989-exec-3] INFO  c.z.e.controller.SearchCloumnMeaasgeData -[thSearchCloumnCome] Line:54 - 线程休眠.......
2021-03-05 16:50:53.212 [http-nio-8989-exec-3] INFO  c.z.e.controller.SearchCloumnMeaasgeData -[thSearchCloumnCome] Line:56 - 线程唤醒开始执行.......
2021-03-05 16:50:53.221 [http-nio-8989-exec-3] INFO  c.z.e.controller.SearchCloumnMeaasgeData -[thSearchCloumnCome] Line:58 - 当前线程结束开启下次线程.......
2021-03-05 16:50:53.221 [http-nio-8989-exec-3] INFO  c.z.e.controller.SearchCloumnMeaasgeData -[thSearchCloumnCome] Line:54 - 线程休眠.......
2021-03-05 16:50:56.229 [http-nio-8989-exec-3] INFO  c.z.e.controller.SearchCloumnMeaasgeData -[thSearchCloumnCome] Line:56 - 线程唤醒开始执行.......
2021-03-05 16:50:56.260 [http-nio-8989-exec-3] INFO  c.z.e.controller.SearchCloumnMeaasgeData -[thSearchCloumnCome] Line:58 - 当前线程结束开启下次线程.......
2021-03-05 16:50:56.261 [http-nio-8989-exec-3] INFO  c.z.e.controller.SearchCloumnMeaasgeData -[thSearchCloumnCome] Line:54 - 线程休眠.......
2021-03-05 16:50:59.263 [http-nio-8989-exec-3] INFO  c.z.e.controller.SearchCloumnMeaasgeData -[thSearchCloumnCome] Line:56 - 线程唤醒开始执行.......
2021-03-05 16:50:59.279 [http-nio-8989-exec-3] INFO  c.z.e.controller.SearchCloumnMeaasgeData -[thSearchCloumnCome] Line:58 - 当前线程结束开启下次线程.......
2021-03-05 16:50:59.279 [http-nio-8989-exec-3] INFO  c.z.e.controller.SearchCloumnMeaasgeData -[thSearchCloumnCome] Line:54 - 线程休眠.......
2021-03-05 16:51:02.291 [http-nio-8989-exec-3] INFO  c.z.e.controller.SearchCloumnMeaasgeData -[thSearchCloumnCome] Line:56 - 线程唤醒开始执行.......
2021-03-05 16:51:02.332 [http-nio-8989-exec-3] INFO  c.z.e.controller.SearchCloumnMeaasgeData -[thSearchCloumnCome] Line:58 - 当前线程结束开启下次线程.......
2021-03-05 16:51:02.332 [http-nio-8989-exec-3] INFO  c.z.e.controller.SearchCloumnMeaasgeData -[thSearchCloumnCome] Line:54 - 线程休眠.......
2021-03-05 16:51:05.334 [http-nio-8989-exec-3] INFO  c.z.e.controller.SearchCloumnMeaasgeData -[thSearchCloumnCome] Line:56 - 线程唤醒开始执行.......
2021-03-05 16:51:05.353 [http-nio-8989-exec-3] INFO  c.z.e.controller.SearchCloumnMeaasgeData -[thSearchCloumnCome] Line:58 - 当前线程结束开启下次线程.......
2021-03-05 16:51:05.353 [http-nio-8989-exec-3] INFO  c.z.e.controller.SearchCloumnMeaasgeData -[thSearchCloumnCome] Line:54 - 线程休眠.......
2021-03-05 16:51:08.354 [http-nio-8989-exec-3] INFO  c.z.e.controller.SearchCloumnMeaasgeData -[thSearchCloumnCome] Line:56 - 线程唤醒开始执行.......
2021-03-05 16:51:08.376 [http-nio-8989-exec-3] INFO  c.z.e.controller.SearchCloumnMeaasgeData -[thSearchCloumnCome] Line:58 - 当前线程结束开启下次线程.......
2021-03-05 16:51:08.377 [http-nio-8989-exec-3] INFO  c.z.e.controller.SearchCloumnMeaasgeData -[thSearchCloumnCome] Line:54 - 线程休眠.......
2021-03-05 16:51:11.378 [http-nio-8989-exec-3] INFO  c.z.e.controller.SearchCloumnMeaasgeData -[thSearchCloumnCome] Line:56 - 线程唤醒开始执行.......
2021-03-05 16:51:11.421 [http-nio-8989-exec-3] INFO  c.z.e.controller.SearchCloumnMeaasgeData -[thSearchCloumnCome] Line:58 - 当前线程结束开启下次线程.......
2021-03-05 16:51:11.422 [http-nio-8989-exec-3] INFO  c.z.e.controller.SearchCloumnMeaasgeData -[thSearchCloumnCome] Line:54 - 线程休眠.......
2021-03-05 16:51:14.435 [http-nio-8989-exec-3] INFO  c.z.e.controller.SearchCloumnMeaasgeData -[thSearchCloumnCome] Line:56 - 线程唤醒开始执行.......
2021-03-05 16:51:14.473 [http-nio-8989-exec-3] INFO  c.z.e.controller.SearchCloumnMeaasgeData -[thSearchCloumnCome] Line:58 - 当前线程结束开启下次线程.......
2021-03-05 16:51:14.474 [http-nio-8989-exec-3] INFO  c.z.e.controller.SearchCloumnMeaasgeData -[thSearchCloumnCome] Line:54 - 线程休眠.......
2021-03-05 16:51:17.482 [http-nio-8989-exec-3] INFO  c.z.e.controller.SearchCloumnMeaasgeData -[thSearchCloumnCome] Line:56 - 线程唤醒开始执行.......
2021-03-05 16:51:17.490 [http-nio-8989-exec-3] INFO  c.z.e.controller.SearchCloumnMeaasgeData -[thSearchCloumnCome] Line:58 - 当前线程结束开启下次线程.......
2021-03-05 16:51:17.491 [http-nio-8989-exec-3] INFO  c.z.e.controller.SearchCloumnMeaasgeData -[thSearchCloumnCome] Line:54 - 线程休眠.......
2021-03-05 16:51:20.507 [http-nio-8989-exec-3] INFO  c.z.e.controller.SearchCloumnMeaasgeData -[thSearchCloumnCome] Line:56 - 线程唤醒开始执行.......
2021-03-05 16:51:20.540 [http-nio-8989-exec-3] INFO  c.z.e.controller.SearchCloumnMeaasgeData -[thSearchCloumnCome] Line:58 - 当前线程结束开启下次线程.......
2021-03-05 16:51:20.541 [http-nio-8989-exec-3] INFO  c.z.e.controller.SearchCloumnMeaasgeData -[thSearchCloumnCome] Line:54 - 线程休眠.......
2021-03-05 16:51:23.550 [http-nio-8989-exec-3] INFO  c.z.e.controller.SearchCloumnMeaasgeData -[thSearchCloumnCome] Line:56 - 线程唤醒开始执行.......
2021-03-05 16:51:23.575 [http-nio-8989-exec-3] INFO  c.z.e.controller.SearchCloumnMeaasgeData -[thSearchCloumnCome] Line:58 - 当前线程结束开启下次线程.......
2021-03-05 16:51:23.575 [http-nio-8989-exec-3] INFO  c.z.e.controller.SearchCloumnMeaasgeData -[thSearchCloumnCome] Line:54 - 线程休眠.......
2021-03-05 16:51:26.591 [http-nio-8989-exec-3] INFO  c.z.e.controller.SearchCloumnMeaasgeData -[thSearchCloumnCome] Line:56 - 线程唤醒开始执行.......
2021-03-05 16:51:26.627 [http-nio-8989-exec-3] INFO  c.z.e.controller.SearchCloumnMeaasgeData -[thSearchCloumnCome] Line:58 - 当前线程结束开启下次线程.......
2021-03-05 16:51:26.627 [http-nio-8989-exec-3] INFO  c.z.e.controller.SearchCloumnMeaasgeData -[thSearchCloumnCome] Line:60 - 线程结束.......
2021-03-05 16:57:57.117 [http-nio-8989-exec-6] INFO  c.z.e.controller.SearchCloumnMeaasgeData -[thSearchCloumnCome] Line:52 - 线程开启.......
2021-03-05 16:57:57.118 [http-nio-8989-exec-6] INFO  c.z.e.controller.SearchCloumnMeaasgeData -[thSearchCloumnCome] Line:54 - 线程休眠.......
2021-03-05 16:58:00.126 [http-nio-8989-exec-6] INFO  c.z.e.controller.SearchCloumnMeaasgeData -[thSearchCloumnCome] Line:56 - 线程唤醒开始执行.......
2021-03-05 16:58:00.185 [http-nio-8989-exec-6] INFO  c.z.e.controller.SearchCloumnMeaasgeData -[thSearchCloumnCome] Line:58 - 当前线程结束开启下次线程.......
2021-03-05 16:58:00.185 [http-nio-8989-exec-6] INFO  c.z.e.controller.SearchCloumnMeaasgeData -[thSearchCloumnCome] Line:54 - 线程休眠.......
2021-03-05 16:58:03.191 [http-nio-8989-exec-6] INFO  c.z.e.controller.SearchCloumnMeaasgeData -[thSearchCloumnCome] Line:56 - 线程唤醒开始执行.......
2021-03-05 16:58:03.208 [http-nio-8989-exec-6] INFO  c.z.e.controller.SearchCloumnMeaasgeData -[thSearchCloumnCome] Line:58 - 当前线程结束开启下次线程.......
2021-03-05 16:58:03.209 [http-nio-8989-exec-6] INFO  c.z.e.controller.SearchCloumnMeaasgeData -[thSearchCloumnCome] Line:54 - 线程休眠.......
2021-03-05 16:58:06.210 [http-nio-8989-exec-6] INFO  c.z.e.controller.SearchCloumnMeaasgeData -[thSearchCloumnCome] Line:56 - 线程唤醒开始执行.......
2021-03-05 16:58:06.531 [http-nio-8989-exec-6] INFO  c.z.e.controller.SearchCloumnMeaasgeData -[thSearchCloumnCome] Line:58 - 当前线程结束开启下次线程.......
2021-03-05 16:58:06.531 [http-nio-8989-exec-6] INFO  c.z.e.controller.SearchCloumnMeaasgeData -[thSearchCloumnCome] Line:54 - 线程休眠.......
2021-03-05 16:58:09.540 [http-nio-8989-exec-6] INFO  c.z.e.controller.SearchCloumnMeaasgeData -[thSearchCloumnCome] Line:56 - 线程唤醒开始执行.......
2021-03-05 16:58:09.712 [http-nio-8989-exec-6] INFO  c.z.e.controller.SearchCloumnMeaasgeData -[thSearchCloumnCome] Line:58 - 当前线程结束开启下次线程.......
2021-03-05 16:58:09.713 [http-nio-8989-exec-6] INFO  c.z.e.controller.SearchCloumnMeaasgeData -[thSearchCloumnCome] Line:54 - 线程休眠.......
2021-03-05 16:58:12.719 [http-nio-8989-exec-6] INFO  c.z.e.controller.SearchCloumnMeaasgeData -[thSearchCloumnCome] Line:56 - 线程唤醒开始执行.......
2021-03-05 16:58:12.732 [http-nio-8989-exec-6] INFO  c.z.e.controller.SearchCloumnMeaasgeData -[thSearchCloumnCome] Line:58 - 当前线程结束开启下次线程.......
2021-03-05 16:58:12.732 [http-nio-8989-exec-6] INFO  c.z.e.controller.SearchCloumnMeaasgeData -[thSearchCloumnCome] Line:54 - 线程休眠.......
2021-03-05 16:58:15.743 [http-nio-8989-exec-6] INFO  c.z.e.controller.SearchCloumnMeaasgeData -[thSearchCloumnCome] Line:56 - 线程唤醒开始执行.......
2021-03-05 16:58:15.758 [http-nio-8989-exec-6] INFO  c.z.e.controller.SearchCloumnMeaasgeData -[thSearchCloumnCome] Line:58 - 当前线程结束开启下次线程.......
2021-03-05 16:58:15.758 [http-nio-8989-exec-6] INFO  c.z.e.controller.SearchCloumnMeaasgeData -[thSearchCloumnCome] Line:54 - 线程休眠.......
2021-03-05 16:58:18.767 [http-nio-8989-exec-6] INFO  c.z.e.controller.SearchCloumnMeaasgeData -[thSearchCloumnCome] Line:56 - 线程唤醒开始执行.......
2021-03-05 16:58:18.839 [http-nio-8989-exec-6] INFO  c.z.e.controller.SearchCloumnMeaasgeData -[thSearchCloumnCome] Line:58 - 当前线程结束开启下次线程.......
2021-03-05 16:58:18.839 [http-nio-8989-exec-6] INFO  c.z.e.controller.SearchCloumnMeaasgeData -[thSearchCloumnCome] Line:54 - 线程休眠.......
2021-03-05 16:58:21.841 [http-nio-8989-exec-6] INFO  c.z.e.controller.SearchCloumnMeaasgeData -[thSearchCloumnCome] Line:56 - 线程唤醒开始执行.......
2021-03-05 16:58:21.860 [http-nio-8989-exec-6] INFO  c.z.e.controller.SearchCloumnMeaasgeData -[thSearchCloumnCome] Line:58 - 当前线程结束开启下次线程.......
2021-03-05 16:58:21.860 [http-nio-8989-exec-6] INFO  c.z.e.controller.SearchCloumnMeaasgeData -[thSearchCloumnCome] Line:54 - 线程休眠.......
2021-03-05 16:58:24.864 [http-nio-8989-exec-6] INFO  c.z.e.controller.SearchCloumnMeaasgeData -[thSearchCloumnCome] Line:56 - 线程唤醒开始执行.......
2021-03-05 16:58:24.879 [http-nio-8989-exec-6] INFO  c.z.e.controller.SearchCloumnMeaasgeData -[thSearchCloumnCome] Line:58 - 当前线程结束开启下次线程.......
2021-03-05 16:58:24.880 [http-nio-8989-exec-6] INFO  c.z.e.controller.SearchCloumnMeaasgeData -[thSearchCloumnCome] Line:54 - 线程休眠.......
2021-03-05 16:58:27.881 [http-nio-8989-exec-6] INFO  c.z.e.controller.SearchCloumnMeaasgeData -[thSearchCloumnCome] Line:56 - 线程唤醒开始执行.......
2021-03-05 16:58:27.886 [http-nio-8989-exec-6] INFO  c.z.e.controller.SearchCloumnMeaasgeData -[thSearchCloumnCome] Line:58 - 当前线程结束开启下次线程.......
2021-03-05 16:58:27.886 [http-nio-8989-exec-6] INFO  c.z.e.controller.SearchCloumnMeaasgeData -[thSearchCloumnCome] Line:54 - 线程休眠.......
2021-03-05 16:58:30.890 [http-nio-8989-exec-6] INFO  c.z.e.controller.SearchCloumnMeaasgeData -[thSearchCloumnCome] Line:56 - 线程唤醒开始执行.......
2021-03-05 16:58:30.902 [http-nio-8989-exec-6] INFO  c.z.e.controller.SearchCloumnMeaasgeData -[thSearchCloumnCome] Line:58 - 当前线程结束开启下次线程.......
2021-03-05 16:58:30.902 [http-nio-8989-exec-6] INFO  c.z.e.controller.SearchCloumnMeaasgeData -[thSearchCloumnCome] Line:54 - 线程休眠.......
2021-03-05 16:58:33.905 [http-nio-8989-exec-6] INFO  c.z.e.controller.SearchCloumnMeaasgeData -[thSearchCloumnCome] Line:56 - 线程唤醒开始执行.......
2021-03-05 16:58:33.924 [http-nio-8989-exec-6] INFO  c.z.e.controller.SearchCloumnMeaasgeData -[thSearchCloumnCome] Line:58 - 当前线程结束开启下次线程.......
2021-03-05 16:58:33.925 [http-nio-8989-exec-6] INFO  c.z.e.controller.SearchCloumnMeaasgeData -[thSearchCloumnCome] Line:54 - 线程休眠.......
2021-03-05 16:58:36.936 [http-nio-8989-exec-6] INFO  c.z.e.controller.SearchCloumnMeaasgeData -[thSearchCloumnCome] Line:56 - 线程唤醒开始执行.......
2021-03-05 16:58:36.954 [http-nio-8989-exec-6] INFO  c.z.e.controller.SearchCloumnMeaasgeData -[thSearchCloumnCome] Line:58 - 当前线程结束开启下次线程.......
2021-03-05 16:58:36.954 [http-nio-8989-exec-6] INFO  c.z.e.controller.SearchCloumnMeaasgeData -[thSearchCloumnCome] Line:54 - 线程休眠.......
2021-03-05 16:58:39.963 [http-nio-8989-exec-6] INFO  c.z.e.controller.SearchCloumnMeaasgeData -[thSearchCloumnCome] Line:56 - 线程唤醒开始执行.......
2021-03-05 16:58:39.975 [http-nio-8989-exec-6] INFO  c.z.e.controller.SearchCloumnMeaasgeData -[thSearchCloumnCome] Line:58 - 当前线程结束开启下次线程.......
2021-03-05 16:58:39.975 [http-nio-8989-exec-6] INFO  c.z.e.controller.SearchCloumnMeaasgeData -[thSearchCloumnCome] Line:54 - 线程休眠.......
2021-03-05 16:58:42.976 [http-nio-8989-exec-6] INFO  c.z.e.controller.SearchCloumnMeaasgeData -[thSearchCloumnCome] Line:56 - 线程唤醒开始执行.......
2021-03-05 16:58:42.979 [http-nio-8989-exec-6] INFO  c.z.e.controller.SearchCloumnMeaasgeData -[thSearchCloumnCome] Line:58 - 当前线程结束开启下次线程.......
2021-03-05 16:58:42.979 [http-nio-8989-exec-6] INFO  c.z.e.controller.SearchCloumnMeaasgeData -[thSearchCloumnCome] Line:54 - 线程休眠.......
2021-03-05 16:58:45.984 [http-nio-8989-exec-6] INFO  c.z.e.controller.SearchCloumnMeaasgeData -[thSearchCloumnCome] Line:56 - 线程唤醒开始执行.......
2021-03-05 16:58:45.987 [http-nio-8989-exec-6] INFO  c.z.e.controller.SearchCloumnMeaasgeData -[thSearchCloumnCome] Line:58 - 当前线程结束开启下次线程.......
2021-03-05 16:58:45.988 [http-nio-8989-exec-6] INFO  c.z.e.controller.SearchCloumnMeaasgeData -[thSearchCloumnCome] Line:54 - 线程休眠.......
2021-03-05 16:58:48.993 [http-nio-8989-exec-6] INFO  c.z.e.controller.SearchCloumnMeaasgeData -[thSearchCloumnCome] Line:56 - 线程唤醒开始执行.......
2021-03-05 16:58:48.998 [http-nio-8989-exec-6] INFO  c.z.e.controller.SearchCloumnMeaasgeData -[thSearchCloumnCome] Line:58 - 当前线程结束开启下次线程.......
2021-03-05 16:58:48.998 [http-nio-8989-exec-6] INFO  c.z.e.controller.SearchCloumnMeaasgeData -[thSearchCloumnCome] Line:54 - 线程休眠.......
2021-03-05 16:58:51.998 [http-nio-8989-exec-6] INFO  c.z.e.controller.SearchCloumnMeaasgeData -[thSearchCloumnCome] Line:56 - 线程唤醒开始执行.......
2021-03-05 16:58:52.003 [http-nio-8989-exec-6] INFO  c.z.e.controller.SearchCloumnMeaasgeData -[thSearchCloumnCome] Line:58 - 当前线程结束开启下次线程.......
2021-03-05 16:58:52.004 [http-nio-8989-exec-6] INFO  c.z.e.controller.SearchCloumnMeaasgeData -[thSearchCloumnCome] Line:54 - 线程休眠.......
2021-03-05 16:58:55.019 [http-nio-8989-exec-6] INFO  c.z.e.controller.SearchCloumnMeaasgeData -[thSearchCloumnCome] Line:56 - 线程唤醒开始执行.......
2021-03-05 16:58:55.035 [http-nio-8989-exec-6] INFO  c.z.e.controller.SearchCloumnMeaasgeData -[thSearchCloumnCome] Line:58 - 当前线程结束开启下次线程.......
2021-03-05 16:58:55.036 [http-nio-8989-exec-6] INFO  c.z.e.controller.SearchCloumnMeaasgeData -[thSearchCloumnCome] Line:54 - 线程休眠.......
2021-03-05 16:58:58.048 [http-nio-8989-exec-6] INFO  c.z.e.controller.SearchCloumnMeaasgeData -[thSearchCloumnCome] Line:56 - 线程唤醒开始执行.......
2021-03-05 16:58:58.060 [http-nio-8989-exec-6] INFO  c.z.e.controller.SearchCloumnMeaasgeData -[thSearchCloumnCome] Line:58 - 当前线程结束开启下次线程.......
2021-03-05 16:58:58.061 [http-nio-8989-exec-6] INFO  c.z.e.controller.SearchCloumnMeaasgeData -[thSearchCloumnCome] Line:54 - 线程休眠.......
2021-03-05 16:59:01.074 [http-nio-8989-exec-6] INFO  c.z.e.controller.SearchCloumnMeaasgeData -[thSearchCloumnCome] Line:56 - 线程唤醒开始执行.......
2021-03-05 16:59:01.077 [http-nio-8989-exec-6] INFO  c.z.e.controller.SearchCloumnMeaasgeData -[thSearchCloumnCome] Line:58 - 当前线程结束开启下次线程.......
2021-03-05 16:59:01.077 [http-nio-8989-exec-6] INFO  c.z.e.controller.SearchCloumnMeaasgeData -[thSearchCloumnCome] Line:54 - 线程休眠.......
2021-03-05 16:59:04.091 [http-nio-8989-exec-6] INFO  c.z.e.controller.SearchCloumnMeaasgeData -[thSearchCloumnCome] Line:56 - 线程唤醒开始执行.......
2021-03-05 16:59:04.105 [http-nio-8989-exec-6] INFO  c.z.e.controller.SearchCloumnMeaasgeData -[thSearchCloumnCome] Line:58 - 当前线程结束开启下次线程.......
2021-03-05 16:59:04.105 [http-nio-8989-exec-6] INFO  c.z.e.controller.SearchCloumnMeaasgeData -[thSearchCloumnCome] Line:54 - 线程休眠.......
2021-03-05 16:59:07.110 [http-nio-8989-exec-6] INFO  c.z.e.controller.SearchCloumnMeaasgeData -[thSearchCloumnCome] Line:56 - 线程唤醒开始执行.......
2021-03-05 16:59:07.123 [http-nio-8989-exec-6] INFO  c.z.e.controller.SearchCloumnMeaasgeData -[thSearchCloumnCome] Line:58 - 当前线程结束开启下次线程.......
2021-03-05 16:59:07.123 [http-nio-8989-exec-6] INFO  c.z.e.controller.SearchCloumnMeaasgeData -[thSearchCloumnCome] Line:54 - 线程休眠.......
2021-03-05 16:59:10.131 [http-nio-8989-exec-6] INFO  c.z.e.controller.SearchCloumnMeaasgeData -[thSearchCloumnCome] Line:56 - 线程唤醒开始执行.......
2021-03-05 16:59:10.143 [http-nio-8989-exec-6] INFO  c.z.e.controller.SearchCloumnMeaasgeData -[thSearchCloumnCome] Line:58 - 当前线程结束开启下次线程.......
2021-03-05 16:59:10.143 [http-nio-8989-exec-6] INFO  c.z.e.controller.SearchCloumnMeaasgeData -[thSearchCloumnCome] Line:54 - 线程休眠.......
2021-03-05 16:59:13.154 [http-nio-8989-exec-6] INFO  c.z.e.controller.SearchCloumnMeaasgeData -[thSearchCloumnCome] Line:56 - 线程唤醒开始执行.......
2021-03-05 16:59:13.166 [http-nio-8989-exec-6] INFO  c.z.e.controller.SearchCloumnMeaasgeData -[thSearchCloumnCome] Line:58 - 当前线程结束开启下次线程.......
2021-03-05 16:59:13.166 [http-nio-8989-exec-6] INFO  c.z.e.controller.SearchCloumnMeaasgeData -[thSearchCloumnCome] Line:54 - 线程休眠.......
2021-03-05 16:59:16.168 [http-nio-8989-exec-6] INFO  c.z.e.controller.SearchCloumnMeaasgeData -[thSearchCloumnCome] Line:56 - 线程唤醒开始执行.......
2021-03-05 16:59:16.174 [http-nio-8989-exec-6] INFO  c.z.e.controller.SearchCloumnMeaasgeData -[thSearchCloumnCome] Line:58 - 当前线程结束开启下次线程.......
2021-03-05 16:59:16.174 [http-nio-8989-exec-6] INFO  c.z.e.controller.SearchCloumnMeaasgeData -[thSearchCloumnCome] Line:54 - 线程休眠.......
2021-03-05 16:59:19.180 [http-nio-8989-exec-6] INFO  c.z.e.controller.SearchCloumnMeaasgeData -[thSearchCloumnCome] Line:56 - 线程唤醒开始执行.......
2021-03-05 16:59:19.188 [http-nio-8989-exec-6] INFO  c.z.e.controller.SearchCloumnMeaasgeData -[thSearchCloumnCome] Line:58 - 当前线程结束开启下次线程.......
2021-03-05 16:59:19.189 [http-nio-8989-exec-6] INFO  c.z.e.controller.SearchCloumnMeaasgeData -[thSearchCloumnCome] Line:54 - 线程休眠.......
2021-03-05 16:59:22.203 [http-nio-8989-exec-6] INFO  c.z.e.controller.SearchCloumnMeaasgeData -[thSearchCloumnCome] Line:56 - 线程唤醒开始执行.......
2021-03-05 16:59:22.214 [http-nio-8989-exec-6] INFO  c.z.e.controller.SearchCloumnMeaasgeData -[thSearchCloumnCome] Line:58 - 当前线程结束开启下次线程.......
2021-03-05 16:59:22.214 [http-nio-8989-exec-6] INFO  c.z.e.controller.SearchCloumnMeaasgeData -[thSearchCloumnCome] Line:54 - 线程休眠.......
2021-03-05 16:59:25.220 [http-nio-8989-exec-6] INFO  c.z.e.controller.SearchCloumnMeaasgeData -[thSearchCloumnCome] Line:56 - 线程唤醒开始执行.......
2021-03-05 16:59:25.230 [http-nio-8989-exec-6] INFO  c.z.e.controller.SearchCloumnMeaasgeData -[thSearchCloumnCome] Line:58 - 当前线程结束开启下次线程.......
2021-03-05 16:59:25.231 [http-nio-8989-exec-6] INFO  c.z.e.controller.SearchCloumnMeaasgeData -[thSearchCloumnCome] Line:54 - 线程休眠.......
2021-03-05 16:59:28.240 [http-nio-8989-exec-6] INFO  c.z.e.controller.SearchCloumnMeaasgeData -[thSearchCloumnCome] Line:56 - 线程唤醒开始执行.......
2021-03-05 16:59:28.243 [http-nio-8989-exec-6] INFO  c.z.e.controller.SearchCloumnMeaasgeData -[thSearchCloumnCome] Line:58 - 当前线程结束开启下次线程.......
2021-03-05 16:59:28.243 [http-nio-8989-exec-6] INFO  c.z.e.controller.SearchCloumnMeaasgeData -[thSearchCloumnCome] Line:60 - 线程结束.......
2021-03-05 17:04:40.729 [http-nio-8989-exec-9] INFO  c.z.e.controller.SearchCloumnMeaasgeData -[toSearchPage] Line:33 - 到达全文检索特殊字符页面....
2021-03-05 17:04:40.729 [http-nio-8989-exec-9] INFO  c.z.e.controller.SearchCloumnMeaasgeData -[toSearchPage] Line:34 - 开始查询匹配信息返回...
2021-03-05 17:04:40.735 [http-nio-8989-exec-9] INFO  c.z.e.controller.SearchCloumnMeaasgeData -[toSearchPage] Line:39 - 需要修改的总记录数：11
2021-03-05 17:05:18.255 [http-nio-8989-exec-10] INFO  c.z.e.controller.SearchCloumnMeaasgeData -[thSearchCloumnCome] Line:52 - 线程开启.......
2021-03-05 17:05:18.256 [http-nio-8989-exec-10] INFO  c.z.e.controller.SearchCloumnMeaasgeData -[thSearchCloumnCome] Line:54 - 线程休眠.......
2021-03-05 17:05:21.259 [http-nio-8989-exec-10] INFO  c.z.e.controller.SearchCloumnMeaasgeData -[thSearchCloumnCome] Line:56 - 线程唤醒开始执行.......
2021-03-05 17:05:21.273 [http-nio-8989-exec-10] INFO  c.z.e.controller.SearchCloumnMeaasgeData -[thSearchCloumnCome] Line:58 - 当前线程结束开启下次线程.......
2021-03-05 17:05:21.273 [http-nio-8989-exec-10] INFO  c.z.e.controller.SearchCloumnMeaasgeData -[thSearchCloumnCome] Line:54 - 线程休眠.......
2021-03-05 17:05:24.285 [http-nio-8989-exec-10] INFO  c.z.e.controller.SearchCloumnMeaasgeData -[thSearchCloumnCome] Line:56 - 线程唤醒开始执行.......
2021-03-05 17:05:24.717 [http-nio-8989-exec-10] INFO  c.z.e.controller.SearchCloumnMeaasgeData -[thSearchCloumnCome] Line:58 - 当前线程结束开启下次线程.......
2021-03-05 17:05:24.717 [http-nio-8989-exec-10] INFO  c.z.e.controller.SearchCloumnMeaasgeData -[thSearchCloumnCome] Line:54 - 线程休眠.......
2021-03-05 17:05:27.732 [http-nio-8989-exec-10] INFO  c.z.e.controller.SearchCloumnMeaasgeData -[thSearchCloumnCome] Line:56 - 线程唤醒开始执行.......
2021-03-05 17:05:27.912 [http-nio-8989-exec-10] INFO  c.z.e.controller.SearchCloumnMeaasgeData -[thSearchCloumnCome] Line:58 - 当前线程结束开启下次线程.......
2021-03-05 17:05:27.912 [http-nio-8989-exec-10] INFO  c.z.e.controller.SearchCloumnMeaasgeData -[thSearchCloumnCome] Line:54 - 线程休眠.......
2021-03-05 17:05:30.919 [http-nio-8989-exec-10] INFO  c.z.e.controller.SearchCloumnMeaasgeData -[thSearchCloumnCome] Line:56 - 线程唤醒开始执行.......
2021-03-05 17:05:30.930 [http-nio-8989-exec-10] INFO  c.z.e.controller.SearchCloumnMeaasgeData -[thSearchCloumnCome] Line:58 - 当前线程结束开启下次线程.......
2021-03-05 17:05:30.931 [http-nio-8989-exec-10] INFO  c.z.e.controller.SearchCloumnMeaasgeData -[thSearchCloumnCome] Line:54 - 线程休眠.......
2021-03-05 17:05:33.941 [http-nio-8989-exec-10] INFO  c.z.e.controller.SearchCloumnMeaasgeData -[thSearchCloumnCome] Line:56 - 线程唤醒开始执行.......
2021-03-05 17:05:33.960 [http-nio-8989-exec-10] INFO  c.z.e.controller.SearchCloumnMeaasgeData -[thSearchCloumnCome] Line:58 - 当前线程结束开启下次线程.......
2021-03-05 17:05:33.961 [http-nio-8989-exec-10] INFO  c.z.e.controller.SearchCloumnMeaasgeData -[thSearchCloumnCome] Line:54 - 线程休眠.......
2021-03-05 17:05:36.974 [http-nio-8989-exec-10] INFO  c.z.e.controller.SearchCloumnMeaasgeData -[thSearchCloumnCome] Line:56 - 线程唤醒开始执行.......
2021-03-05 17:05:36.990 [http-nio-8989-exec-10] INFO  c.z.e.controller.SearchCloumnMeaasgeData -[thSearchCloumnCome] Line:58 - 当前线程结束开启下次线程.......
2021-03-05 17:05:36.991 [http-nio-8989-exec-10] INFO  c.z.e.controller.SearchCloumnMeaasgeData -[thSearchCloumnCome] Line:54 - 线程休眠.......
2021-03-05 17:05:40.001 [http-nio-8989-exec-10] INFO  c.z.e.controller.SearchCloumnMeaasgeData -[thSearchCloumnCome] Line:56 - 线程唤醒开始执行.......
2021-03-05 17:05:40.008 [http-nio-8989-exec-10] INFO  c.z.e.controller.SearchCloumnMeaasgeData -[thSearchCloumnCome] Line:58 - 当前线程结束开启下次线程.......
2021-03-05 17:05:40.008 [http-nio-8989-exec-10] INFO  c.z.e.controller.SearchCloumnMeaasgeData -[thSearchCloumnCome] Line:54 - 线程休眠.......
2021-03-05 17:05:43.021 [http-nio-8989-exec-10] INFO  c.z.e.controller.SearchCloumnMeaasgeData -[thSearchCloumnCome] Line:56 - 线程唤醒开始执行.......
2021-03-05 17:05:43.042 [http-nio-8989-exec-10] INFO  c.z.e.controller.SearchCloumnMeaasgeData -[thSearchCloumnCome] Line:58 - 当前线程结束开启下次线程.......
2021-03-05 17:05:43.043 [http-nio-8989-exec-10] INFO  c.z.e.controller.SearchCloumnMeaasgeData -[thSearchCloumnCome] Line:54 - 线程休眠.......
2021-03-05 17:05:46.055 [http-nio-8989-exec-10] INFO  c.z.e.controller.SearchCloumnMeaasgeData -[thSearchCloumnCome] Line:56 - 线程唤醒开始执行.......
2021-03-05 17:05:46.073 [http-nio-8989-exec-10] INFO  c.z.e.controller.SearchCloumnMeaasgeData -[thSearchCloumnCome] Line:58 - 当前线程结束开启下次线程.......
2021-03-05 17:05:46.073 [http-nio-8989-exec-10] INFO  c.z.e.controller.SearchCloumnMeaasgeData -[thSearchCloumnCome] Line:54 - 线程休眠.......
2021-03-05 17:05:49.087 [http-nio-8989-exec-10] INFO  c.z.e.controller.SearchCloumnMeaasgeData -[thSearchCloumnCome] Line:56 - 线程唤醒开始执行.......
2021-03-05 17:05:49.099 [http-nio-8989-exec-10] INFO  c.z.e.controller.SearchCloumnMeaasgeData -[thSearchCloumnCome] Line:58 - 当前线程结束开启下次线程.......
2021-03-05 17:05:49.099 [http-nio-8989-exec-10] INFO  c.z.e.controller.SearchCloumnMeaasgeData -[thSearchCloumnCome] Line:54 - 线程休眠.......
2021-03-05 17:05:52.108 [http-nio-8989-exec-10] INFO  c.z.e.controller.SearchCloumnMeaasgeData -[thSearchCloumnCome] Line:56 - 线程唤醒开始执行.......
2021-03-05 17:05:52.125 [http-nio-8989-exec-10] INFO  c.z.e.controller.SearchCloumnMeaasgeData -[thSearchCloumnCome] Line:58 - 当前线程结束开启下次线程.......
2021-03-05 17:05:52.125 [http-nio-8989-exec-10] INFO  c.z.e.controller.SearchCloumnMeaasgeData -[thSearchCloumnCome] Line:60 - 线程结束.......
2021-03-05 17:07:31.817 [http-nio-8989-exec-4] INFO  c.z.e.controller.SearchCloumnMeaasgeData -[toSearchPage] Line:33 - 到达全文检索特殊字符页面....
2021-03-05 17:07:31.817 [http-nio-8989-exec-4] INFO  c.z.e.controller.SearchCloumnMeaasgeData -[toSearchPage] Line:34 - 开始查询匹配信息返回...
2021-03-05 17:07:31.823 [http-nio-8989-exec-4] INFO  c.z.e.controller.SearchCloumnMeaasgeData -[toSearchPage] Line:39 - 需要修改的总记录数：1
2021-03-05 17:07:44.004 [http-nio-8989-exec-3] INFO  c.z.e.controller.SearchCloumnMeaasgeData -[thSearchCloumnCome] Line:52 - 线程开启.......
2021-03-05 17:07:44.005 [http-nio-8989-exec-3] INFO  c.z.e.controller.SearchCloumnMeaasgeData -[thSearchCloumnCome] Line:54 - 线程休眠.......
2021-03-05 17:07:47.006 [http-nio-8989-exec-3] INFO  c.z.e.controller.SearchCloumnMeaasgeData -[thSearchCloumnCome] Line:56 - 线程唤醒开始执行.......
2021-03-05 17:07:47.022 [http-nio-8989-exec-3] INFO  c.z.e.controller.SearchCloumnMeaasgeData -[thSearchCloumnCome] Line:58 - 当前线程结束开启下次线程.......
2021-03-05 17:07:47.022 [http-nio-8989-exec-3] INFO  c.z.e.controller.SearchCloumnMeaasgeData -[thSearchCloumnCome] Line:60 - 线程结束.......
2021-03-05 17:12:25.344 [http-nio-8989-exec-9] INFO  c.z.e.controller.CommnetEntityController -[getcommentMessageBiao] Line:33 - 开始查询数据库操作....
2021-03-05 17:12:25.358 [http-nio-8989-exec-9] INFO  c.z.e.controller.CommnetEntityController -[getcommentMessageBiao] Line:36 - 开始数据共享缓存中....
2021-03-05 17:12:27.797 [http-nio-8989-exec-10] INFO  c.z.e.controller.CommnetEntityController -[getcommentMessageBiao] Line:33 - 开始查询数据库操作....
2021-03-05 17:12:27.805 [http-nio-8989-exec-10] INFO  c.z.e.controller.CommnetEntityController -[getcommentMessageBiao] Line:36 - 开始数据共享缓存中....
2021-03-05 17:12:36.875 [http-nio-8989-exec-3] INFO  c.zkr.excprodatacomment.controller.ExcelController -[excelindex] Line:34 - 数据读取界都控制器....
2021-03-05 18:13:38.192 [lettuce-nioEventLoop-4-1] INFO  io.lettuce.core.protocol.CommandHandler -[log] Line:217- null Unexpected exception during request: java.io.IOException: 远程主机强迫关闭了一个现有的连接。
java.io.IOException: 远程主机强迫关闭了一个现有的连接。
	at sun.nio.ch.SocketDispatcher.read0(Native Method)
	at sun.nio.ch.SocketDispatcher.read(SocketDispatcher.java:43)
	at sun.nio.ch.IOUtil.readIntoNativeBuffer(IOUtil.java:223)
	at sun.nio.ch.IOUtil.read(IOUtil.java:192)
	at sun.nio.ch.SocketChannelImpl.read(SocketChannelImpl.java:380)
	at io.netty.buffer.PooledByteBuf.setBytes(PooledByteBuf.java:253)
	at io.netty.buffer.AbstractByteBuf.writeBytes(AbstractByteBuf.java:1134)
	at io.netty.channel.socket.nio.NioSocketChannel.doReadBytes(NioSocketChannel.java:350)
	at io.netty.channel.nio.AbstractNioByteChannel$NioByteUnsafe.read(AbstractNioByteChannel.java:151)
	at io.netty.channel.nio.NioEventLoop.processSelectedKey(NioEventLoop.java:719)
	at io.netty.channel.nio.NioEventLoop.processSelectedKeysOptimized(NioEventLoop.java:655)
	at io.netty.channel.nio.NioEventLoop.processSelectedKeys(NioEventLoop.java:581)
	at io.netty.channel.nio.NioEventLoop.run(NioEventLoop.java:493)
	at io.netty.util.concurrent.SingleThreadEventExecutor$4.run(SingleThreadEventExecutor.java:989)
	at io.netty.util.internal.ThreadExecutorMap$2.run(ThreadExecutorMap.java:74)
	at io.netty.util.concurrent.FastThreadLocalRunnable.run(FastThreadLocalRunnable.java:30)
	at java.lang.Thread.run(Thread.java:748)
2021-03-05 18:13:38.326 [lettuce-eventExecutorLoop-1-5] INFO  io.lettuce.core.protocol.ConnectionWatchdog -[log] Line:171- Reconnecting, last destination was /121.5.10.163:6379
2021-03-05 18:13:39.250 [lettuce-nioEventLoop-4-8] INFO  io.lettuce.core.protocol.ReconnectionHandler -[lambda$null$3] Line:164- Reconnected to 121.5.10.163:6379
