2021-03-05 10:00:37.788 [main] DEBUG org.mybatis.spring.mapper.ClassPathMapperScanner -[scanCandidateComponents] Line:435- Identified candidate component class: file [D:\IntelliJIDEA\IdeaProject\datascourcespring\excpro-data-comment\target\classes\com\zkr\excprodatacomment\mapper\CommnetEntityMapper.class]
2021-03-05 10:00:37.791 [main] DEBUG org.mybatis.spring.mapper.ClassPathMapperScanner -[scanCandidateComponents] Line:435- Identified candidate component class: file [D:\IntelliJIDEA\IdeaProject\datascourcespring\excpro-data-comment\target\classes\com\zkr\excprodatacomment\mapper\SearchCloumnsMeaasgeMapper.class]
2021-03-05 10:00:37.792 [main] DEBUG org.mybatis.spring.mapper.ClassPathMapperScanner -[scanCandidateComponents] Line:435- Identified candidate component class: file [D:\IntelliJIDEA\IdeaProject\datascourcespring\excpro-data-comment\target\classes\com\zkr\excprodatacomment\mapper\TablesAllNameMapper.class]
2021-03-05 10:00:37.793 [main] DEBUG org.mybatis.spring.mapper.ClassPathMapperScanner -[processBeanDefinitions] Line:180- Creating MapperFactoryBean with name 'commnetEntityMapper' and 'com.zkr.excprodatacomment.mapper.CommnetEntityMapper' mapperInterface
2021-03-05 10:00:37.798 [main] DEBUG org.mybatis.spring.mapper.ClassPathMapperScanner -[processBeanDefinitions] Line:216- Enabling autowire by type for MapperFactoryBean with name 'commnetEntityMapper'.
2021-03-05 10:00:37.798 [main] DEBUG org.mybatis.spring.mapper.ClassPathMapperScanner -[processBeanDefinitions] Line:180- Creating MapperFactoryBean with name 'searchCloumnsMeaasgeMapper' and 'com.zkr.excprodatacomment.mapper.SearchCloumnsMeaasgeMapper' mapperInterface
2021-03-05 10:00:37.799 [main] DEBUG org.mybatis.spring.mapper.ClassPathMapperScanner -[processBeanDefinitions] Line:216- Enabling autowire by type for MapperFactoryBean with name 'searchCloumnsMeaasgeMapper'.
2021-03-05 10:00:37.800 [main] DEBUG org.mybatis.spring.mapper.ClassPathMapperScanner -[processBeanDefinitions] Line:180- Creating MapperFactoryBean with name 'tablesAllNameMapper' and 'com.zkr.excprodatacomment.mapper.TablesAllNameMapper' mapperInterface
2021-03-05 10:00:37.801 [main] DEBUG org.mybatis.spring.mapper.ClassPathMapperScanner -[processBeanDefinitions] Line:216- Enabling autowire by type for MapperFactoryBean with name 'tablesAllNameMapper'.
2021-03-05 10:19:34.405 [main] DEBUG org.mybatis.spring.mapper.ClassPathMapperScanner -[scanCandidateComponents] Line:435- Identified candidate component class: file [D:\IntelliJIDEA\IdeaProject\datascourcespring\excpro-data-comment\target\classes\com\zkr\excprodatacomment\mapper\CommnetEntityMapper.class]
2021-03-05 10:19:34.410 [main] DEBUG org.mybatis.spring.mapper.ClassPathMapperScanner -[scanCandidateComponents] Line:435- Identified candidate component class: file [D:\IntelliJIDEA\IdeaProject\datascourcespring\excpro-data-comment\target\classes\com\zkr\excprodatacomment\mapper\SearchCloumnsMeaasgeMapper.class]
2021-03-05 10:19:34.412 [main] DEBUG org.mybatis.spring.mapper.ClassPathMapperScanner -[scanCandidateComponents] Line:435- Identified candidate component class: file [D:\IntelliJIDEA\IdeaProject\datascourcespring\excpro-data-comment\target\classes\com\zkr\excprodatacomment\mapper\TablesAllNameMapper.class]
2021-03-05 10:19:34.413 [main] DEBUG org.mybatis.spring.mapper.ClassPathMapperScanner -[processBeanDefinitions] Line:180- Creating MapperFactoryBean with name 'commnetEntityMapper' and 'com.zkr.excprodatacomment.mapper.CommnetEntityMapper' mapperInterface
2021-03-05 10:19:34.418 [main] DEBUG org.mybatis.spring.mapper.ClassPathMapperScanner -[processBeanDefinitions] Line:216- Enabling autowire by type for MapperFactoryBean with name 'commnetEntityMapper'.
2021-03-05 10:19:34.421 [main] DEBUG org.mybatis.spring.mapper.ClassPathMapperScanner -[processBeanDefinitions] Line:180- Creating MapperFactoryBean with name 'searchCloumnsMeaasgeMapper' and 'com.zkr.excprodatacomment.mapper.SearchCloumnsMeaasgeMapper' mapperInterface
2021-03-05 10:19:34.422 [main] DEBUG org.mybatis.spring.mapper.ClassPathMapperScanner -[processBeanDefinitions] Line:216- Enabling autowire by type for MapperFactoryBean with name 'searchCloumnsMeaasgeMapper'.
2021-03-05 10:19:34.424 [main] DEBUG org.mybatis.spring.mapper.ClassPathMapperScanner -[processBeanDefinitions] Line:180- Creating MapperFactoryBean with name 'tablesAllNameMapper' and 'com.zkr.excprodatacomment.mapper.TablesAllNameMapper' mapperInterface
2021-03-05 10:19:34.424 [main] DEBUG org.mybatis.spring.mapper.ClassPathMapperScanner -[processBeanDefinitions] Line:216- Enabling autowire by type for MapperFactoryBean with name 'tablesAllNameMapper'.
2021-03-05 10:36:22.485 [main] DEBUG org.mybatis.spring.mapper.ClassPathMapperScanner -[scanCandidateComponents] Line:435- Identified candidate component class: file [D:\IntelliJIDEA\IdeaProject\datascourcespring\excpro-data-comment\target\classes\com\zkr\excprodatacomment\mapper\CommnetEntityMapper.class]
2021-03-05 10:36:22.485 [main] DEBUG org.mybatis.spring.mapper.ClassPathMapperScanner -[scanCandidateComponents] Line:435- Identified candidate component class: file [D:\IntelliJIDEA\IdeaProject\datascourcespring\excpro-data-comment\target\classes\com\zkr\excprodatacomment\mapper\SearchCloumnsMeaasgeMapper.class]
2021-03-05 10:36:22.486 [main] DEBUG org.mybatis.spring.mapper.ClassPathMapperScanner -[scanCandidateComponents] Line:435- Identified candidate component class: file [D:\IntelliJIDEA\IdeaProject\datascourcespring\excpro-data-comment\target\classes\com\zkr\excprodatacomment\mapper\TablesAllNameMapper.class]
2021-03-05 10:36:22.488 [main] DEBUG org.mybatis.spring.mapper.ClassPathMapperScanner -[processBeanDefinitions] Line:180- Creating MapperFactoryBean with name 'commnetEntityMapper' and 'com.zkr.excprodatacomment.mapper.CommnetEntityMapper' mapperInterface
2021-03-05 10:36:22.491 [main] DEBUG org.mybatis.spring.mapper.ClassPathMapperScanner -[processBeanDefinitions] Line:216- Enabling autowire by type for MapperFactoryBean with name 'commnetEntityMapper'.
2021-03-05 10:36:22.508 [main] DEBUG org.mybatis.spring.mapper.ClassPathMapperScanner -[processBeanDefinitions] Line:180- Creating MapperFactoryBean with name 'searchCloumnsMeaasgeMapper' and 'com.zkr.excprodatacomment.mapper.SearchCloumnsMeaasgeMapper' mapperInterface
2021-03-05 10:36:22.509 [main] DEBUG org.mybatis.spring.mapper.ClassPathMapperScanner -[processBeanDefinitions] Line:216- Enabling autowire by type for MapperFactoryBean with name 'searchCloumnsMeaasgeMapper'.
2021-03-05 10:36:22.515 [main] DEBUG org.mybatis.spring.mapper.ClassPathMapperScanner -[processBeanDefinitions] Line:180- Creating MapperFactoryBean with name 'tablesAllNameMapper' and 'com.zkr.excprodatacomment.mapper.TablesAllNameMapper' mapperInterface
2021-03-05 10:36:22.517 [main] DEBUG org.mybatis.spring.mapper.ClassPathMapperScanner -[processBeanDefinitions] Line:216- Enabling autowire by type for MapperFactoryBean with name 'tablesAllNameMapper'.
2021-03-05 10:46:11.120 [main] DEBUG org.mybatis.spring.mapper.ClassPathMapperScanner -[scanCandidateComponents] Line:435- Identified candidate component class: file [D:\IntelliJIDEA\IdeaProject\datascourcespring\excpro-data-comment\target\classes\com\zkr\excprodatacomment\mapper\CommnetEntityMapper.class]
2021-03-05 10:46:11.121 [main] DEBUG org.mybatis.spring.mapper.ClassPathMapperScanner -[scanCandidateComponents] Line:435- Identified candidate component class: file [D:\IntelliJIDEA\IdeaProject\datascourcespring\excpro-data-comment\target\classes\com\zkr\excprodatacomment\mapper\SearchCloumnsMeaasgeMapper.class]
2021-03-05 10:46:11.121 [main] DEBUG org.mybatis.spring.mapper.ClassPathMapperScanner -[scanCandidateComponents] Line:435- Identified candidate component class: file [D:\IntelliJIDEA\IdeaProject\datascourcespring\excpro-data-comment\target\classes\com\zkr\excprodatacomment\mapper\TablesAllNameMapper.class]
2021-03-05 10:46:11.122 [main] DEBUG org.mybatis.spring.mapper.ClassPathMapperScanner -[processBeanDefinitions] Line:180- Creating MapperFactoryBean with name 'commnetEntityMapper' and 'com.zkr.excprodatacomment.mapper.CommnetEntityMapper' mapperInterface
2021-03-05 10:46:11.124 [main] DEBUG org.mybatis.spring.mapper.ClassPathMapperScanner -[processBeanDefinitions] Line:216- Enabling autowire by type for MapperFactoryBean with name 'commnetEntityMapper'.
2021-03-05 10:46:11.126 [main] DEBUG org.mybatis.spring.mapper.ClassPathMapperScanner -[processBeanDefinitions] Line:180- Creating MapperFactoryBean with name 'searchCloumnsMeaasgeMapper' and 'com.zkr.excprodatacomment.mapper.SearchCloumnsMeaasgeMapper' mapperInterface
2021-03-05 10:46:11.127 [main] DEBUG org.mybatis.spring.mapper.ClassPathMapperScanner -[processBeanDefinitions] Line:216- Enabling autowire by type for MapperFactoryBean with name 'searchCloumnsMeaasgeMapper'.
2021-03-05 10:46:11.128 [main] DEBUG org.mybatis.spring.mapper.ClassPathMapperScanner -[processBeanDefinitions] Line:180- Creating MapperFactoryBean with name 'tablesAllNameMapper' and 'com.zkr.excprodatacomment.mapper.TablesAllNameMapper' mapperInterface
2021-03-05 10:46:11.129 [main] DEBUG org.mybatis.spring.mapper.ClassPathMapperScanner -[processBeanDefinitions] Line:216- Enabling autowire by type for MapperFactoryBean with name 'tablesAllNameMapper'.
2021-03-05 14:17:36.029 [main] DEBUG org.mybatis.spring.mapper.ClassPathMapperScanner -[scanCandidateComponents] Line:435- Identified candidate component class: file [D:\IntelliJIDEA\IdeaProject\datascourcespring\excpro-data-comment\target\classes\com\zkr\excprodatacomment\mapper\CommnetEntityMapper.class]
2021-03-05 14:17:36.029 [main] DEBUG org.mybatis.spring.mapper.ClassPathMapperScanner -[scanCandidateComponents] Line:435- Identified candidate component class: file [D:\IntelliJIDEA\IdeaProject\datascourcespring\excpro-data-comment\target\classes\com\zkr\excprodatacomment\mapper\SearchCloumnsMeaasgeMapper.class]
2021-03-05 14:17:36.029 [main] DEBUG org.mybatis.spring.mapper.ClassPathMapperScanner -[scanCandidateComponents] Line:435- Identified candidate component class: file [D:\IntelliJIDEA\IdeaProject\datascourcespring\excpro-data-comment\target\classes\com\zkr\excprodatacomment\mapper\TablesAllNameMapper.class]
2021-03-05 14:17:36.030 [main] DEBUG org.mybatis.spring.mapper.ClassPathMapperScanner -[processBeanDefinitions] Line:180- Creating MapperFactoryBean with name 'commnetEntityMapper' and 'com.zkr.excprodatacomment.mapper.CommnetEntityMapper' mapperInterface
2021-03-05 14:17:36.032 [main] DEBUG org.mybatis.spring.mapper.ClassPathMapperScanner -[processBeanDefinitions] Line:216- Enabling autowire by type for MapperFactoryBean with name 'commnetEntityMapper'.
2021-03-05 14:17:36.033 [main] DEBUG org.mybatis.spring.mapper.ClassPathMapperScanner -[processBeanDefinitions] Line:180- Creating MapperFactoryBean with name 'searchCloumnsMeaasgeMapper' and 'com.zkr.excprodatacomment.mapper.SearchCloumnsMeaasgeMapper' mapperInterface
2021-03-05 14:17:36.033 [main] DEBUG org.mybatis.spring.mapper.ClassPathMapperScanner -[processBeanDefinitions] Line:216- Enabling autowire by type for MapperFactoryBean with name 'searchCloumnsMeaasgeMapper'.
2021-03-05 14:17:36.033 [main] DEBUG org.mybatis.spring.mapper.ClassPathMapperScanner -[processBeanDefinitions] Line:180- Creating MapperFactoryBean with name 'tablesAllNameMapper' and 'com.zkr.excprodatacomment.mapper.TablesAllNameMapper' mapperInterface
2021-03-05 14:17:36.034 [main] DEBUG org.mybatis.spring.mapper.ClassPathMapperScanner -[processBeanDefinitions] Line:216- Enabling autowire by type for MapperFactoryBean with name 'tablesAllNameMapper'.
2021-03-05 14:28:10.593 [main] DEBUG org.mybatis.spring.mapper.ClassPathMapperScanner -[scanCandidateComponents] Line:435- Identified candidate component class: file [D:\IntelliJIDEA\IdeaProject\datascourcespring\excpro-data-comment\target\classes\com\zkr\excprodatacomment\mapper\CommnetEntityMapper.class]
2021-03-05 14:28:10.594 [main] DEBUG org.mybatis.spring.mapper.ClassPathMapperScanner -[scanCandidateComponents] Line:435- Identified candidate component class: file [D:\IntelliJIDEA\IdeaProject\datascourcespring\excpro-data-comment\target\classes\com\zkr\excprodatacomment\mapper\SearchCloumnsMeaasgeMapper.class]
2021-03-05 14:28:10.594 [main] DEBUG org.mybatis.spring.mapper.ClassPathMapperScanner -[scanCandidateComponents] Line:435- Identified candidate component class: file [D:\IntelliJIDEA\IdeaProject\datascourcespring\excpro-data-comment\target\classes\com\zkr\excprodatacomment\mapper\TablesAllNameMapper.class]
2021-03-05 14:28:10.594 [main] DEBUG org.mybatis.spring.mapper.ClassPathMapperScanner -[processBeanDefinitions] Line:180- Creating MapperFactoryBean with name 'commnetEntityMapper' and 'com.zkr.excprodatacomment.mapper.CommnetEntityMapper' mapperInterface
2021-03-05 14:28:10.597 [main] DEBUG org.mybatis.spring.mapper.ClassPathMapperScanner -[processBeanDefinitions] Line:216- Enabling autowire by type for MapperFactoryBean with name 'commnetEntityMapper'.
2021-03-05 14:28:10.597 [main] DEBUG org.mybatis.spring.mapper.ClassPathMapperScanner -[processBeanDefinitions] Line:180- Creating MapperFactoryBean with name 'searchCloumnsMeaasgeMapper' and 'com.zkr.excprodatacomment.mapper.SearchCloumnsMeaasgeMapper' mapperInterface
2021-03-05 14:28:10.598 [main] DEBUG org.mybatis.spring.mapper.ClassPathMapperScanner -[processBeanDefinitions] Line:216- Enabling autowire by type for MapperFactoryBean with name 'searchCloumnsMeaasgeMapper'.
2021-03-05 14:28:10.599 [main] DEBUG org.mybatis.spring.mapper.ClassPathMapperScanner -[processBeanDefinitions] Line:180- Creating MapperFactoryBean with name 'tablesAllNameMapper' and 'com.zkr.excprodatacomment.mapper.TablesAllNameMapper' mapperInterface
2021-03-05 14:28:10.599 [main] DEBUG org.mybatis.spring.mapper.ClassPathMapperScanner -[processBeanDefinitions] Line:216- Enabling autowire by type for MapperFactoryBean with name 'tablesAllNameMapper'.
2021-03-05 14:36:21.850 [main] DEBUG org.mybatis.spring.mapper.ClassPathMapperScanner -[scanCandidateComponents] Line:435- Identified candidate component class: file [D:\IntelliJIDEA\IdeaProject\datascourcespring\excpro-data-comment\target\classes\com\zkr\excprodatacomment\mapper\CommnetEntityMapper.class]
2021-03-05 14:36:21.851 [main] DEBUG org.mybatis.spring.mapper.ClassPathMapperScanner -[scanCandidateComponents] Line:435- Identified candidate component class: file [D:\IntelliJIDEA\IdeaProject\datascourcespring\excpro-data-comment\target\classes\com\zkr\excprodatacomment\mapper\SearchCloumnsMeaasgeMapper.class]
2021-03-05 14:36:21.851 [main] DEBUG org.mybatis.spring.mapper.ClassPathMapperScanner -[scanCandidateComponents] Line:435- Identified candidate component class: file [D:\IntelliJIDEA\IdeaProject\datascourcespring\excpro-data-comment\target\classes\com\zkr\excprodatacomment\mapper\TablesAllNameMapper.class]
2021-03-05 14:36:21.852 [main] DEBUG org.mybatis.spring.mapper.ClassPathMapperScanner -[processBeanDefinitions] Line:180- Creating MapperFactoryBean with name 'commnetEntityMapper' and 'com.zkr.excprodatacomment.mapper.CommnetEntityMapper' mapperInterface
2021-03-05 14:36:21.854 [main] DEBUG org.mybatis.spring.mapper.ClassPathMapperScanner -[processBeanDefinitions] Line:216- Enabling autowire by type for MapperFactoryBean with name 'commnetEntityMapper'.
2021-03-05 14:36:21.854 [main] DEBUG org.mybatis.spring.mapper.ClassPathMapperScanner -[processBeanDefinitions] Line:180- Creating MapperFactoryBean with name 'searchCloumnsMeaasgeMapper' and 'com.zkr.excprodatacomment.mapper.SearchCloumnsMeaasgeMapper' mapperInterface
2021-03-05 14:36:21.854 [main] DEBUG org.mybatis.spring.mapper.ClassPathMapperScanner -[processBeanDefinitions] Line:216- Enabling autowire by type for MapperFactoryBean with name 'searchCloumnsMeaasgeMapper'.
2021-03-05 14:36:21.855 [main] DEBUG org.mybatis.spring.mapper.ClassPathMapperScanner -[processBeanDefinitions] Line:180- Creating MapperFactoryBean with name 'tablesAllNameMapper' and 'com.zkr.excprodatacomment.mapper.TablesAllNameMapper' mapperInterface
2021-03-05 14:36:21.855 [main] DEBUG org.mybatis.spring.mapper.ClassPathMapperScanner -[processBeanDefinitions] Line:216- Enabling autowire by type for MapperFactoryBean with name 'tablesAllNameMapper'.
2021-03-05 15:03:37.162 [main] DEBUG org.mybatis.spring.mapper.ClassPathMapperScanner -[scanCandidateComponents] Line:435- Identified candidate component class: file [D:\IntelliJIDEA\IdeaProject\datascourcespring\excpro-data-comment\target\classes\com\zkr\excprodatacomment\mapper\CommnetEntityMapper.class]
2021-03-05 15:03:37.163 [main] DEBUG org.mybatis.spring.mapper.ClassPathMapperScanner -[scanCandidateComponents] Line:435- Identified candidate component class: file [D:\IntelliJIDEA\IdeaProject\datascourcespring\excpro-data-comment\target\classes\com\zkr\excprodatacomment\mapper\SearchCloumnsMeaasgeMapper.class]
2021-03-05 15:03:37.163 [main] DEBUG org.mybatis.spring.mapper.ClassPathMapperScanner -[scanCandidateComponents] Line:435- Identified candidate component class: file [D:\IntelliJIDEA\IdeaProject\datascourcespring\excpro-data-comment\target\classes\com\zkr\excprodatacomment\mapper\TablesAllNameMapper.class]
2021-03-05 15:03:37.164 [main] DEBUG org.mybatis.spring.mapper.ClassPathMapperScanner -[processBeanDefinitions] Line:180- Creating MapperFactoryBean with name 'commnetEntityMapper' and 'com.zkr.excprodatacomment.mapper.CommnetEntityMapper' mapperInterface
2021-03-05 15:03:37.166 [main] DEBUG org.mybatis.spring.mapper.ClassPathMapperScanner -[processBeanDefinitions] Line:216- Enabling autowire by type for MapperFactoryBean with name 'commnetEntityMapper'.
2021-03-05 15:03:37.167 [main] DEBUG org.mybatis.spring.mapper.ClassPathMapperScanner -[processBeanDefinitions] Line:180- Creating MapperFactoryBean with name 'searchCloumnsMeaasgeMapper' and 'com.zkr.excprodatacomment.mapper.SearchCloumnsMeaasgeMapper' mapperInterface
2021-03-05 15:03:37.167 [main] DEBUG org.mybatis.spring.mapper.ClassPathMapperScanner -[processBeanDefinitions] Line:216- Enabling autowire by type for MapperFactoryBean with name 'searchCloumnsMeaasgeMapper'.
2021-03-05 15:03:37.168 [main] DEBUG org.mybatis.spring.mapper.ClassPathMapperScanner -[processBeanDefinitions] Line:180- Creating MapperFactoryBean with name 'tablesAllNameMapper' and 'com.zkr.excprodatacomment.mapper.TablesAllNameMapper' mapperInterface
2021-03-05 15:03:37.168 [main] DEBUG org.mybatis.spring.mapper.ClassPathMapperScanner -[processBeanDefinitions] Line:216- Enabling autowire by type for MapperFactoryBean with name 'tablesAllNameMapper'.
2021-03-05 15:08:41.512 [main] DEBUG org.mybatis.spring.mapper.ClassPathMapperScanner -[scanCandidateComponents] Line:435- Identified candidate component class: file [D:\IntelliJIDEA\IdeaProject\datascourcespring\excpro-data-comment\target\classes\com\zkr\excprodatacomment\mapper\CommnetEntityMapper.class]
2021-03-05 15:08:41.513 [main] DEBUG org.mybatis.spring.mapper.ClassPathMapperScanner -[scanCandidateComponents] Line:435- Identified candidate component class: file [D:\IntelliJIDEA\IdeaProject\datascourcespring\excpro-data-comment\target\classes\com\zkr\excprodatacomment\mapper\SearchCloumnsMeaasgeMapper.class]
2021-03-05 15:08:41.513 [main] DEBUG org.mybatis.spring.mapper.ClassPathMapperScanner -[scanCandidateComponents] Line:435- Identified candidate component class: file [D:\IntelliJIDEA\IdeaProject\datascourcespring\excpro-data-comment\target\classes\com\zkr\excprodatacomment\mapper\TablesAllNameMapper.class]
2021-03-05 15:08:41.513 [main] DEBUG org.mybatis.spring.mapper.ClassPathMapperScanner -[processBeanDefinitions] Line:180- Creating MapperFactoryBean with name 'commnetEntityMapper' and 'com.zkr.excprodatacomment.mapper.CommnetEntityMapper' mapperInterface
2021-03-05 15:08:41.515 [main] DEBUG org.mybatis.spring.mapper.ClassPathMapperScanner -[processBeanDefinitions] Line:216- Enabling autowire by type for MapperFactoryBean with name 'commnetEntityMapper'.
2021-03-05 15:08:41.516 [main] DEBUG org.mybatis.spring.mapper.ClassPathMapperScanner -[processBeanDefinitions] Line:180- Creating MapperFactoryBean with name 'searchCloumnsMeaasgeMapper' and 'com.zkr.excprodatacomment.mapper.SearchCloumnsMeaasgeMapper' mapperInterface
2021-03-05 15:08:41.516 [main] DEBUG org.mybatis.spring.mapper.ClassPathMapperScanner -[processBeanDefinitions] Line:216- Enabling autowire by type for MapperFactoryBean with name 'searchCloumnsMeaasgeMapper'.
2021-03-05 15:08:41.518 [main] DEBUG org.mybatis.spring.mapper.ClassPathMapperScanner -[processBeanDefinitions] Line:180- Creating MapperFactoryBean with name 'tablesAllNameMapper' and 'com.zkr.excprodatacomment.mapper.TablesAllNameMapper' mapperInterface
2021-03-05 15:08:41.518 [main] DEBUG org.mybatis.spring.mapper.ClassPathMapperScanner -[processBeanDefinitions] Line:216- Enabling autowire by type for MapperFactoryBean with name 'tablesAllNameMapper'.
2021-03-05 15:14:18.226 [main] DEBUG org.mybatis.spring.mapper.ClassPathMapperScanner -[scanCandidateComponents] Line:435- Identified candidate component class: file [D:\IntelliJIDEA\IdeaProject\datascourcespring\excpro-data-comment\target\classes\com\zkr\excprodatacomment\mapper\CommnetEntityMapper.class]
2021-03-05 15:14:18.226 [main] DEBUG org.mybatis.spring.mapper.ClassPathMapperScanner -[scanCandidateComponents] Line:435- Identified candidate component class: file [D:\IntelliJIDEA\IdeaProject\datascourcespring\excpro-data-comment\target\classes\com\zkr\excprodatacomment\mapper\SearchCloumnsMeaasgeMapper.class]
2021-03-05 15:14:18.227 [main] DEBUG org.mybatis.spring.mapper.ClassPathMapperScanner -[scanCandidateComponents] Line:435- Identified candidate component class: file [D:\IntelliJIDEA\IdeaProject\datascourcespring\excpro-data-comment\target\classes\com\zkr\excprodatacomment\mapper\TablesAllNameMapper.class]
2021-03-05 15:14:18.227 [main] DEBUG org.mybatis.spring.mapper.ClassPathMapperScanner -[processBeanDefinitions] Line:180- Creating MapperFactoryBean with name 'commnetEntityMapper' and 'com.zkr.excprodatacomment.mapper.CommnetEntityMapper' mapperInterface
2021-03-05 15:14:18.229 [main] DEBUG org.mybatis.spring.mapper.ClassPathMapperScanner -[processBeanDefinitions] Line:216- Enabling autowire by type for MapperFactoryBean with name 'commnetEntityMapper'.
2021-03-05 15:14:18.229 [main] DEBUG org.mybatis.spring.mapper.ClassPathMapperScanner -[processBeanDefinitions] Line:180- Creating MapperFactoryBean with name 'searchCloumnsMeaasgeMapper' and 'com.zkr.excprodatacomment.mapper.SearchCloumnsMeaasgeMapper' mapperInterface
2021-03-05 15:14:18.229 [main] DEBUG org.mybatis.spring.mapper.ClassPathMapperScanner -[processBeanDefinitions] Line:216- Enabling autowire by type for MapperFactoryBean with name 'searchCloumnsMeaasgeMapper'.
2021-03-05 15:14:18.229 [main] DEBUG org.mybatis.spring.mapper.ClassPathMapperScanner -[processBeanDefinitions] Line:180- Creating MapperFactoryBean with name 'tablesAllNameMapper' and 'com.zkr.excprodatacomment.mapper.TablesAllNameMapper' mapperInterface
2021-03-05 15:14:18.229 [main] DEBUG org.mybatis.spring.mapper.ClassPathMapperScanner -[processBeanDefinitions] Line:216- Enabling autowire by type for MapperFactoryBean with name 'tablesAllNameMapper'.
2021-03-05 15:31:51.304 [main] DEBUG org.mybatis.spring.mapper.ClassPathMapperScanner -[scanCandidateComponents] Line:435- Identified candidate component class: file [D:\IntelliJIDEA\IdeaProject\datascourcespring\excpro-data-comment\target\classes\com\zkr\excprodatacomment\mapper\CommnetEntityMapper.class]
2021-03-05 15:31:51.304 [main] DEBUG org.mybatis.spring.mapper.ClassPathMapperScanner -[scanCandidateComponents] Line:435- Identified candidate component class: file [D:\IntelliJIDEA\IdeaProject\datascourcespring\excpro-data-comment\target\classes\com\zkr\excprodatacomment\mapper\SearchCloumnsMeaasgeMapper.class]
2021-03-05 15:31:51.305 [main] DEBUG org.mybatis.spring.mapper.ClassPathMapperScanner -[scanCandidateComponents] Line:435- Identified candidate component class: file [D:\IntelliJIDEA\IdeaProject\datascourcespring\excpro-data-comment\target\classes\com\zkr\excprodatacomment\mapper\TablesAllNameMapper.class]
2021-03-05 15:31:51.305 [main] DEBUG org.mybatis.spring.mapper.ClassPathMapperScanner -[processBeanDefinitions] Line:180- Creating MapperFactoryBean with name 'commnetEntityMapper' and 'com.zkr.excprodatacomment.mapper.CommnetEntityMapper' mapperInterface
2021-03-05 15:31:51.307 [main] DEBUG org.mybatis.spring.mapper.ClassPathMapperScanner -[processBeanDefinitions] Line:216- Enabling autowire by type for MapperFactoryBean with name 'commnetEntityMapper'.
2021-03-05 15:31:51.307 [main] DEBUG org.mybatis.spring.mapper.ClassPathMapperScanner -[processBeanDefinitions] Line:180- Creating MapperFactoryBean with name 'searchCloumnsMeaasgeMapper' and 'com.zkr.excprodatacomment.mapper.SearchCloumnsMeaasgeMapper' mapperInterface
2021-03-05 15:31:51.308 [main] DEBUG org.mybatis.spring.mapper.ClassPathMapperScanner -[processBeanDefinitions] Line:216- Enabling autowire by type for MapperFactoryBean with name 'searchCloumnsMeaasgeMapper'.
2021-03-05 15:31:51.308 [main] DEBUG org.mybatis.spring.mapper.ClassPathMapperScanner -[processBeanDefinitions] Line:180- Creating MapperFactoryBean with name 'tablesAllNameMapper' and 'com.zkr.excprodatacomment.mapper.TablesAllNameMapper' mapperInterface
2021-03-05 15:31:51.308 [main] DEBUG org.mybatis.spring.mapper.ClassPathMapperScanner -[processBeanDefinitions] Line:216- Enabling autowire by type for MapperFactoryBean with name 'tablesAllNameMapper'.
2021-03-05 16:19:42.784 [main] DEBUG org.mybatis.spring.mapper.ClassPathMapperScanner -[scanCandidateComponents] Line:435- Identified candidate component class: file [D:\IntelliJIDEA\IdeaProject\datascourcespring\excpro-data-comment\target\classes\com\zkr\excprodatacomment\mapper\CommnetEntityMapper.class]
2021-03-05 16:19:42.785 [main] DEBUG org.mybatis.spring.mapper.ClassPathMapperScanner -[scanCandidateComponents] Line:435- Identified candidate component class: file [D:\IntelliJIDEA\IdeaProject\datascourcespring\excpro-data-comment\target\classes\com\zkr\excprodatacomment\mapper\SearchCloumnsMeaasgeMapper.class]
2021-03-05 16:19:42.785 [main] DEBUG org.mybatis.spring.mapper.ClassPathMapperScanner -[scanCandidateComponents] Line:435- Identified candidate component class: file [D:\IntelliJIDEA\IdeaProject\datascourcespring\excpro-data-comment\target\classes\com\zkr\excprodatacomment\mapper\TablesAllNameMapper.class]
2021-03-05 16:19:42.786 [main] DEBUG org.mybatis.spring.mapper.ClassPathMapperScanner -[processBeanDefinitions] Line:180- Creating MapperFactoryBean with name 'commnetEntityMapper' and 'com.zkr.excprodatacomment.mapper.CommnetEntityMapper' mapperInterface
2021-03-05 16:19:42.789 [main] DEBUG org.mybatis.spring.mapper.ClassPathMapperScanner -[processBeanDefinitions] Line:216- Enabling autowire by type for MapperFactoryBean with name 'commnetEntityMapper'.
2021-03-05 16:19:42.789 [main] DEBUG org.mybatis.spring.mapper.ClassPathMapperScanner -[processBeanDefinitions] Line:180- Creating MapperFactoryBean with name 'searchCloumnsMeaasgeMapper' and 'com.zkr.excprodatacomment.mapper.SearchCloumnsMeaasgeMapper' mapperInterface
2021-03-05 16:19:42.790 [main] DEBUG org.mybatis.spring.mapper.ClassPathMapperScanner -[processBeanDefinitions] Line:216- Enabling autowire by type for MapperFactoryBean with name 'searchCloumnsMeaasgeMapper'.
2021-03-05 16:19:42.790 [main] DEBUG org.mybatis.spring.mapper.ClassPathMapperScanner -[processBeanDefinitions] Line:180- Creating MapperFactoryBean with name 'tablesAllNameMapper' and 'com.zkr.excprodatacomment.mapper.TablesAllNameMapper' mapperInterface
2021-03-05 16:19:42.791 [main] DEBUG org.mybatis.spring.mapper.ClassPathMapperScanner -[processBeanDefinitions] Line:216- Enabling autowire by type for MapperFactoryBean with name 'tablesAllNameMapper'.
2021-03-05 16:28:06.587 [main] DEBUG org.mybatis.spring.mapper.ClassPathMapperScanner -[scanCandidateComponents] Line:435- Identified candidate component class: file [D:\IntelliJIDEA\IdeaProject\datascourcespring\excpro-data-comment\target\classes\com\zkr\excprodatacomment\mapper\CommnetEntityMapper.class]
2021-03-05 16:28:06.588 [main] DEBUG org.mybatis.spring.mapper.ClassPathMapperScanner -[scanCandidateComponents] Line:435- Identified candidate component class: file [D:\IntelliJIDEA\IdeaProject\datascourcespring\excpro-data-comment\target\classes\com\zkr\excprodatacomment\mapper\SearchCloumnsMeaasgeMapper.class]
2021-03-05 16:28:06.588 [main] DEBUG org.mybatis.spring.mapper.ClassPathMapperScanner -[scanCandidateComponents] Line:435- Identified candidate component class: file [D:\IntelliJIDEA\IdeaProject\datascourcespring\excpro-data-comment\target\classes\com\zkr\excprodatacomment\mapper\TablesAllNameMapper.class]
2021-03-05 16:28:06.589 [main] DEBUG org.mybatis.spring.mapper.ClassPathMapperScanner -[processBeanDefinitions] Line:180- Creating MapperFactoryBean with name 'commnetEntityMapper' and 'com.zkr.excprodatacomment.mapper.CommnetEntityMapper' mapperInterface
2021-03-05 16:28:06.592 [main] DEBUG org.mybatis.spring.mapper.ClassPathMapperScanner -[processBeanDefinitions] Line:216- Enabling autowire by type for MapperFactoryBean with name 'commnetEntityMapper'.
2021-03-05 16:28:06.593 [main] DEBUG org.mybatis.spring.mapper.ClassPathMapperScanner -[processBeanDefinitions] Line:180- Creating MapperFactoryBean with name 'searchCloumnsMeaasgeMapper' and 'com.zkr.excprodatacomment.mapper.SearchCloumnsMeaasgeMapper' mapperInterface
2021-03-05 16:28:06.593 [main] DEBUG org.mybatis.spring.mapper.ClassPathMapperScanner -[processBeanDefinitions] Line:216- Enabling autowire by type for MapperFactoryBean with name 'searchCloumnsMeaasgeMapper'.
2021-03-05 16:28:06.594 [main] DEBUG org.mybatis.spring.mapper.ClassPathMapperScanner -[processBeanDefinitions] Line:180- Creating MapperFactoryBean with name 'tablesAllNameMapper' and 'com.zkr.excprodatacomment.mapper.TablesAllNameMapper' mapperInterface
2021-03-05 16:28:06.594 [main] DEBUG org.mybatis.spring.mapper.ClassPathMapperScanner -[processBeanDefinitions] Line:216- Enabling autowire by type for MapperFactoryBean with name 'tablesAllNameMapper'.
2021-03-05 16:36:52.403 [main] DEBUG org.mybatis.spring.mapper.ClassPathMapperScanner -[scanCandidateComponents] Line:435- Identified candidate component class: file [D:\IntelliJIDEA\IdeaProject\datascourcespring\excpro-data-comment\target\classes\com\zkr\excprodatacomment\mapper\CommnetEntityMapper.class]
2021-03-05 16:36:52.404 [main] DEBUG org.mybatis.spring.mapper.ClassPathMapperScanner -[scanCandidateComponents] Line:435- Identified candidate component class: file [D:\IntelliJIDEA\IdeaProject\datascourcespring\excpro-data-comment\target\classes\com\zkr\excprodatacomment\mapper\SearchCloumnsMeaasgeMapper.class]
2021-03-05 16:36:52.404 [main] DEBUG org.mybatis.spring.mapper.ClassPathMapperScanner -[scanCandidateComponents] Line:435- Identified candidate component class: file [D:\IntelliJIDEA\IdeaProject\datascourcespring\excpro-data-comment\target\classes\com\zkr\excprodatacomment\mapper\TablesAllNameMapper.class]
2021-03-05 16:36:52.405 [main] DEBUG org.mybatis.spring.mapper.ClassPathMapperScanner -[processBeanDefinitions] Line:180- Creating MapperFactoryBean with name 'commnetEntityMapper' and 'com.zkr.excprodatacomment.mapper.CommnetEntityMapper' mapperInterface
2021-03-05 16:36:52.408 [main] DEBUG org.mybatis.spring.mapper.ClassPathMapperScanner -[processBeanDefinitions] Line:216- Enabling autowire by type for MapperFactoryBean with name 'commnetEntityMapper'.
2021-03-05 16:36:52.408 [main] DEBUG org.mybatis.spring.mapper.ClassPathMapperScanner -[processBeanDefinitions] Line:180- Creating MapperFactoryBean with name 'searchCloumnsMeaasgeMapper' and 'com.zkr.excprodatacomment.mapper.SearchCloumnsMeaasgeMapper' mapperInterface
2021-03-05 16:36:52.409 [main] DEBUG org.mybatis.spring.mapper.ClassPathMapperScanner -[processBeanDefinitions] Line:216- Enabling autowire by type for MapperFactoryBean with name 'searchCloumnsMeaasgeMapper'.
2021-03-05 16:36:52.409 [main] DEBUG org.mybatis.spring.mapper.ClassPathMapperScanner -[processBeanDefinitions] Line:180- Creating MapperFactoryBean with name 'tablesAllNameMapper' and 'com.zkr.excprodatacomment.mapper.TablesAllNameMapper' mapperInterface
2021-03-05 16:36:52.409 [main] DEBUG org.mybatis.spring.mapper.ClassPathMapperScanner -[processBeanDefinitions] Line:216- Enabling autowire by type for MapperFactoryBean with name 'tablesAllNameMapper'.
2021-03-05 16:40:11.334 [main] DEBUG org.mybatis.spring.mapper.ClassPathMapperScanner -[scanCandidateComponents] Line:435- Identified candidate component class: file [D:\IntelliJIDEA\IdeaProject\datascourcespring\excpro-data-comment\target\classes\com\zkr\excprodatacomment\mapper\CommnetEntityMapper.class]
2021-03-05 16:40:11.339 [main] DEBUG org.mybatis.spring.mapper.ClassPathMapperScanner -[scanCandidateComponents] Line:435- Identified candidate component class: file [D:\IntelliJIDEA\IdeaProject\datascourcespring\excpro-data-comment\target\classes\com\zkr\excprodatacomment\mapper\SearchCloumnsMeaasgeMapper.class]
2021-03-05 16:40:11.341 [main] DEBUG org.mybatis.spring.mapper.ClassPathMapperScanner -[scanCandidateComponents] Line:435- Identified candidate component class: file [D:\IntelliJIDEA\IdeaProject\datascourcespring\excpro-data-comment\target\classes\com\zkr\excprodatacomment\mapper\TablesAllNameMapper.class]
2021-03-05 16:40:11.342 [main] DEBUG org.mybatis.spring.mapper.ClassPathMapperScanner -[processBeanDefinitions] Line:180- Creating MapperFactoryBean with name 'commnetEntityMapper' and 'com.zkr.excprodatacomment.mapper.CommnetEntityMapper' mapperInterface
2021-03-05 16:40:11.344 [main] DEBUG org.mybatis.spring.mapper.ClassPathMapperScanner -[processBeanDefinitions] Line:216- Enabling autowire by type for MapperFactoryBean with name 'commnetEntityMapper'.
2021-03-05 16:40:11.345 [main] DEBUG org.mybatis.spring.mapper.ClassPathMapperScanner -[processBeanDefinitions] Line:180- Creating MapperFactoryBean with name 'searchCloumnsMeaasgeMapper' and 'com.zkr.excprodatacomment.mapper.SearchCloumnsMeaasgeMapper' mapperInterface
2021-03-05 16:40:11.346 [main] DEBUG org.mybatis.spring.mapper.ClassPathMapperScanner -[processBeanDefinitions] Line:216- Enabling autowire by type for MapperFactoryBean with name 'searchCloumnsMeaasgeMapper'.
2021-03-05 16:40:11.346 [main] DEBUG org.mybatis.spring.mapper.ClassPathMapperScanner -[processBeanDefinitions] Line:180- Creating MapperFactoryBean with name 'tablesAllNameMapper' and 'com.zkr.excprodatacomment.mapper.TablesAllNameMapper' mapperInterface
2021-03-05 16:40:11.346 [main] DEBUG org.mybatis.spring.mapper.ClassPathMapperScanner -[processBeanDefinitions] Line:216- Enabling autowire by type for MapperFactoryBean with name 'tablesAllNameMapper'.
2021-03-05 16:42:12.885 [main] DEBUG org.mybatis.spring.mapper.ClassPathMapperScanner -[scanCandidateComponents] Line:435- Identified candidate component class: file [D:\IntelliJIDEA\IdeaProject\datascourcespring\excpro-data-comment\target\classes\com\zkr\excprodatacomment\mapper\CommnetEntityMapper.class]
2021-03-05 16:42:12.885 [main] DEBUG org.mybatis.spring.mapper.ClassPathMapperScanner -[scanCandidateComponents] Line:435- Identified candidate component class: file [D:\IntelliJIDEA\IdeaProject\datascourcespring\excpro-data-comment\target\classes\com\zkr\excprodatacomment\mapper\SearchCloumnsMeaasgeMapper.class]
2021-03-05 16:42:12.886 [main] DEBUG org.mybatis.spring.mapper.ClassPathMapperScanner -[scanCandidateComponents] Line:435- Identified candidate component class: file [D:\IntelliJIDEA\IdeaProject\datascourcespring\excpro-data-comment\target\classes\com\zkr\excprodatacomment\mapper\TablesAllNameMapper.class]
2021-03-05 16:42:12.887 [main] DEBUG org.mybatis.spring.mapper.ClassPathMapperScanner -[processBeanDefinitions] Line:180- Creating MapperFactoryBean with name 'commnetEntityMapper' and 'com.zkr.excprodatacomment.mapper.CommnetEntityMapper' mapperInterface
2021-03-05 16:42:12.889 [main] DEBUG org.mybatis.spring.mapper.ClassPathMapperScanner -[processBeanDefinitions] Line:216- Enabling autowire by type for MapperFactoryBean with name 'commnetEntityMapper'.
2021-03-05 16:42:12.889 [main] DEBUG org.mybatis.spring.mapper.ClassPathMapperScanner -[processBeanDefinitions] Line:180- Creating MapperFactoryBean with name 'searchCloumnsMeaasgeMapper' and 'com.zkr.excprodatacomment.mapper.SearchCloumnsMeaasgeMapper' mapperInterface
2021-03-05 16:42:12.890 [main] DEBUG org.mybatis.spring.mapper.ClassPathMapperScanner -[processBeanDefinitions] Line:216- Enabling autowire by type for MapperFactoryBean with name 'searchCloumnsMeaasgeMapper'.
2021-03-05 16:42:12.890 [main] DEBUG org.mybatis.spring.mapper.ClassPathMapperScanner -[processBeanDefinitions] Line:180- Creating MapperFactoryBean with name 'tablesAllNameMapper' and 'com.zkr.excprodatacomment.mapper.TablesAllNameMapper' mapperInterface
2021-03-05 16:42:12.890 [main] DEBUG org.mybatis.spring.mapper.ClassPathMapperScanner -[processBeanDefinitions] Line:216- Enabling autowire by type for MapperFactoryBean with name 'tablesAllNameMapper'.
2021-03-05 16:46:10.059 [main] DEBUG org.mybatis.spring.mapper.ClassPathMapperScanner -[scanCandidateComponents] Line:435- Identified candidate component class: file [D:\IntelliJIDEA\IdeaProject\datascourcespring\excpro-data-comment\target\classes\com\zkr\excprodatacomment\mapper\CommnetEntityMapper.class]
2021-03-05 16:46:10.060 [main] DEBUG org.mybatis.spring.mapper.ClassPathMapperScanner -[scanCandidateComponents] Line:435- Identified candidate component class: file [D:\IntelliJIDEA\IdeaProject\datascourcespring\excpro-data-comment\target\classes\com\zkr\excprodatacomment\mapper\SearchCloumnsMeaasgeMapper.class]
2021-03-05 16:46:10.083 [main] DEBUG org.mybatis.spring.mapper.ClassPathMapperScanner -[scanCandidateComponents] Line:435- Identified candidate component class: file [D:\IntelliJIDEA\IdeaProject\datascourcespring\excpro-data-comment\target\classes\com\zkr\excprodatacomment\mapper\TablesAllNameMapper.class]
2021-03-05 16:46:10.085 [main] DEBUG org.mybatis.spring.mapper.ClassPathMapperScanner -[processBeanDefinitions] Line:180- Creating MapperFactoryBean with name 'commnetEntityMapper' and 'com.zkr.excprodatacomment.mapper.CommnetEntityMapper' mapperInterface
2021-03-05 16:46:10.097 [main] DEBUG org.mybatis.spring.mapper.ClassPathMapperScanner -[processBeanDefinitions] Line:216- Enabling autowire by type for MapperFactoryBean with name 'commnetEntityMapper'.
2021-03-05 16:46:10.098 [main] DEBUG org.mybatis.spring.mapper.ClassPathMapperScanner -[processBeanDefinitions] Line:180- Creating MapperFactoryBean with name 'searchCloumnsMeaasgeMapper' and 'com.zkr.excprodatacomment.mapper.SearchCloumnsMeaasgeMapper' mapperInterface
2021-03-05 16:46:10.098 [main] DEBUG org.mybatis.spring.mapper.ClassPathMapperScanner -[processBeanDefinitions] Line:216- Enabling autowire by type for MapperFactoryBean with name 'searchCloumnsMeaasgeMapper'.
2021-03-05 16:46:10.099 [main] DEBUG org.mybatis.spring.mapper.ClassPathMapperScanner -[processBeanDefinitions] Line:180- Creating MapperFactoryBean with name 'tablesAllNameMapper' and 'com.zkr.excprodatacomment.mapper.TablesAllNameMapper' mapperInterface
2021-03-05 16:46:10.099 [main] DEBUG org.mybatis.spring.mapper.ClassPathMapperScanner -[processBeanDefinitions] Line:216- Enabling autowire by type for MapperFactoryBean with name 'tablesAllNameMapper'.
