2021-03-04 14:29:12.352 [main] INFO  c.z.excprodatacomment.ExcproDataCommentApplication -[logStarting] Line:55 - Starting ExcproDataCommentApplication using Java 1.8.0_131 on DESKTOP-107VFNM with PID 24220 (D:\IntelliJIDEA\IdeaProject\datascourcespring\excpro-data-comment\target\classes started by hebiy in D:\IntelliJIDEA\IdeaProject\datascourcespring)
2021-03-04 14:29:12.364 [main] INFO  c.z.excprodatacomment.ExcproDataCommentApplication -[logStartupProfileInfo] Line:660- No active profile set, falling back to default profiles: default
2021-03-04 14:29:15.102 [main] INFO  c.z.excprodatacomment.ExcproDataCommentApplication -[logStarted] Line:61 - Started ExcproDataCommentApplication in 3.669 seconds (JVM running for 6.335)
2021-03-04 14:30:21.689 [http-nio-8989-exec-6] INFO  c.zkr.excprodatacomment.controller.ExcelController -[excelindex] Line:20 - 数据读取界都控制器....
2021-03-04 14:35:01.007 [http-nio-8989-exec-8] INFO  c.zkr.excprodatacomment.controller.ExcelController -[excelindex] Line:20 - 数据读取界都控制器....
2021-03-04 14:35:09.383 [http-nio-8989-exec-10] INFO  c.zkr.excprodatacomment.controller.ExcelController -[excelindex] Line:20 - 数据读取界都控制器....
2021-03-04 14:36:06.605 [http-nio-8989-exec-9] INFO  c.zkr.excprodatacomment.controller.ExcelController -[excelindex] Line:20 - 数据读取界都控制器....
2021-03-04 14:43:01.682 [main] INFO  c.z.excprodatacomment.ExcproDataCommentApplication -[logStarting] Line:55 - Starting ExcproDataCommentApplication using Java 1.8.0_131 on DESKTOP-107VFNM with PID 39856 (D:\IntelliJIDEA\IdeaProject\datascourcespring\excpro-data-comment\target\classes started by hebiy in D:\IntelliJIDEA\IdeaProject\datascourcespring)
2021-03-04 14:43:01.692 [main] INFO  c.z.excprodatacomment.ExcproDataCommentApplication -[logStartupProfileInfo] Line:660- No active profile set, falling back to default profiles: default
2021-03-04 14:43:05.960 [main] INFO  c.z.excprodatacomment.ExcproDataCommentApplication -[logStarted] Line:61 - Started ExcproDataCommentApplication in 5.319 seconds (JVM running for 7.768)
2021-03-04 14:43:20.887 [http-nio-8989-exec-1] INFO  c.zkr.excprodatacomment.controller.ExcelController -[excelindex] Line:26 - 数据读取界都控制器....
2021-03-04 14:43:34.868 [http-nio-8989-exec-4] INFO  c.zkr.excprodatacomment.controller.ExcelController -[excelindex] Line:26 - 数据读取界都控制器....
2021-03-04 14:45:42.794 [http-nio-8989-exec-7] INFO  c.zkr.excprodatacomment.controller.ExcelController -[excelindex] Line:26 - 数据读取界都控制器....
2021-03-04 14:46:49.294 [http-nio-8989-exec-4] INFO  c.zkr.excprodatacomment.controller.ExcelController -[excelindex] Line:26 - 数据读取界都控制器....
2021-03-04 15:17:03.429 [main] INFO  c.z.excprodatacomment.ExcproDataCommentApplication -[logStarting] Line:55 - Starting ExcproDataCommentApplication using Java 1.8.0_131 on DESKTOP-107VFNM with PID 10200 (D:\IntelliJIDEA\IdeaProject\datascourcespring\excpro-data-comment\target\classes started by hebiy in D:\IntelliJIDEA\IdeaProject\datascourcespring)
2021-03-04 15:17:03.436 [main] INFO  c.z.excprodatacomment.ExcproDataCommentApplication -[logStartupProfileInfo] Line:660- No active profile set, falling back to default profiles: default
2021-03-04 15:17:06.824 [main] INFO  c.z.excprodatacomment.ExcproDataCommentApplication -[logStarted] Line:61 - Started ExcproDataCommentApplication in 4.281 seconds (JVM running for 6.075)
2021-03-04 15:18:34.982 [main] INFO  c.z.excprodatacomment.ExcproDataCommentApplication -[logStarting] Line:55 - Starting ExcproDataCommentApplication using Java 1.8.0_131 on DESKTOP-107VFNM with PID 46052 (D:\IntelliJIDEA\IdeaProject\datascourcespring\excpro-data-comment\target\classes started by hebiy in D:\IntelliJIDEA\IdeaProject\datascourcespring)
2021-03-04 15:18:34.987 [main] INFO  c.z.excprodatacomment.ExcproDataCommentApplication -[logStartupProfileInfo] Line:660- No active profile set, falling back to default profiles: default
2021-03-04 15:18:39.018 [main] INFO  c.z.excprodatacomment.ExcproDataCommentApplication -[logStarted] Line:61 - Started ExcproDataCommentApplication in 4.865 seconds (JVM running for 7.344)
2021-03-04 15:18:45.278 [http-nio-8989-exec-1] INFO  c.z.e.controller.CommnetEntityController -[getcommentMessageBiao] Line:33 - 开始查询数据库操作....
2021-03-04 15:18:45.671 [http-nio-8989-exec-1] INFO  c.z.e.controller.CommnetEntityController -[getcommentMessageBiao] Line:36 - 开始数据共享缓存中....
2021-03-04 15:22:20.133 [http-nio-8989-exec-6] INFO  c.z.e.controller.CommnetEntityController -[getcommentMessageBiao] Line:33 - 开始查询数据库操作....
2021-03-04 15:22:20.148 [http-nio-8989-exec-6] INFO  c.z.e.controller.CommnetEntityController -[getcommentMessageBiao] Line:36 - 开始数据共享缓存中....
2021-03-04 15:22:30.343 [http-nio-8989-exec-1] INFO  c.zkr.excprodatacomment.controller.ExcelController -[excelindex] Line:36 - 数据读取界都控制器....
2021-03-04 15:22:44.748 [http-nio-8989-exec-3] INFO  c.zkr.excprodatacomment.controller.ExcelController -[excelUpdateTableCloumnzhushi] Line:44 - 获取数据库中字段原始数据结构......
2021-03-04 15:22:44.755 [http-nio-8989-exec-3] INFO  c.zkr.excprodatacomment.controller.ExcelController -[excelUpdateTableCloumnzhushi] Line:46 - excel数据字段字段等信息读取中.....
2021-03-04 15:22:45.500 [http-nio-8989-exec-3] INFO  c.zkr.excprodatacomment.controller.ExcelController -[excelUpdateTableCloumnzhushi] Line:49 - 原始数据+excel数据获取结束、开始数据整合.....
2021-03-04 15:22:45.501 [http-nio-8989-exec-3] INFO  c.zkr.excprodatacomment.controller.ExcelController -[excelUpdateTableCloumnzhushi] Line:52 - 整合后的数据14
2021-03-04 15:22:45.502 [http-nio-8989-exec-3] INFO  c.zkr.excprodatacomment.controller.ExcelController -[excelUpdateTableCloumnzhushi] Line:54 - ※※※数据遍历结束....
2021-03-04 15:22:45.503 [http-nio-8989-exec-3] INFO  c.zkr.excprodatacomment.controller.ExcelController -[excelUpdateTableCloumnzhushi] Line:57 - 线程开启........
2021-03-04 15:22:47.509 [http-nio-8989-exec-3] INFO  c.zkr.excprodatacomment.controller.ExcelController -[excelUpdateTableCloumnzhushi] Line:60 - 线程等待........
2021-03-04 15:22:47.625 [http-nio-8989-exec-3] INFO  c.zkr.excprodatacomment.controller.ExcelController -[excelUpdateTableCloumnzhushi] Line:62 - 线程唤醒........
2021-03-04 15:22:47.625 [http-nio-8989-exec-3] INFO  c.zkr.excprodatacomment.controller.ExcelController -[excelUpdateTableCloumnzhushi] Line:57 - 线程开启........
2021-03-04 15:22:49.633 [http-nio-8989-exec-3] INFO  c.zkr.excprodatacomment.controller.ExcelController -[excelUpdateTableCloumnzhushi] Line:60 - 线程等待........
2021-03-04 15:22:49.653 [http-nio-8989-exec-3] INFO  c.zkr.excprodatacomment.controller.ExcelController -[excelUpdateTableCloumnzhushi] Line:62 - 线程唤醒........
2021-03-04 15:22:49.653 [http-nio-8989-exec-3] INFO  c.zkr.excprodatacomment.controller.ExcelController -[excelUpdateTableCloumnzhushi] Line:57 - 线程开启........
2021-03-04 15:22:51.665 [http-nio-8989-exec-3] INFO  c.zkr.excprodatacomment.controller.ExcelController -[excelUpdateTableCloumnzhushi] Line:60 - 线程等待........
2021-03-04 15:22:51.694 [http-nio-8989-exec-3] INFO  c.zkr.excprodatacomment.controller.ExcelController -[excelUpdateTableCloumnzhushi] Line:62 - 线程唤醒........
2021-03-04 15:22:51.695 [http-nio-8989-exec-3] INFO  c.zkr.excprodatacomment.controller.ExcelController -[excelUpdateTableCloumnzhushi] Line:57 - 线程开启........
2021-03-04 15:22:53.703 [http-nio-8989-exec-3] INFO  c.zkr.excprodatacomment.controller.ExcelController -[excelUpdateTableCloumnzhushi] Line:60 - 线程等待........
2021-03-04 15:22:53.736 [http-nio-8989-exec-3] INFO  c.zkr.excprodatacomment.controller.ExcelController -[excelUpdateTableCloumnzhushi] Line:62 - 线程唤醒........
2021-03-04 15:22:53.736 [http-nio-8989-exec-3] INFO  c.zkr.excprodatacomment.controller.ExcelController -[excelUpdateTableCloumnzhushi] Line:57 - 线程开启........
2021-03-04 15:22:55.742 [http-nio-8989-exec-3] INFO  c.zkr.excprodatacomment.controller.ExcelController -[excelUpdateTableCloumnzhushi] Line:60 - 线程等待........
2021-03-04 15:22:55.762 [http-nio-8989-exec-3] INFO  c.zkr.excprodatacomment.controller.ExcelController -[excelUpdateTableCloumnzhushi] Line:62 - 线程唤醒........
2021-03-04 15:22:55.762 [http-nio-8989-exec-3] INFO  c.zkr.excprodatacomment.controller.ExcelController -[excelUpdateTableCloumnzhushi] Line:57 - 线程开启........
2021-03-04 15:22:57.777 [http-nio-8989-exec-3] INFO  c.zkr.excprodatacomment.controller.ExcelController -[excelUpdateTableCloumnzhushi] Line:60 - 线程等待........
2021-03-04 15:22:57.791 [http-nio-8989-exec-3] INFO  c.zkr.excprodatacomment.controller.ExcelController -[excelUpdateTableCloumnzhushi] Line:62 - 线程唤醒........
2021-03-04 15:22:57.791 [http-nio-8989-exec-3] INFO  c.zkr.excprodatacomment.controller.ExcelController -[excelUpdateTableCloumnzhushi] Line:57 - 线程开启........
2021-03-04 15:22:59.796 [http-nio-8989-exec-3] INFO  c.zkr.excprodatacomment.controller.ExcelController -[excelUpdateTableCloumnzhushi] Line:60 - 线程等待........
2021-03-04 15:22:59.823 [http-nio-8989-exec-3] INFO  c.zkr.excprodatacomment.controller.ExcelController -[excelUpdateTableCloumnzhushi] Line:62 - 线程唤醒........
2021-03-04 15:22:59.824 [http-nio-8989-exec-3] INFO  c.zkr.excprodatacomment.controller.ExcelController -[excelUpdateTableCloumnzhushi] Line:57 - 线程开启........
2021-03-04 15:23:01.839 [http-nio-8989-exec-3] INFO  c.zkr.excprodatacomment.controller.ExcelController -[excelUpdateTableCloumnzhushi] Line:60 - 线程等待........
2021-03-04 15:23:01.862 [http-nio-8989-exec-3] INFO  c.zkr.excprodatacomment.controller.ExcelController -[excelUpdateTableCloumnzhushi] Line:62 - 线程唤醒........
2021-03-04 15:23:01.862 [http-nio-8989-exec-3] INFO  c.zkr.excprodatacomment.controller.ExcelController -[excelUpdateTableCloumnzhushi] Line:57 - 线程开启........
2021-03-04 15:23:03.865 [http-nio-8989-exec-3] INFO  c.zkr.excprodatacomment.controller.ExcelController -[excelUpdateTableCloumnzhushi] Line:60 - 线程等待........
2021-03-04 15:23:03.889 [http-nio-8989-exec-3] INFO  c.zkr.excprodatacomment.controller.ExcelController -[excelUpdateTableCloumnzhushi] Line:62 - 线程唤醒........
2021-03-04 15:23:03.889 [http-nio-8989-exec-3] INFO  c.zkr.excprodatacomment.controller.ExcelController -[excelUpdateTableCloumnzhushi] Line:57 - 线程开启........
2021-03-04 15:23:05.902 [http-nio-8989-exec-3] INFO  c.zkr.excprodatacomment.controller.ExcelController -[excelUpdateTableCloumnzhushi] Line:60 - 线程等待........
2021-03-04 15:23:05.954 [http-nio-8989-exec-3] INFO  c.zkr.excprodatacomment.controller.ExcelController -[excelUpdateTableCloumnzhushi] Line:62 - 线程唤醒........
2021-03-04 15:23:05.954 [http-nio-8989-exec-3] INFO  c.zkr.excprodatacomment.controller.ExcelController -[excelUpdateTableCloumnzhushi] Line:57 - 线程开启........
2021-03-04 15:23:07.955 [http-nio-8989-exec-3] INFO  c.zkr.excprodatacomment.controller.ExcelController -[excelUpdateTableCloumnzhushi] Line:60 - 线程等待........
2021-03-04 15:23:08.017 [http-nio-8989-exec-3] INFO  c.zkr.excprodatacomment.controller.ExcelController -[excelUpdateTableCloumnzhushi] Line:62 - 线程唤醒........
2021-03-04 15:23:08.017 [http-nio-8989-exec-3] INFO  c.zkr.excprodatacomment.controller.ExcelController -[excelUpdateTableCloumnzhushi] Line:57 - 线程开启........
2021-03-04 15:23:10.031 [http-nio-8989-exec-3] INFO  c.zkr.excprodatacomment.controller.ExcelController -[excelUpdateTableCloumnzhushi] Line:60 - 线程等待........
2021-03-04 15:23:10.054 [http-nio-8989-exec-3] INFO  c.zkr.excprodatacomment.controller.ExcelController -[excelUpdateTableCloumnzhushi] Line:62 - 线程唤醒........
2021-03-04 15:23:10.055 [http-nio-8989-exec-3] INFO  c.zkr.excprodatacomment.controller.ExcelController -[excelUpdateTableCloumnzhushi] Line:57 - 线程开启........
2021-03-04 15:23:12.056 [http-nio-8989-exec-3] INFO  c.zkr.excprodatacomment.controller.ExcelController -[excelUpdateTableCloumnzhushi] Line:60 - 线程等待........
2021-03-04 15:23:12.083 [http-nio-8989-exec-3] INFO  c.zkr.excprodatacomment.controller.ExcelController -[excelUpdateTableCloumnzhushi] Line:62 - 线程唤醒........
2021-03-04 15:23:12.084 [http-nio-8989-exec-3] INFO  c.zkr.excprodatacomment.controller.ExcelController -[excelUpdateTableCloumnzhushi] Line:57 - 线程开启........
2021-03-04 15:23:14.085 [http-nio-8989-exec-3] INFO  c.zkr.excprodatacomment.controller.ExcelController -[excelUpdateTableCloumnzhushi] Line:60 - 线程等待........
2021-03-04 15:23:14.116 [http-nio-8989-exec-3] INFO  c.zkr.excprodatacomment.controller.ExcelController -[excelUpdateTableCloumnzhushi] Line:62 - 线程唤醒........
2021-03-04 15:23:14.117 [http-nio-8989-exec-3] INFO  c.zkr.excprodatacomment.controller.ExcelController -[excelUpdateTableCloumnzhushi] Line:67 - 线程结束........
2021-03-04 15:23:14.118 [http-nio-8989-exec-3] INFO  c.zkr.excprodatacomment.controller.ExcelController -[excelUpdateTableCloumnzhushi] Line:68 - 开始数据共享中.......
2021-03-04 15:25:24.599 [main] INFO  c.z.excprodatacomment.ExcproDataCommentApplication -[logStarting] Line:55 - Starting ExcproDataCommentApplication using Java 1.8.0_131 on DESKTOP-107VFNM with PID 25560 (D:\IntelliJIDEA\IdeaProject\datascourcespring\excpro-data-comment\target\classes started by hebiy in D:\IntelliJIDEA\IdeaProject\datascourcespring)
2021-03-04 15:25:24.615 [main] INFO  c.z.excprodatacomment.ExcproDataCommentApplication -[logStartupProfileInfo] Line:660- No active profile set, falling back to default profiles: default
2021-03-04 15:25:28.477 [main] INFO  c.z.excprodatacomment.ExcproDataCommentApplication -[logStarted] Line:61 - Started ExcproDataCommentApplication in 4.5 seconds (JVM running for 6.514)
2021-03-04 15:25:57.366 [http-nio-8989-exec-2] INFO  c.zkr.excprodatacomment.controller.ExcelController -[excelindex] Line:36 - 数据读取界都控制器....
2021-03-04 15:26:04.837 [http-nio-8989-exec-3] INFO  c.zkr.excprodatacomment.controller.ExcelController -[excelUpdateTableCloumnzhushi] Line:44 - 获取数据库中字段原始数据结构......
2021-03-04 15:26:05.140 [http-nio-8989-exec-3] INFO  c.zkr.excprodatacomment.controller.ExcelController -[excelUpdateTableCloumnzhushi] Line:46 - excel数据字段字段等信息读取中.....
2021-03-04 15:26:05.524 [http-nio-8989-exec-3] INFO  c.zkr.excprodatacomment.controller.ExcelController -[excelUpdateTableCloumnzhushi] Line:49 - 原始数据+excel数据获取结束、开始数据整合.....
2021-03-04 15:26:05.525 [http-nio-8989-exec-3] INFO  c.zkr.excprodatacomment.controller.ExcelController -[excelUpdateTableCloumnzhushi] Line:52 - 整合后的数据14
2021-03-04 15:26:05.527 [http-nio-8989-exec-3] INFO  c.zkr.excprodatacomment.controller.ExcelController -[excelUpdateTableCloumnzhushi] Line:54 - ※※※数据遍历结束....
2021-03-04 15:26:05.529 [http-nio-8989-exec-3] INFO  c.zkr.excprodatacomment.controller.ExcelController -[excelUpdateTableCloumnzhushi] Line:57 - 线程开启........
2021-03-04 15:26:07.543 [http-nio-8989-exec-3] INFO  c.zkr.excprodatacomment.controller.ExcelController -[excelUpdateTableCloumnzhushi] Line:60 - 线程等待........
2021-03-04 15:26:07.622 [http-nio-8989-exec-3] INFO  c.zkr.excprodatacomment.controller.ExcelController -[excelUpdateTableCloumnzhushi] Line:62 - 线程唤醒........
2021-03-04 15:26:07.623 [http-nio-8989-exec-3] INFO  c.zkr.excprodatacomment.controller.ExcelController -[excelUpdateTableCloumnzhushi] Line:57 - 线程开启........
2021-03-04 15:26:09.625 [http-nio-8989-exec-3] INFO  c.zkr.excprodatacomment.controller.ExcelController -[excelUpdateTableCloumnzhushi] Line:60 - 线程等待........
2021-03-04 15:26:09.651 [http-nio-8989-exec-3] INFO  c.zkr.excprodatacomment.controller.ExcelController -[excelUpdateTableCloumnzhushi] Line:62 - 线程唤醒........
2021-03-04 15:26:09.652 [http-nio-8989-exec-3] INFO  c.zkr.excprodatacomment.controller.ExcelController -[excelUpdateTableCloumnzhushi] Line:57 - 线程开启........
2021-03-04 15:26:11.663 [http-nio-8989-exec-3] INFO  c.zkr.excprodatacomment.controller.ExcelController -[excelUpdateTableCloumnzhushi] Line:60 - 线程等待........
2021-03-04 15:26:11.702 [http-nio-8989-exec-3] INFO  c.zkr.excprodatacomment.controller.ExcelController -[excelUpdateTableCloumnzhushi] Line:62 - 线程唤醒........
2021-03-04 15:26:11.703 [http-nio-8989-exec-3] INFO  c.zkr.excprodatacomment.controller.ExcelController -[excelUpdateTableCloumnzhushi] Line:57 - 线程开启........
2021-03-04 15:26:13.708 [http-nio-8989-exec-3] INFO  c.zkr.excprodatacomment.controller.ExcelController -[excelUpdateTableCloumnzhushi] Line:60 - 线程等待........
2021-03-04 15:26:13.732 [http-nio-8989-exec-3] INFO  c.zkr.excprodatacomment.controller.ExcelController -[excelUpdateTableCloumnzhushi] Line:62 - 线程唤醒........
2021-03-04 15:26:13.732 [http-nio-8989-exec-3] INFO  c.zkr.excprodatacomment.controller.ExcelController -[excelUpdateTableCloumnzhushi] Line:57 - 线程开启........
2021-03-04 15:26:15.738 [http-nio-8989-exec-3] INFO  c.zkr.excprodatacomment.controller.ExcelController -[excelUpdateTableCloumnzhushi] Line:60 - 线程等待........
2021-03-04 15:26:15.758 [http-nio-8989-exec-3] INFO  c.zkr.excprodatacomment.controller.ExcelController -[excelUpdateTableCloumnzhushi] Line:62 - 线程唤醒........
2021-03-04 15:26:15.758 [http-nio-8989-exec-3] INFO  c.zkr.excprodatacomment.controller.ExcelController -[excelUpdateTableCloumnzhushi] Line:57 - 线程开启........
2021-03-04 15:26:17.771 [http-nio-8989-exec-3] INFO  c.zkr.excprodatacomment.controller.ExcelController -[excelUpdateTableCloumnzhushi] Line:60 - 线程等待........
2021-03-04 15:26:17.788 [http-nio-8989-exec-3] INFO  c.zkr.excprodatacomment.controller.ExcelController -[excelUpdateTableCloumnzhushi] Line:62 - 线程唤醒........
2021-03-04 15:26:17.789 [http-nio-8989-exec-3] INFO  c.zkr.excprodatacomment.controller.ExcelController -[excelUpdateTableCloumnzhushi] Line:57 - 线程开启........
2021-03-04 15:26:19.794 [http-nio-8989-exec-3] INFO  c.zkr.excprodatacomment.controller.ExcelController -[excelUpdateTableCloumnzhushi] Line:60 - 线程等待........
2021-03-04 15:26:19.816 [http-nio-8989-exec-3] INFO  c.zkr.excprodatacomment.controller.ExcelController -[excelUpdateTableCloumnzhushi] Line:62 - 线程唤醒........
2021-03-04 15:26:19.817 [http-nio-8989-exec-3] INFO  c.zkr.excprodatacomment.controller.ExcelController -[excelUpdateTableCloumnzhushi] Line:57 - 线程开启........
2021-03-04 15:26:21.823 [http-nio-8989-exec-3] INFO  c.zkr.excprodatacomment.controller.ExcelController -[excelUpdateTableCloumnzhushi] Line:60 - 线程等待........
2021-03-04 15:26:21.869 [http-nio-8989-exec-3] INFO  c.zkr.excprodatacomment.controller.ExcelController -[excelUpdateTableCloumnzhushi] Line:62 - 线程唤醒........
2021-03-04 15:26:21.869 [http-nio-8989-exec-3] INFO  c.zkr.excprodatacomment.controller.ExcelController -[excelUpdateTableCloumnzhushi] Line:57 - 线程开启........
2021-03-04 15:26:23.882 [http-nio-8989-exec-3] INFO  c.zkr.excprodatacomment.controller.ExcelController -[excelUpdateTableCloumnzhushi] Line:60 - 线程等待........
2021-03-04 15:26:23.915 [http-nio-8989-exec-3] INFO  c.zkr.excprodatacomment.controller.ExcelController -[excelUpdateTableCloumnzhushi] Line:62 - 线程唤醒........
2021-03-04 15:26:23.915 [http-nio-8989-exec-3] INFO  c.zkr.excprodatacomment.controller.ExcelController -[excelUpdateTableCloumnzhushi] Line:57 - 线程开启........
2021-03-04 15:26:25.924 [http-nio-8989-exec-3] INFO  c.zkr.excprodatacomment.controller.ExcelController -[excelUpdateTableCloumnzhushi] Line:60 - 线程等待........
2021-03-04 15:26:25.953 [http-nio-8989-exec-3] INFO  c.zkr.excprodatacomment.controller.ExcelController -[excelUpdateTableCloumnzhushi] Line:62 - 线程唤醒........
2021-03-04 15:26:25.953 [http-nio-8989-exec-3] INFO  c.zkr.excprodatacomment.controller.ExcelController -[excelUpdateTableCloumnzhushi] Line:57 - 线程开启........
2021-03-04 15:26:27.959 [http-nio-8989-exec-3] INFO  c.zkr.excprodatacomment.controller.ExcelController -[excelUpdateTableCloumnzhushi] Line:60 - 线程等待........
2021-03-04 15:26:27.999 [http-nio-8989-exec-3] INFO  c.zkr.excprodatacomment.controller.ExcelController -[excelUpdateTableCloumnzhushi] Line:62 - 线程唤醒........
2021-03-04 15:26:28.000 [http-nio-8989-exec-3] INFO  c.zkr.excprodatacomment.controller.ExcelController -[excelUpdateTableCloumnzhushi] Line:57 - 线程开启........
2021-03-04 15:26:30.016 [http-nio-8989-exec-3] INFO  c.zkr.excprodatacomment.controller.ExcelController -[excelUpdateTableCloumnzhushi] Line:60 - 线程等待........
2021-03-04 15:26:30.031 [http-nio-8989-exec-3] INFO  c.zkr.excprodatacomment.controller.ExcelController -[excelUpdateTableCloumnzhushi] Line:62 - 线程唤醒........
2021-03-04 15:26:30.031 [http-nio-8989-exec-3] INFO  c.zkr.excprodatacomment.controller.ExcelController -[excelUpdateTableCloumnzhushi] Line:57 - 线程开启........
2021-03-04 15:26:32.038 [http-nio-8989-exec-3] INFO  c.zkr.excprodatacomment.controller.ExcelController -[excelUpdateTableCloumnzhushi] Line:60 - 线程等待........
2021-03-04 15:26:32.061 [http-nio-8989-exec-3] INFO  c.zkr.excprodatacomment.controller.ExcelController -[excelUpdateTableCloumnzhushi] Line:62 - 线程唤醒........
2021-03-04 15:26:32.062 [http-nio-8989-exec-3] INFO  c.zkr.excprodatacomment.controller.ExcelController -[excelUpdateTableCloumnzhushi] Line:57 - 线程开启........
2021-03-04 15:26:34.063 [http-nio-8989-exec-3] INFO  c.zkr.excprodatacomment.controller.ExcelController -[excelUpdateTableCloumnzhushi] Line:60 - 线程等待........
2021-03-04 15:26:34.088 [http-nio-8989-exec-3] INFO  c.zkr.excprodatacomment.controller.ExcelController -[excelUpdateTableCloumnzhushi] Line:62 - 线程唤醒........
2021-03-04 15:26:34.089 [http-nio-8989-exec-3] INFO  c.zkr.excprodatacomment.controller.ExcelController -[excelUpdateTableCloumnzhushi] Line:67 - 线程结束........
2021-03-04 15:26:34.090 [http-nio-8989-exec-3] INFO  c.zkr.excprodatacomment.controller.ExcelController -[excelUpdateTableCloumnzhushi] Line:68 - 开始数据共享中.......
2021-03-04 15:26:34.119 [http-nio-8989-exec-4] INFO  c.z.e.controller.CommnetEntityController -[getcommentMessageBiao] Line:33 - 开始查询数据库操作....
2021-03-04 15:26:34.125 [http-nio-8989-exec-4] INFO  c.z.e.controller.CommnetEntityController -[getcommentMessageBiao] Line:36 - 开始数据共享缓存中....
2021-03-04 15:26:53.199 [http-nio-8989-exec-7] INFO  c.z.e.controller.CommnetEntityController -[getcommentMessageBiao] Line:33 - 开始查询数据库操作....
2021-03-04 15:26:53.203 [http-nio-8989-exec-7] INFO  c.z.e.controller.CommnetEntityController -[getcommentMessageBiao] Line:36 - 开始数据共享缓存中....
2021-03-04 15:33:31.316 [lettuce-nioEventLoop-4-1] INFO  io.lettuce.core.protocol.CommandHandler -[log] Line:217- null Unexpected exception during request: java.io.IOException: 远程主机强迫关闭了一个现有的连接。
java.io.IOException: 远程主机强迫关闭了一个现有的连接。
	at sun.nio.ch.SocketDispatcher.read0(Native Method)
	at sun.nio.ch.SocketDispatcher.read(SocketDispatcher.java:43)
	at sun.nio.ch.IOUtil.readIntoNativeBuffer(IOUtil.java:223)
	at sun.nio.ch.IOUtil.read(IOUtil.java:192)
	at sun.nio.ch.SocketChannelImpl.read(SocketChannelImpl.java:380)
	at io.netty.buffer.PooledByteBuf.setBytes(PooledByteBuf.java:253)
	at io.netty.buffer.AbstractByteBuf.writeBytes(AbstractByteBuf.java:1134)
	at io.netty.channel.socket.nio.NioSocketChannel.doReadBytes(NioSocketChannel.java:350)
	at io.netty.channel.nio.AbstractNioByteChannel$NioByteUnsafe.read(AbstractNioByteChannel.java:151)
	at io.netty.channel.nio.NioEventLoop.processSelectedKey(NioEventLoop.java:719)
	at io.netty.channel.nio.NioEventLoop.processSelectedKeysOptimized(NioEventLoop.java:655)
	at io.netty.channel.nio.NioEventLoop.processSelectedKeys(NioEventLoop.java:581)
	at io.netty.channel.nio.NioEventLoop.run(NioEventLoop.java:493)
	at io.netty.util.concurrent.SingleThreadEventExecutor$4.run(SingleThreadEventExecutor.java:989)
	at io.netty.util.internal.ThreadExecutorMap$2.run(ThreadExecutorMap.java:74)
	at io.netty.util.concurrent.FastThreadLocalRunnable.run(FastThreadLocalRunnable.java:30)
	at java.lang.Thread.run(Thread.java:748)
2021-03-04 15:33:31.485 [lettuce-eventExecutorLoop-1-3] INFO  io.lettuce.core.protocol.ConnectionWatchdog -[log] Line:171- Reconnecting, last destination was /121.5.10.163:6379
2021-03-04 15:33:31.780 [lettuce-nioEventLoop-4-2] INFO  io.lettuce.core.protocol.ReconnectionHandler -[lambda$null$3] Line:164- Reconnected to 121.5.10.163:6379
2021-03-04 15:44:41.797 [http-nio-8989-exec-2] INFO  c.zkr.excprodatacomment.controller.ExcelController -[excelindex] Line:36 - 数据读取界都控制器....
2021-03-04 15:44:44.921 [http-nio-8989-exec-3] INFO  c.zkr.excprodatacomment.controller.ExcelController -[excelindex] Line:36 - 数据读取界都控制器....
2021-03-04 15:44:55.005 [http-nio-8989-exec-5] INFO  c.zkr.excprodatacomment.controller.ExcelController -[excelindex] Line:36 - 数据读取界都控制器....
2021-03-04 15:45:37.105 [http-nio-8989-exec-10] INFO  c.zkr.excprodatacomment.controller.ExcelController -[excelindex] Line:36 - 数据读取界都控制器....
2021-03-04 15:45:57.376 [http-nio-8989-exec-2] INFO  c.zkr.excprodatacomment.controller.ExcelController -[excelindex] Line:36 - 数据读取界都控制器....
2021-03-04 15:46:01.151 [http-nio-8989-exec-6] INFO  c.zkr.excprodatacomment.controller.ExcelController -[excelindex] Line:36 - 数据读取界都控制器....
2021-03-04 15:46:03.981 [http-nio-8989-exec-5] INFO  c.zkr.excprodatacomment.controller.ExcelController -[excelindex] Line:36 - 数据读取界都控制器....
2021-03-04 15:46:25.998 [http-nio-8989-exec-10] INFO  c.zkr.excprodatacomment.controller.ExcelController -[excelindex] Line:36 - 数据读取界都控制器....
2021-03-04 15:46:30.236 [http-nio-8989-exec-2] INFO  c.zkr.excprodatacomment.controller.ExcelController -[excelindex] Line:36 - 数据读取界都控制器....
2021-03-04 15:51:32.196 [http-nio-8989-exec-6] INFO  c.zkr.excprodatacomment.controller.ExcelController -[excelindex] Line:36 - 数据读取界都控制器....
2021-03-04 15:51:35.482 [http-nio-8989-exec-5] INFO  c.zkr.excprodatacomment.controller.ExcelController -[excelindex] Line:36 - 数据读取界都控制器....
2021-03-04 15:57:42.889 [http-nio-8989-exec-10] INFO  c.zkr.excprodatacomment.controller.ExcelController -[excelindex] Line:36 - 数据读取界都控制器....
2021-03-04 15:57:49.605 [http-nio-8989-exec-2] INFO  c.zkr.excprodatacomment.controller.ExcelController -[excelindex] Line:36 - 数据读取界都控制器....
2021-03-04 16:01:37.108 [http-nio-8989-exec-6] INFO  c.zkr.excprodatacomment.controller.ExcelController -[excelindex] Line:36 - 数据读取界都控制器....
2021-03-04 16:01:39.658 [http-nio-8989-exec-5] INFO  c.zkr.excprodatacomment.controller.ExcelController -[excelindex] Line:36 - 数据读取界都控制器....
2021-03-04 16:01:43.754 [http-nio-8989-exec-8] INFO  c.zkr.excprodatacomment.controller.ExcelController -[excelindex] Line:36 - 数据读取界都控制器....
2021-03-04 16:04:05.945 [http-nio-8989-exec-9] INFO  c.zkr.excprodatacomment.controller.ExcelController -[excelindex] Line:36 - 数据读取界都控制器....
2021-03-04 16:04:57.258 [http-nio-8989-exec-3] INFO  c.zkr.excprodatacomment.controller.ExcelController -[excelindex] Line:36 - 数据读取界都控制器....
2021-03-04 16:05:21.413 [http-nio-8989-exec-5] INFO  c.zkr.excprodatacomment.controller.ExcelController -[excelindex] Line:36 - 数据读取界都控制器....
2021-03-04 16:05:27.000 [http-nio-8989-exec-10] INFO  c.zkr.excprodatacomment.controller.ExcelController -[excelindex] Line:36 - 数据读取界都控制器....
2021-03-04 16:05:56.694 [http-nio-8989-exec-1] INFO  c.zkr.excprodatacomment.controller.ExcelController -[excelindex] Line:36 - 数据读取界都控制器....
2021-03-04 16:05:57.883 [http-nio-8989-exec-3] INFO  c.zkr.excprodatacomment.controller.ExcelController -[excelindex] Line:36 - 数据读取界都控制器....
2021-03-04 16:06:41.735 [http-nio-8989-exec-5] INFO  c.zkr.excprodatacomment.controller.ExcelController -[excelindex] Line:36 - 数据读取界都控制器....
2021-03-04 16:06:43.293 [http-nio-8989-exec-7] INFO  c.zkr.excprodatacomment.controller.ExcelController -[excelindex] Line:36 - 数据读取界都控制器....
2021-03-04 16:06:49.611 [http-nio-8989-exec-9] INFO  c.zkr.excprodatacomment.controller.ExcelController -[excelindex] Line:36 - 数据读取界都控制器....
2021-03-04 16:09:10.543 [http-nio-8989-exec-3] INFO  c.zkr.excprodatacomment.controller.ExcelController -[excelindex] Line:36 - 数据读取界都控制器....
2021-03-04 16:09:30.401 [http-nio-8989-exec-6] INFO  c.zkr.excprodatacomment.controller.ExcelController -[excelindex] Line:36 - 数据读取界都控制器....
2021-03-04 16:09:36.730 [http-nio-8989-exec-4] INFO  c.zkr.excprodatacomment.controller.ExcelController -[excelUpdateTableCloumnzhushi] Line:44 - 获取数据库中字段原始数据结构......
2021-03-04 16:09:36.874 [http-nio-8989-exec-4] INFO  c.zkr.excprodatacomment.controller.ExcelController -[excelUpdateTableCloumnzhushi] Line:46 - excel数据字段字段等信息读取中.....
2021-03-04 16:09:36.977 [http-nio-8989-exec-4] INFO  c.zkr.excprodatacomment.controller.ExcelController -[excelUpdateTableCloumnzhushi] Line:49 - 原始数据+excel数据获取结束、开始数据整合.....
2021-03-04 16:09:36.978 [http-nio-8989-exec-4] INFO  c.zkr.excprodatacomment.controller.ExcelController -[excelUpdateTableCloumnzhushi] Line:52 - 整合后的数据14
2021-03-04 16:09:36.979 [http-nio-8989-exec-4] INFO  c.zkr.excprodatacomment.controller.ExcelController -[excelUpdateTableCloumnzhushi] Line:54 - ※※※数据遍历结束....
2021-03-04 16:09:36.979 [http-nio-8989-exec-4] INFO  c.zkr.excprodatacomment.controller.ExcelController -[excelUpdateTableCloumnzhushi] Line:57 - 线程开启........
2021-03-04 16:09:38.981 [http-nio-8989-exec-4] INFO  c.zkr.excprodatacomment.controller.ExcelController -[excelUpdateTableCloumnzhushi] Line:60 - 线程等待........
2021-03-04 16:09:39.017 [http-nio-8989-exec-4] INFO  c.zkr.excprodatacomment.controller.ExcelController -[excelUpdateTableCloumnzhushi] Line:62 - 线程唤醒........
2021-03-04 16:09:39.018 [http-nio-8989-exec-4] INFO  c.zkr.excprodatacomment.controller.ExcelController -[excelUpdateTableCloumnzhushi] Line:57 - 线程开启........
2021-03-04 16:09:41.023 [http-nio-8989-exec-4] INFO  c.zkr.excprodatacomment.controller.ExcelController -[excelUpdateTableCloumnzhushi] Line:60 - 线程等待........
2021-03-04 16:09:41.058 [http-nio-8989-exec-4] INFO  c.zkr.excprodatacomment.controller.ExcelController -[excelUpdateTableCloumnzhushi] Line:62 - 线程唤醒........
2021-03-04 16:09:41.058 [http-nio-8989-exec-4] INFO  c.zkr.excprodatacomment.controller.ExcelController -[excelUpdateTableCloumnzhushi] Line:57 - 线程开启........
2021-03-04 16:09:43.071 [http-nio-8989-exec-4] INFO  c.zkr.excprodatacomment.controller.ExcelController -[excelUpdateTableCloumnzhushi] Line:60 - 线程等待........
2021-03-04 16:09:43.101 [http-nio-8989-exec-4] INFO  c.zkr.excprodatacomment.controller.ExcelController -[excelUpdateTableCloumnzhushi] Line:62 - 线程唤醒........
2021-03-04 16:09:43.101 [http-nio-8989-exec-4] INFO  c.zkr.excprodatacomment.controller.ExcelController -[excelUpdateTableCloumnzhushi] Line:57 - 线程开启........
2021-03-04 16:09:45.105 [http-nio-8989-exec-4] INFO  c.zkr.excprodatacomment.controller.ExcelController -[excelUpdateTableCloumnzhushi] Line:60 - 线程等待........
2021-03-04 16:09:45.142 [http-nio-8989-exec-4] INFO  c.zkr.excprodatacomment.controller.ExcelController -[excelUpdateTableCloumnzhushi] Line:62 - 线程唤醒........
2021-03-04 16:09:45.143 [http-nio-8989-exec-4] INFO  c.zkr.excprodatacomment.controller.ExcelController -[excelUpdateTableCloumnzhushi] Line:57 - 线程开启........
2021-03-04 16:09:47.155 [http-nio-8989-exec-4] INFO  c.zkr.excprodatacomment.controller.ExcelController -[excelUpdateTableCloumnzhushi] Line:60 - 线程等待........
2021-03-04 16:09:47.177 [http-nio-8989-exec-4] INFO  c.zkr.excprodatacomment.controller.ExcelController -[excelUpdateTableCloumnzhushi] Line:62 - 线程唤醒........
2021-03-04 16:09:47.177 [http-nio-8989-exec-4] INFO  c.zkr.excprodatacomment.controller.ExcelController -[excelUpdateTableCloumnzhushi] Line:57 - 线程开启........
2021-03-04 16:09:49.182 [http-nio-8989-exec-4] INFO  c.zkr.excprodatacomment.controller.ExcelController -[excelUpdateTableCloumnzhushi] Line:60 - 线程等待........
2021-03-04 16:09:49.207 [http-nio-8989-exec-4] INFO  c.zkr.excprodatacomment.controller.ExcelController -[excelUpdateTableCloumnzhushi] Line:62 - 线程唤醒........
2021-03-04 16:09:49.207 [http-nio-8989-exec-4] INFO  c.zkr.excprodatacomment.controller.ExcelController -[excelUpdateTableCloumnzhushi] Line:57 - 线程开启........
2021-03-04 16:09:51.216 [http-nio-8989-exec-4] INFO  c.zkr.excprodatacomment.controller.ExcelController -[excelUpdateTableCloumnzhushi] Line:60 - 线程等待........
2021-03-04 16:09:51.235 [http-nio-8989-exec-4] INFO  c.zkr.excprodatacomment.controller.ExcelController -[excelUpdateTableCloumnzhushi] Line:62 - 线程唤醒........
2021-03-04 16:09:51.235 [http-nio-8989-exec-4] INFO  c.zkr.excprodatacomment.controller.ExcelController -[excelUpdateTableCloumnzhushi] Line:57 - 线程开启........
2021-03-04 16:09:53.249 [http-nio-8989-exec-4] INFO  c.zkr.excprodatacomment.controller.ExcelController -[excelUpdateTableCloumnzhushi] Line:60 - 线程等待........
2021-03-04 16:09:53.285 [http-nio-8989-exec-4] INFO  c.zkr.excprodatacomment.controller.ExcelController -[excelUpdateTableCloumnzhushi] Line:62 - 线程唤醒........
2021-03-04 16:09:53.286 [http-nio-8989-exec-4] INFO  c.zkr.excprodatacomment.controller.ExcelController -[excelUpdateTableCloumnzhushi] Line:57 - 线程开启........
2021-03-04 16:09:55.295 [http-nio-8989-exec-4] INFO  c.zkr.excprodatacomment.controller.ExcelController -[excelUpdateTableCloumnzhushi] Line:60 - 线程等待........
2021-03-04 16:09:55.332 [http-nio-8989-exec-4] INFO  c.zkr.excprodatacomment.controller.ExcelController -[excelUpdateTableCloumnzhushi] Line:62 - 线程唤醒........
2021-03-04 16:09:55.332 [http-nio-8989-exec-4] INFO  c.zkr.excprodatacomment.controller.ExcelController -[excelUpdateTableCloumnzhushi] Line:57 - 线程开启........
2021-03-04 16:09:57.340 [http-nio-8989-exec-4] INFO  c.zkr.excprodatacomment.controller.ExcelController -[excelUpdateTableCloumnzhushi] Line:60 - 线程等待........
2021-03-04 16:09:57.371 [http-nio-8989-exec-4] INFO  c.zkr.excprodatacomment.controller.ExcelController -[excelUpdateTableCloumnzhushi] Line:62 - 线程唤醒........
2021-03-04 16:09:57.372 [http-nio-8989-exec-4] INFO  c.zkr.excprodatacomment.controller.ExcelController -[excelUpdateTableCloumnzhushi] Line:57 - 线程开启........
2021-03-04 16:09:59.373 [http-nio-8989-exec-4] INFO  c.zkr.excprodatacomment.controller.ExcelController -[excelUpdateTableCloumnzhushi] Line:60 - 线程等待........
2021-03-04 16:09:59.404 [http-nio-8989-exec-4] INFO  c.zkr.excprodatacomment.controller.ExcelController -[excelUpdateTableCloumnzhushi] Line:62 - 线程唤醒........
2021-03-04 16:09:59.404 [http-nio-8989-exec-4] INFO  c.zkr.excprodatacomment.controller.ExcelController -[excelUpdateTableCloumnzhushi] Line:57 - 线程开启........
2021-03-04 16:10:01.408 [http-nio-8989-exec-4] INFO  c.zkr.excprodatacomment.controller.ExcelController -[excelUpdateTableCloumnzhushi] Line:60 - 线程等待........
2021-03-04 16:10:01.435 [http-nio-8989-exec-4] INFO  c.zkr.excprodatacomment.controller.ExcelController -[excelUpdateTableCloumnzhushi] Line:62 - 线程唤醒........
2021-03-04 16:10:01.436 [http-nio-8989-exec-4] INFO  c.zkr.excprodatacomment.controller.ExcelController -[excelUpdateTableCloumnzhushi] Line:57 - 线程开启........
2021-03-04 16:10:03.444 [http-nio-8989-exec-4] INFO  c.zkr.excprodatacomment.controller.ExcelController -[excelUpdateTableCloumnzhushi] Line:60 - 线程等待........
2021-03-04 16:10:03.462 [http-nio-8989-exec-4] INFO  c.zkr.excprodatacomment.controller.ExcelController -[excelUpdateTableCloumnzhushi] Line:62 - 线程唤醒........
2021-03-04 16:10:03.462 [http-nio-8989-exec-4] INFO  c.zkr.excprodatacomment.controller.ExcelController -[excelUpdateTableCloumnzhushi] Line:57 - 线程开启........
2021-03-04 16:10:05.466 [http-nio-8989-exec-4] INFO  c.zkr.excprodatacomment.controller.ExcelController -[excelUpdateTableCloumnzhushi] Line:60 - 线程等待........
2021-03-04 16:10:05.490 [http-nio-8989-exec-4] INFO  c.zkr.excprodatacomment.controller.ExcelController -[excelUpdateTableCloumnzhushi] Line:62 - 线程唤醒........
2021-03-04 16:10:05.490 [http-nio-8989-exec-4] INFO  c.zkr.excprodatacomment.controller.ExcelController -[excelUpdateTableCloumnzhushi] Line:67 - 线程结束........
2021-03-04 16:10:05.490 [http-nio-8989-exec-4] INFO  c.zkr.excprodatacomment.controller.ExcelController -[excelUpdateTableCloumnzhushi] Line:68 - 开始数据共享中.......
2021-03-04 16:10:05.518 [http-nio-8989-exec-5] INFO  c.z.e.controller.CommnetEntityController -[getcommentMessageBiao] Line:33 - 开始查询数据库操作....
2021-03-04 16:10:05.524 [http-nio-8989-exec-5] INFO  c.z.e.controller.CommnetEntityController -[getcommentMessageBiao] Line:36 - 开始数据共享缓存中....
2021-03-04 17:20:58.536 [main] INFO  c.z.excprodatacomment.ExcproDataCommentApplication -[logStarting] Line:55 - Starting ExcproDataCommentApplication using Java 1.8.0_131 on DESKTOP-107VFNM with PID 27948 (D:\IntelliJIDEA\IdeaProject\datascourcespring\excpro-data-comment\target\classes started by hebiy in D:\IntelliJIDEA\IdeaProject\datascourcespring)
2021-03-04 17:20:58.543 [main] INFO  c.z.excprodatacomment.ExcproDataCommentApplication -[logStartupProfileInfo] Line:660- No active profile set, falling back to default profiles: default
2021-03-04 17:21:02.767 [main] INFO  c.z.excprodatacomment.ExcproDataCommentApplication -[logStarted] Line:61 - Started ExcproDataCommentApplication in 5.341 seconds (JVM running for 8.131)
2021-03-04 17:21:39.310 [http-nio-8989-exec-4] INFO  c.z.e.controller.SearchCloumnMeaasgeData -[toSearchPage] Line:21 - 到达全文检索特殊字符页面....
2021-03-04 17:21:48.322 [http-nio-8989-exec-8] INFO  c.zkr.excprodatacomment.controller.ExcelController -[excelindex] Line:34 - 数据读取界都控制器....
2021-03-04 17:21:52.710 [http-nio-8989-exec-9] INFO  c.z.e.controller.SearchCloumnMeaasgeData -[toSearchPage] Line:21 - 到达全文检索特殊字符页面....
2021-03-04 17:24:16.105 [http-nio-8989-exec-2] INFO  c.z.e.controller.SearchCloumnMeaasgeData -[toSearchPage] Line:21 - 到达全文检索特殊字符页面....
2021-03-04 17:24:37.757 [http-nio-8989-exec-5] INFO  c.z.e.controller.SearchCloumnMeaasgeData -[toSearchPage] Line:21 - 到达全文检索特殊字符页面....
2021-03-04 17:25:45.154 [http-nio-8989-exec-8] INFO  c.z.e.controller.SearchCloumnMeaasgeData -[toSearchPage] Line:21 - 到达全文检索特殊字符页面....
2021-03-04 17:26:28.264 [http-nio-8989-exec-10] INFO  c.z.e.controller.SearchCloumnMeaasgeData -[toSearchPage] Line:21 - 到达全文检索特殊字符页面....
2021-03-04 17:26:33.940 [http-nio-8989-exec-2] INFO  c.z.e.controller.SearchCloumnMeaasgeData -[toSearchPage] Line:21 - 到达全文检索特殊字符页面....
2021-03-04 17:26:46.438 [http-nio-8989-exec-5] INFO  c.z.e.controller.SearchCloumnMeaasgeData -[toSearchPage] Line:21 - 到达全文检索特殊字符页面....
2021-03-04 17:27:11.226 [http-nio-8989-exec-8] INFO  c.z.e.controller.SearchCloumnMeaasgeData -[toSearchPage] Line:21 - 到达全文检索特殊字符页面....
2021-03-04 17:27:19.269 [http-nio-8989-exec-10] INFO  c.z.e.controller.SearchCloumnMeaasgeData -[toSearchPage] Line:21 - 到达全文检索特殊字符页面....
2021-03-04 17:27:20.082 [http-nio-8989-exec-2] INFO  c.z.e.controller.SearchCloumnMeaasgeData -[toSearchPage] Line:21 - 到达全文检索特殊字符页面....
2021-03-04 17:27:20.258 [http-nio-8989-exec-4] INFO  c.z.e.controller.SearchCloumnMeaasgeData -[toSearchPage] Line:21 - 到达全文检索特殊字符页面....
2021-03-04 17:27:20.424 [http-nio-8989-exec-3] INFO  c.z.e.controller.SearchCloumnMeaasgeData -[toSearchPage] Line:21 - 到达全文检索特殊字符页面....
2021-03-04 17:27:20.583 [http-nio-8989-exec-5] INFO  c.z.e.controller.SearchCloumnMeaasgeData -[toSearchPage] Line:21 - 到达全文检索特殊字符页面....
2021-03-04 17:27:51.701 [http-nio-8989-exec-8] INFO  c.z.e.controller.SearchCloumnMeaasgeData -[toSearchPage] Line:21 - 到达全文检索特殊字符页面....
2021-03-04 17:28:33.005 [http-nio-8989-exec-10] INFO  c.z.e.controller.SearchCloumnMeaasgeData -[toSearchPage] Line:21 - 到达全文检索特殊字符页面....
2021-03-04 17:29:13.877 [http-nio-8989-exec-3] INFO  c.z.e.controller.SearchCloumnMeaasgeData -[toSearchPage] Line:21 - 到达全文检索特殊字符页面....
2021-03-04 17:30:14.676 [http-nio-8989-exec-6] INFO  c.z.e.controller.SearchCloumnMeaasgeData -[toSearchPage] Line:21 - 到达全文检索特殊字符页面....
2021-03-04 17:31:17.320 [http-nio-8989-exec-9] INFO  c.z.e.controller.SearchCloumnMeaasgeData -[toSearchPage] Line:21 - 到达全文检索特殊字符页面....
2021-03-04 17:31:36.122 [http-nio-8989-exec-4] INFO  c.z.e.controller.SearchCloumnMeaasgeData -[toSearchPage] Line:21 - 到达全文检索特殊字符页面....
2021-03-04 17:31:36.280 [http-nio-8989-exec-3] INFO  c.z.e.controller.SearchCloumnMeaasgeData -[toSearchPage] Line:21 - 到达全文检索特殊字符页面....
2021-03-04 17:31:36.466 [http-nio-8989-exec-5] INFO  c.z.e.controller.SearchCloumnMeaasgeData -[toSearchPage] Line:21 - 到达全文检索特殊字符页面....
2021-03-04 17:31:50.439 [http-nio-8989-exec-8] INFO  c.z.e.controller.SearchCloumnMeaasgeData -[toSearchPage] Line:21 - 到达全文检索特殊字符页面....
2021-03-04 17:32:21.254 [http-nio-8989-exec-2] INFO  c.z.e.controller.SearchCloumnMeaasgeData -[toSearchPage] Line:21 - 到达全文检索特殊字符页面....
2021-03-04 17:32:21.399 [http-nio-8989-exec-10] INFO  c.z.e.controller.SearchCloumnMeaasgeData -[toSearchPage] Line:21 - 到达全文检索特殊字符页面....
2021-03-04 17:33:00.810 [http-nio-8989-exec-5] INFO  c.z.e.controller.SearchCloumnMeaasgeData -[toSearchPage] Line:21 - 到达全文检索特殊字符页面....
2021-03-04 17:33:00.958 [http-nio-8989-exec-6] INFO  c.z.e.controller.SearchCloumnMeaasgeData -[toSearchPage] Line:21 - 到达全文检索特殊字符页面....
2021-03-04 17:34:02.234 [http-nio-8989-exec-9] INFO  c.z.e.controller.SearchCloumnMeaasgeData -[toSearchPage] Line:21 - 到达全文检索特殊字符页面....
2021-03-04 17:34:11.960 [http-nio-8989-exec-10] INFO  c.z.e.controller.SearchCloumnMeaasgeData -[toSearchPage] Line:21 - 到达全文检索特殊字符页面....
2021-03-04 17:34:12.123 [http-nio-8989-exec-3] INFO  c.z.e.controller.SearchCloumnMeaasgeData -[toSearchPage] Line:21 - 到达全文检索特殊字符页面....
2021-03-04 17:34:12.282 [http-nio-8989-exec-4] INFO  c.z.e.controller.SearchCloumnMeaasgeData -[toSearchPage] Line:21 - 到达全文检索特殊字符页面....
2021-03-04 17:35:00.961 [http-nio-8989-exec-8] INFO  c.z.e.controller.SearchCloumnMeaasgeData -[toSearchPage] Line:21 - 到达全文检索特殊字符页面....
2021-03-04 17:55:32.365 [main] INFO  c.z.excprodatacomment.ExcproDataCommentApplication -[logStarting] Line:55 - Starting ExcproDataCommentApplication using Java 1.8.0_131 on DESKTOP-107VFNM with PID 43912 (D:\IntelliJIDEA\IdeaProject\datascourcespring\excpro-data-comment\target\classes started by hebiy in D:\IntelliJIDEA\IdeaProject\datascourcespring)
2021-03-04 17:55:32.376 [main] INFO  c.z.excprodatacomment.ExcproDataCommentApplication -[logStartupProfileInfo] Line:660- No active profile set, falling back to default profiles: default
2021-03-04 17:55:36.642 [main] INFO  c.z.excprodatacomment.ExcproDataCommentApplication -[logStarted] Line:61 - Started ExcproDataCommentApplication in 5.316 seconds (JVM running for 7.778)
2021-03-04 17:55:47.828 [http-nio-8989-exec-2] INFO  c.z.e.controller.SearchCloumnMeaasgeData -[toSearchPage] Line:29 - 到达全文检索特殊字符页面....
2021-03-04 17:57:52.159 [main] INFO  c.z.excprodatacomment.ExcproDataCommentApplication -[logStarting] Line:55 - Starting ExcproDataCommentApplication using Java 1.8.0_131 on DESKTOP-107VFNM with PID 28624 (D:\IntelliJIDEA\IdeaProject\datascourcespring\excpro-data-comment\target\classes started by hebiy in D:\IntelliJIDEA\IdeaProject\datascourcespring)
2021-03-04 17:57:52.185 [main] INFO  c.z.excprodatacomment.ExcproDataCommentApplication -[logStartupProfileInfo] Line:660- No active profile set, falling back to default profiles: default
2021-03-04 17:57:55.391 [main] INFO  c.z.excprodatacomment.ExcproDataCommentApplication -[logStarted] Line:61 - Started ExcproDataCommentApplication in 4.536 seconds (JVM running for 7.539)
2021-03-04 17:58:12.933 [http-nio-8989-exec-2] INFO  c.z.e.controller.SearchCloumnMeaasgeData -[toSearchPage] Line:29 - 到达全文检索特殊字符页面....
2021-03-04 18:01:52.061 [main] INFO  c.z.excprodatacomment.ExcproDataCommentApplication -[logStarting] Line:55 - Starting ExcproDataCommentApplication using Java 1.8.0_131 on DESKTOP-107VFNM with PID 26780 (D:\IntelliJIDEA\IdeaProject\datascourcespring\excpro-data-comment\target\classes started by hebiy in D:\IntelliJIDEA\IdeaProject\datascourcespring)
2021-03-04 18:01:52.077 [main] INFO  c.z.excprodatacomment.ExcproDataCommentApplication -[logStartupProfileInfo] Line:660- No active profile set, falling back to default profiles: default
2021-03-04 18:01:55.973 [main] INFO  c.z.excprodatacomment.ExcproDataCommentApplication -[logStarted] Line:61 - Started ExcproDataCommentApplication in 5.107 seconds (JVM running for 6.808)
2021-03-04 18:02:03.805 [http-nio-8989-exec-2] INFO  c.z.e.controller.SearchCloumnMeaasgeData -[toSearchPage] Line:29 - 到达全文检索特殊字符页面....
