2021-03-02 17:54:53.119 [main] DEBUG org.mybatis.spring.mapper.ClassPathMapperScanner -[scanCandidateComponents] Line:435- Identified candidate component class: file [D:\IntelliJIDEA\IdeaProject\datascourcespring\excpro-data-comment\target\classes\com\zkr\excprodatacomment\mapper\CommnetEntityMapper.class]
2021-03-02 17:54:53.120 [main] DEBUG org.mybatis.spring.mapper.ClassPathMapperScanner -[scanCandidateComponents] Line:435- Identified candidate component class: file [D:\IntelliJIDEA\IdeaProject\datascourcespring\excpro-data-comment\target\classes\com\zkr\excprodatacomment\mapper\TablesAllNameMapper.class]
2021-03-02 17:54:53.121 [main] DEBUG org.mybatis.spring.mapper.ClassPathMapperScanner -[processBeanDefinitions] Line:180- Creating MapperFactoryBean with name 'commnetEntityMapper' and 'com.zkr.excprodatacomment.mapper.CommnetEntityMapper' mapperInterface
2021-03-02 17:54:53.122 [main] DEBUG org.mybatis.spring.mapper.ClassPathMapperScanner -[processBeanDefinitions] Line:216- Enabling autowire by type for MapperFactoryBean with name 'commnetEntityMapper'.
2021-03-02 17:54:53.123 [main] DEBUG org.mybatis.spring.mapper.ClassPathMapperScanner -[processBeanDefinitions] Line:180- Creating MapperFactoryBean with name 'tablesAllNameMapper' and 'com.zkr.excprodatacomment.mapper.TablesAllNameMapper' mapperInterface
2021-03-02 17:54:53.123 [main] DEBUG org.mybatis.spring.mapper.ClassPathMapperScanner -[processBeanDefinitions] Line:216- Enabling autowire by type for MapperFactoryBean with name 'tablesAllNameMapper'.
2021-03-02 17:57:57.025 [main] DEBUG org.mybatis.spring.mapper.ClassPathMapperScanner -[scanCandidateComponents] Line:435- Identified candidate component class: file [D:\IntelliJIDEA\IdeaProject\datascourcespring\excpro-data-comment\target\classes\com\zkr\excprodatacomment\mapper\CommnetEntityMapper.class]
2021-03-02 17:57:57.026 [main] DEBUG org.mybatis.spring.mapper.ClassPathMapperScanner -[scanCandidateComponents] Line:435- Identified candidate component class: file [D:\IntelliJIDEA\IdeaProject\datascourcespring\excpro-data-comment\target\classes\com\zkr\excprodatacomment\mapper\TablesAllNameMapper.class]
2021-03-02 17:57:57.027 [main] DEBUG org.mybatis.spring.mapper.ClassPathMapperScanner -[processBeanDefinitions] Line:180- Creating MapperFactoryBean with name 'commnetEntityMapper' and 'com.zkr.excprodatacomment.mapper.CommnetEntityMapper' mapperInterface
2021-03-02 17:57:57.028 [main] DEBUG org.mybatis.spring.mapper.ClassPathMapperScanner -[processBeanDefinitions] Line:216- Enabling autowire by type for MapperFactoryBean with name 'commnetEntityMapper'.
2021-03-02 17:57:57.029 [main] DEBUG org.mybatis.spring.mapper.ClassPathMapperScanner -[processBeanDefinitions] Line:180- Creating MapperFactoryBean with name 'tablesAllNameMapper' and 'com.zkr.excprodatacomment.mapper.TablesAllNameMapper' mapperInterface
2021-03-02 17:57:57.029 [main] DEBUG org.mybatis.spring.mapper.ClassPathMapperScanner -[processBeanDefinitions] Line:216- Enabling autowire by type for MapperFactoryBean with name 'tablesAllNameMapper'.
2021-03-02 17:59:56.881 [main] DEBUG org.mybatis.spring.mapper.ClassPathMapperScanner -[scanCandidateComponents] Line:435- Identified candidate component class: file [D:\IntelliJIDEA\IdeaProject\datascourcespring\excpro-data-comment\target\classes\com\zkr\excprodatacomment\mapper\CommnetEntityMapper.class]
2021-03-02 17:59:56.882 [main] DEBUG org.mybatis.spring.mapper.ClassPathMapperScanner -[scanCandidateComponents] Line:435- Identified candidate component class: file [D:\IntelliJIDEA\IdeaProject\datascourcespring\excpro-data-comment\target\classes\com\zkr\excprodatacomment\mapper\TablesAllNameMapper.class]
2021-03-02 17:59:56.883 [main] DEBUG org.mybatis.spring.mapper.ClassPathMapperScanner -[processBeanDefinitions] Line:180- Creating MapperFactoryBean with name 'commnetEntityMapper' and 'com.zkr.excprodatacomment.mapper.CommnetEntityMapper' mapperInterface
2021-03-02 17:59:56.884 [main] DEBUG org.mybatis.spring.mapper.ClassPathMapperScanner -[processBeanDefinitions] Line:216- Enabling autowire by type for MapperFactoryBean with name 'commnetEntityMapper'.
2021-03-02 17:59:56.885 [main] DEBUG org.mybatis.spring.mapper.ClassPathMapperScanner -[processBeanDefinitions] Line:180- Creating MapperFactoryBean with name 'tablesAllNameMapper' and 'com.zkr.excprodatacomment.mapper.TablesAllNameMapper' mapperInterface
2021-03-02 17:59:56.885 [main] DEBUG org.mybatis.spring.mapper.ClassPathMapperScanner -[processBeanDefinitions] Line:216- Enabling autowire by type for MapperFactoryBean with name 'tablesAllNameMapper'.
2021-03-02 18:02:28.812 [main] DEBUG org.mybatis.spring.mapper.ClassPathMapperScanner -[scanCandidateComponents] Line:435- Identified candidate component class: file [D:\IntelliJIDEA\IdeaProject\datascourcespring\excpro-data-comment\target\classes\com\zkr\excprodatacomment\mapper\CommnetEntityMapper.class]
2021-03-02 18:02:28.812 [main] DEBUG org.mybatis.spring.mapper.ClassPathMapperScanner -[scanCandidateComponents] Line:435- Identified candidate component class: file [D:\IntelliJIDEA\IdeaProject\datascourcespring\excpro-data-comment\target\classes\com\zkr\excprodatacomment\mapper\TablesAllNameMapper.class]
2021-03-02 18:02:28.813 [main] DEBUG org.mybatis.spring.mapper.ClassPathMapperScanner -[processBeanDefinitions] Line:180- Creating MapperFactoryBean with name 'commnetEntityMapper' and 'com.zkr.excprodatacomment.mapper.CommnetEntityMapper' mapperInterface
2021-03-02 18:02:28.814 [main] DEBUG org.mybatis.spring.mapper.ClassPathMapperScanner -[processBeanDefinitions] Line:216- Enabling autowire by type for MapperFactoryBean with name 'commnetEntityMapper'.
2021-03-02 18:02:28.815 [main] DEBUG org.mybatis.spring.mapper.ClassPathMapperScanner -[processBeanDefinitions] Line:180- Creating MapperFactoryBean with name 'tablesAllNameMapper' and 'com.zkr.excprodatacomment.mapper.TablesAllNameMapper' mapperInterface
2021-03-02 18:02:28.815 [main] DEBUG org.mybatis.spring.mapper.ClassPathMapperScanner -[processBeanDefinitions] Line:216- Enabling autowire by type for MapperFactoryBean with name 'tablesAllNameMapper'.
2021-03-02 18:03:23.677 [main] DEBUG org.mybatis.spring.mapper.ClassPathMapperScanner -[scanCandidateComponents] Line:435- Identified candidate component class: file [D:\IntelliJIDEA\IdeaProject\datascourcespring\excpro-data-comment\target\classes\com\zkr\excprodatacomment\mapper\CommnetEntityMapper.class]
2021-03-02 18:03:23.679 [main] DEBUG org.mybatis.spring.mapper.ClassPathMapperScanner -[scanCandidateComponents] Line:435- Identified candidate component class: file [D:\IntelliJIDEA\IdeaProject\datascourcespring\excpro-data-comment\target\classes\com\zkr\excprodatacomment\mapper\TablesAllNameMapper.class]
2021-03-02 18:03:23.679 [main] DEBUG org.mybatis.spring.mapper.ClassPathMapperScanner -[processBeanDefinitions] Line:180- Creating MapperFactoryBean with name 'commnetEntityMapper' and 'com.zkr.excprodatacomment.mapper.CommnetEntityMapper' mapperInterface
2021-03-02 18:03:23.680 [main] DEBUG org.mybatis.spring.mapper.ClassPathMapperScanner -[processBeanDefinitions] Line:216- Enabling autowire by type for MapperFactoryBean with name 'commnetEntityMapper'.
2021-03-02 18:03:23.681 [main] DEBUG org.mybatis.spring.mapper.ClassPathMapperScanner -[processBeanDefinitions] Line:180- Creating MapperFactoryBean with name 'tablesAllNameMapper' and 'com.zkr.excprodatacomment.mapper.TablesAllNameMapper' mapperInterface
2021-03-02 18:03:23.681 [main] DEBUG org.mybatis.spring.mapper.ClassPathMapperScanner -[processBeanDefinitions] Line:216- Enabling autowire by type for MapperFactoryBean with name 'tablesAllNameMapper'.
2021-03-02 18:08:37.476 [main] DEBUG org.mybatis.spring.mapper.ClassPathMapperScanner -[scanCandidateComponents] Line:435- Identified candidate component class: file [D:\IntelliJIDEA\IdeaProject\datascourcespring\excpro-data-comment\target\classes\com\zkr\excprodatacomment\mapper\CommnetEntityMapper.class]
2021-03-02 18:08:37.478 [main] DEBUG org.mybatis.spring.mapper.ClassPathMapperScanner -[scanCandidateComponents] Line:435- Identified candidate component class: file [D:\IntelliJIDEA\IdeaProject\datascourcespring\excpro-data-comment\target\classes\com\zkr\excprodatacomment\mapper\TablesAllNameMapper.class]
2021-03-02 18:08:37.479 [main] DEBUG org.mybatis.spring.mapper.ClassPathMapperScanner -[processBeanDefinitions] Line:180- Creating MapperFactoryBean with name 'commnetEntityMapper' and 'com.zkr.excprodatacomment.mapper.CommnetEntityMapper' mapperInterface
2021-03-02 18:08:37.480 [main] DEBUG org.mybatis.spring.mapper.ClassPathMapperScanner -[processBeanDefinitions] Line:216- Enabling autowire by type for MapperFactoryBean with name 'commnetEntityMapper'.
2021-03-02 18:08:37.481 [main] DEBUG org.mybatis.spring.mapper.ClassPathMapperScanner -[processBeanDefinitions] Line:180- Creating MapperFactoryBean with name 'tablesAllNameMapper' and 'com.zkr.excprodatacomment.mapper.TablesAllNameMapper' mapperInterface
2021-03-02 18:08:37.482 [main] DEBUG org.mybatis.spring.mapper.ClassPathMapperScanner -[processBeanDefinitions] Line:216- Enabling autowire by type for MapperFactoryBean with name 'tablesAllNameMapper'.
2021-03-02 18:11:02.499 [main] DEBUG org.mybatis.spring.mapper.ClassPathMapperScanner -[scanCandidateComponents] Line:435- Identified candidate component class: file [D:\IntelliJIDEA\IdeaProject\datascourcespring\excpro-data-comment\target\classes\com\zkr\excprodatacomment\mapper\CommnetEntityMapper.class]
2021-03-02 18:11:02.500 [main] DEBUG org.mybatis.spring.mapper.ClassPathMapperScanner -[scanCandidateComponents] Line:435- Identified candidate component class: file [D:\IntelliJIDEA\IdeaProject\datascourcespring\excpro-data-comment\target\classes\com\zkr\excprodatacomment\mapper\TablesAllNameMapper.class]
2021-03-02 18:11:02.501 [main] DEBUG org.mybatis.spring.mapper.ClassPathMapperScanner -[processBeanDefinitions] Line:180- Creating MapperFactoryBean with name 'commnetEntityMapper' and 'com.zkr.excprodatacomment.mapper.CommnetEntityMapper' mapperInterface
2021-03-02 18:11:02.502 [main] DEBUG org.mybatis.spring.mapper.ClassPathMapperScanner -[processBeanDefinitions] Line:216- Enabling autowire by type for MapperFactoryBean with name 'commnetEntityMapper'.
2021-03-02 18:11:02.502 [main] DEBUG org.mybatis.spring.mapper.ClassPathMapperScanner -[processBeanDefinitions] Line:180- Creating MapperFactoryBean with name 'tablesAllNameMapper' and 'com.zkr.excprodatacomment.mapper.TablesAllNameMapper' mapperInterface
2021-03-02 18:11:02.503 [main] DEBUG org.mybatis.spring.mapper.ClassPathMapperScanner -[processBeanDefinitions] Line:216- Enabling autowire by type for MapperFactoryBean with name 'tablesAllNameMapper'.
2021-03-02 18:11:33.042 [main] DEBUG org.mybatis.spring.mapper.ClassPathMapperScanner -[scanCandidateComponents] Line:435- Identified candidate component class: file [D:\IntelliJIDEA\IdeaProject\datascourcespring\excpro-data-comment\target\classes\com\zkr\excprodatacomment\mapper\CommnetEntityMapper.class]
2021-03-02 18:11:33.043 [main] DEBUG org.mybatis.spring.mapper.ClassPathMapperScanner -[scanCandidateComponents] Line:435- Identified candidate component class: file [D:\IntelliJIDEA\IdeaProject\datascourcespring\excpro-data-comment\target\classes\com\zkr\excprodatacomment\mapper\TablesAllNameMapper.class]
2021-03-02 18:11:33.044 [main] DEBUG org.mybatis.spring.mapper.ClassPathMapperScanner -[processBeanDefinitions] Line:180- Creating MapperFactoryBean with name 'commnetEntityMapper' and 'com.zkr.excprodatacomment.mapper.CommnetEntityMapper' mapperInterface
2021-03-02 18:11:33.045 [main] DEBUG org.mybatis.spring.mapper.ClassPathMapperScanner -[processBeanDefinitions] Line:216- Enabling autowire by type for MapperFactoryBean with name 'commnetEntityMapper'.
2021-03-02 18:11:33.045 [main] DEBUG org.mybatis.spring.mapper.ClassPathMapperScanner -[processBeanDefinitions] Line:180- Creating MapperFactoryBean with name 'tablesAllNameMapper' and 'com.zkr.excprodatacomment.mapper.TablesAllNameMapper' mapperInterface
2021-03-02 18:11:33.047 [main] DEBUG org.mybatis.spring.mapper.ClassPathMapperScanner -[processBeanDefinitions] Line:216- Enabling autowire by type for MapperFactoryBean with name 'tablesAllNameMapper'.
